18:43:04 **** Programming project UsartPrint on chip ****
"C:\\Ac6\\SystemWorkbench\\plugins\\fr.ac6.mcu.externaltools.openocd.win32_1.22.0.201902141520\\tools\\openocd\\bin\\openocd.exe" -f stm32.flash.2991103312915903675.cfg -s "C:\\Users\\erhan\\github\\mcu\\stm32f1_hal_sw\\UsartPrint\\UsartPrint" -s "C:\\Ac6\\SystemWorkbench\\plugins\\fr.ac6.mcu.debug_2.4.0.201902141520\\resources\\openocd\\st_scripts" -c "program Debug/UsartPrint.elf verify exit" 
Open On-Chip Debugger 0.10.0-dev-00019-g5352c55 (2019-02-14-15:45)
Licensed under GNU GPL v2
For bug reports, read
	http://openocd.org/doc/doxygen/bugs.html
srst_only separate srst_nogate srst_open_drain connect_assert_srst
Info : The selected transport took over low-level target control. The results might differ compared to plain JTAG/SWD
adapter speed: 8000 kHz
adapter_nsrst_delay: 100
Info : clock speed 8000 kHz
Info : STLINK v2.1 JTAG v32 API v2 M22 VID 0x0483 PID 0x374B
Info : using stlink api v2
Info : Target voltage: 3.280792
Info : Unable to match requested speed 8000 kHz, using 4000 kHz
Info : Stlink adapter speed set to 4000 kHz
Info : STM32F103RBTx.cpu: hardware has 6 breakpoints, 4 watchpoints
target halted due to debug-request, current mode: Thread 
xPSR: 0x01000000 pc: 0x0800094c msp: 0x20005000
** Programming Started **
auto erase enabled
Info : device id = 0x20036410
Info : flash size = 128kbytes
target halted due to breakpoint, current mode: Thread 
xPSR: 0x61000000 pc: 0x2000003a msp: 0x20005000
wrote 5120 bytes from file Debug/UsartPrint.elf in 0.323400s (15.461 KiB/s)
** Programming Finished **
** Verify Started **
target halted due to breakpoint, current mode: Thread 
xPSR: 0x61000000 pc: 0x2000002e msp: 0x20005000
verified 4296 bytes in 0.084765s (49.493 KiB/s)
** Verified OK **
shutdown command invoked

18:43:07 Build Finished (took 2s.375ms)

