2019-06-25 11:39:52,390 [INFO] Activator:176 - 


2019-06-25 11:39:52,447 [INFO] Activator:177 - !SESSION log4j initialized
2019-06-25 11:40:55,107 [INFO] ApplicationProperties:181 - Using Application install path: C:\ST\STM32CubeIDE_1.0.1\STM32CubeIDE\plugins\com.st.stm32cube.common.mx_1.0.0.201906050926
2019-06-25 11:40:55,216 [INFO] DbMcusXml:68 - Set database path to: C:\ST\STM32CubeIDE_1.0.1\STM32CubeIDE\plugins\com.st.stm32cube.common.mx_1.0.0.201906050926\\db\/mcu/
2019-06-25 11:40:55,224 [INFO] DbBoardsPdsc:54 - Set plugin database path to: C:\ST\STM32CubeIDE_1.0.1\STM32CubeIDE\plugins\com.st.stm32cube.common.mx_1.0.0.201906050926\\db\/plugins/boardmanager/
2019-06-25 11:40:55,225 [INFO] DbMcus:262 - Set plugin images path to: C:\ST\STM32CubeIDE_1.0.1\STM32CubeIDE\plugins\com.st.stm32cube.common.mx_1.0.0.201906050926\\db\/plugins/mcufinder/images/
2019-06-25 11:40:55,226 [INFO] DbBoards:225 - Set plugin images path to: C:\ST\STM32CubeIDE_1.0.1\STM32CubeIDE\plugins\com.st.stm32cube.common.mx_1.0.0.201906050926\\db\/plugins/mcufinder/images/
2019-06-25 11:40:55,247 [INFO] APIGFXSelector:72 - Set database path to: C:\ST\STM32CubeIDE_1.0.1\STM32CubeIDE\plugins\com.st.stm32cube.common.mx_1.0.0.201906050926\\db\/plugins/mcufinder/mcu/
2019-06-25 11:40:55,522 [INFO] DbMcusAds:72 - Set database path to: C:\Users\erhan\.stmcufinder\plugins\mcufinder//mcu/
2019-06-25 11:40:55,524 [INFO] DbMcusDocs:90 - Set database path to: C:\Users\erhan\.stmcufinder\plugins\mcufinder//mcu/
2019-06-25 11:40:55,527 [INFO] DbMcusJson:59 - Set database path to: C:\Users\erhan\.stmcufinder\plugins\mcufinder//mcu/
2019-06-25 11:40:55,528 [INFO] DbBoardsDocs:82 - Set database path to: C:\Users\erhan\.stmcufinder\plugins\mcufinder//mcu/
2019-06-25 11:40:55,531 [INFO] DbBoardsJson:51 - Set database path to: C:\Users\erhan\.stmcufinder\plugins\mcufinder//mcu/
2019-06-25 11:40:55,762 [INFO] CrossReferenceDbSqlite:197 - Set database path to: C:\Users\erhan\.stmcufinder\plugins\mcufinder//mcu/cs/
2019-06-25 11:40:56,227 [INFO] RulesReader:52 - Compatibility file has been processed (156 Rules)
2019-06-25 11:40:56,949 [INFO] MicroXplorer:521 - Detected Java Version = 1.8.0_202
2019-06-25 11:40:56,951 [INFO] DbMcusXml:68 - Set database path to: C:\ST\STM32CubeIDE_1.0.1\STM32CubeIDE\plugins\com.st.stm32cube.common.mx_1.0.0.201906050926\\db\/mcu/
2019-06-25 11:40:56,951 [INFO] DbBoardsPdsc:54 - Set plugin database path to: C:\ST\STM32CubeIDE_1.0.1\STM32CubeIDE\plugins\com.st.stm32cube.common.mx_1.0.0.201906050926\\db\/plugins/boardmanager/
2019-06-25 11:40:56,953 [INFO] DbMcus:262 - Set plugin images path to: C:\ST\STM32CubeIDE_1.0.1\STM32CubeIDE\plugins\com.st.stm32cube.common.mx_1.0.0.201906050926\\db\/plugins/mcufinder/images/
2019-06-25 11:40:56,953 [INFO] DbBoards:225 - Set plugin images path to: C:\ST\STM32CubeIDE_1.0.1\STM32CubeIDE\plugins\com.st.stm32cube.common.mx_1.0.0.201906050926\\db\/plugins/mcufinder/images/
2019-06-25 11:40:56,953 [INFO] APIGFXSelector:72 - Set database path to: C:\ST\STM32CubeIDE_1.0.1\STM32CubeIDE\plugins\com.st.stm32cube.common.mx_1.0.0.201906050926\\db\/plugins/mcufinder/mcu/
2019-06-25 11:40:56,954 [WARN] DbFile:31 - Overriding database path with different value: C:\Users\erhan\.stmcufinder\plugins\mcufinder/ => C:\Users\erhan\.stmcufinder\plugins\mcufinder
2019-06-25 11:40:56,954 [INFO] DbMcusAds:72 - Set database path to: C:\Users\erhan\.stmcufinder\plugins\mcufinder//mcu/
2019-06-25 11:40:56,954 [WARN] DbFile:31 - Overriding database path with different value: C:\Users\erhan\.stmcufinder\plugins\mcufinder/ => C:\Users\erhan\.stmcufinder\plugins\mcufinder
2019-06-25 11:40:56,955 [INFO] DbMcusDocs:90 - Set database path to: C:\Users\erhan\.stmcufinder\plugins\mcufinder//mcu/
2019-06-25 11:40:56,956 [WARN] DbFile:31 - Overriding database path with different value: C:\Users\erhan\.stmcufinder\plugins\mcufinder/ => C:\Users\erhan\.stmcufinder\plugins\mcufinder
2019-06-25 11:40:56,956 [INFO] DbMcusJson:59 - Set database path to: C:\Users\erhan\.stmcufinder\plugins\mcufinder//mcu/
2019-06-25 11:40:56,956 [WARN] DbFile:31 - Overriding database path with different value: C:\Users\erhan\.stmcufinder\plugins\mcufinder/ => C:\Users\erhan\.stmcufinder\plugins\mcufinder
2019-06-25 11:40:56,956 [INFO] DbBoardsDocs:82 - Set database path to: C:\Users\erhan\.stmcufinder\plugins\mcufinder//mcu/
2019-06-25 11:40:56,957 [WARN] DbFile:31 - Overriding database path with different value: C:\Users\erhan\.stmcufinder\plugins\mcufinder/ => C:\Users\erhan\.stmcufinder\plugins\mcufinder
2019-06-25 11:40:56,957 [INFO] DbBoardsJson:51 - Set database path to: C:\Users\erhan\.stmcufinder\plugins\mcufinder//mcu/
2019-06-25 11:40:56,957 [WARN] DbFile:31 - Overriding database path with different value: C:\Users\erhan\.stmcufinder\plugins\mcufinder/ => C:\Users\erhan\.stmcufinder\plugins\mcufinder
2019-06-25 11:40:56,958 [WARN] DbFile:31 - Overriding database path with different value: C:\Users\erhan\.stmcufinder\plugins\mcufinder/ => C:\Users\erhan\.stmcufinder\plugins\mcufinder
2019-06-25 11:40:56,958 [INFO] CrossReferenceDbSqlite:197 - Set database path to: C:\Users\erhan\.stmcufinder\plugins\mcufinder//mcu/cs/
2019-06-25 11:40:57,836 [INFO] MainPanel:211 - HeapMemory: 283115520
2019-06-25 11:40:58,571 [INFO] DbMcusXml:68 - Set database path to: C:\ST\STM32CubeIDE_1.0.1\STM32CubeIDE\plugins\com.st.stm32cube.common.mx_1.0.0.201906050926\\db\/mcu/
2019-06-25 11:40:58,572 [INFO] DbBoardsPdsc:54 - Set plugin database path to: C:\ST\STM32CubeIDE_1.0.1\STM32CubeIDE\plugins\com.st.stm32cube.common.mx_1.0.0.201906050926\\db\/plugins/boardmanager/
2019-06-25 11:40:58,572 [INFO] DbMcus:262 - Set plugin images path to: C:\ST\STM32CubeIDE_1.0.1\STM32CubeIDE\plugins\com.st.stm32cube.common.mx_1.0.0.201906050926\\db\/plugins/mcufinder/images/
2019-06-25 11:40:58,572 [INFO] DbBoards:225 - Set plugin images path to: C:\ST\STM32CubeIDE_1.0.1\STM32CubeIDE\plugins\com.st.stm32cube.common.mx_1.0.0.201906050926\\db\/plugins/mcufinder/images/
2019-06-25 11:40:58,573 [INFO] APIGFXSelector:72 - Set database path to: C:\ST\STM32CubeIDE_1.0.1\STM32CubeIDE\plugins\com.st.stm32cube.common.mx_1.0.0.201906050926\\db\/plugins/mcufinder/mcu/
2019-06-25 11:40:58,590 [WARN] DbFile:31 - Overriding database path with different value: C:\Users\erhan\.stmcufinder\plugins\mcufinder/ => C:\Users\erhan\.stmcufinder\plugins\mcufinder
2019-06-25 11:40:58,591 [INFO] DbMcusAds:72 - Set database path to: C:\Users\erhan\.stmcufinder\plugins\mcufinder//mcu/
2019-06-25 11:40:58,591 [WARN] DbFile:31 - Overriding database path with different value: C:\Users\erhan\.stmcufinder\plugins\mcufinder/ => C:\Users\erhan\.stmcufinder\plugins\mcufinder
2019-06-25 11:40:58,591 [INFO] DbMcusDocs:90 - Set database path to: C:\Users\erhan\.stmcufinder\plugins\mcufinder//mcu/
2019-06-25 11:40:58,592 [WARN] DbFile:31 - Overriding database path with different value: C:\Users\erhan\.stmcufinder\plugins\mcufinder/ => C:\Users\erhan\.stmcufinder\plugins\mcufinder
2019-06-25 11:40:58,592 [INFO] DbMcusJson:59 - Set database path to: C:\Users\erhan\.stmcufinder\plugins\mcufinder//mcu/
2019-06-25 11:40:58,593 [WARN] DbFile:31 - Overriding database path with different value: C:\Users\erhan\.stmcufinder\plugins\mcufinder/ => C:\Users\erhan\.stmcufinder\plugins\mcufinder
2019-06-25 11:40:58,593 [INFO] DbBoardsDocs:82 - Set database path to: C:\Users\erhan\.stmcufinder\plugins\mcufinder//mcu/
2019-06-25 11:40:58,593 [WARN] DbFile:31 - Overriding database path with different value: C:\Users\erhan\.stmcufinder\plugins\mcufinder/ => C:\Users\erhan\.stmcufinder\plugins\mcufinder
2019-06-25 11:40:58,594 [INFO] DbBoardsJson:51 - Set database path to: C:\Users\erhan\.stmcufinder\plugins\mcufinder//mcu/
2019-06-25 11:40:58,594 [WARN] DbFile:31 - Overriding database path with different value: C:\Users\erhan\.stmcufinder\plugins\mcufinder/ => C:\Users\erhan\.stmcufinder\plugins\mcufinder
2019-06-25 11:40:58,594 [WARN] DbFile:31 - Overriding database path with different value: C:\Users\erhan\.stmcufinder\plugins\mcufinder/ => C:\Users\erhan\.stmcufinder\plugins\mcufinder
2019-06-25 11:40:58,595 [INFO] CrossReferenceDbSqlite:197 - Set database path to: C:\Users\erhan\.stmcufinder\plugins\mcufinder//mcu/cs/
2019-06-25 11:40:58,930 [INFO] ApplicationProperties:181 - Using Application install path: C:\ST\STM32CubeIDE_1.0.1\STM32CubeIDE\plugins\com.st.stm32cube.common.mx_1.0.0.201906050926
2019-06-25 11:40:58,969 [INFO] PluginManage:178 - Search for loadable plugins [exclusion list=]
2019-06-25 11:40:59,001 [INFO] PluginManage:292 - Check plugin analytics
2019-06-25 11:40:59,149 [INFO] PluginManage:342 - Loaded plugin analytics (category:tool,tabindex:-1)
2019-06-25 11:40:59,150 [INFO] PluginManage:292 - Check plugin clock
2019-06-25 11:40:59,253 [INFO] PluginManage:342 - Loaded plugin clock (category:base,tabindex:2)
2019-06-25 11:40:59,254 [INFO] PluginManage:292 - Check plugin ddr
2019-06-25 11:40:59,417 [INFO] PluginManage:342 - Loaded plugin ddr (category:tool,tabindex:6)
2019-06-25 11:40:59,418 [INFO] PluginManage:292 - Check plugin filemanager
2019-06-25 11:41:00,558 [INFO] PluginManage:342 - Loaded plugin filemanager (category:base,tabindex:10)
2019-06-25 11:41:00,558 [INFO] PluginManage:292 - Check plugin ipmanager
2019-06-25 11:41:01,410 [INFO] PluginManage:342 - Loaded plugin ipmanager (category:base,tabindex:5)
2019-06-25 11:41:01,410 [INFO] PluginManage:292 - Check plugin pinoutandconfiguration
2019-06-25 11:41:02,098 [INFO] PluginManage:342 - Loaded plugin pinoutandconfiguration (category:base,tabindex:1)
2019-06-25 11:41:02,099 [INFO] PluginManage:292 - Check plugin pinoutconfig
2019-06-25 11:41:03,030 [INFO] PluginManage:342 - Loaded plugin pinoutconfig (category:base,tabindex:0)
2019-06-25 11:41:03,031 [INFO] PluginManage:292 - Check plugin power
2019-06-25 11:41:03,088 [INFO] PluginManage:342 - Loaded plugin power (category:power,tabindex:4)
2019-06-25 11:41:03,089 [INFO] PluginManage:292 - Check plugin projectmanager
2019-06-25 11:41:03,161 [INFO] PluginManage:342 - Loaded plugin projectmanager (category:projectmanager,tabindex:3)
2019-06-25 11:41:03,161 [INFO] PluginManage:292 - Check plugin thirdparty
2019-06-25 11:41:05,180 [INFO] ThirdPartyDb:293 - Open Third Party DataBase File (C:/Users/erhan/.stm32cubemx/plugins/thirdparty/db/thirdparties_db.xml) : 159 ms. number of Sw pack : 14
2019-06-25 11:41:05,200 [INFO] PluginManage:342 - Loaded plugin thirdparty (category:base,tabindex:-1)
2019-06-25 11:41:05,201 [INFO] PluginManage:292 - Check plugin tools
2019-06-25 11:41:05,266 [INFO] PluginManage:342 - Loaded plugin tools (category:base,tabindex:7)
2019-06-25 11:41:05,266 [INFO] PluginManage:292 - Check plugin updater
2019-06-25 11:41:05,369 [INFO] PluginManage:342 - Loaded plugin updater (category:base,tabindex:12)
2019-06-25 11:41:05,370 [INFO] PluginManage:265 - PluginManage : Loaded plugins [12]
2019-06-25 11:41:06,985 [INFO] PinOutPanel:1361 - setPackage(No Configuration,No Configuration)
2019-06-25 11:41:08,353 [INFO] PluginManager:200 - loadIPPluginJar : add adc
2019-06-25 11:41:08,434 [INFO] PluginManager:200 - loadIPPluginJar : add aes
2019-06-25 11:41:08,540 [INFO] PluginManager:200 - loadIPPluginJar : add can
2019-06-25 11:41:08,583 [INFO] PluginManager:200 - loadIPPluginJar : add comp
2019-06-25 11:41:08,673 [INFO] PluginManager:200 - loadIPPluginJar : add cryp
2019-06-25 11:41:08,738 [INFO] PluginManager:200 - loadIPPluginJar : add dfsdm
2019-06-25 11:41:08,972 [INFO] PluginManager:200 - loadIPPluginJar : add dma
2019-06-25 11:41:09,015 [INFO] PluginManager:200 - loadIPPluginJar : add fatfs
2019-06-25 11:41:09,191 [INFO] PluginManager:200 - loadIPPluginJar : add fmc
2019-06-25 11:41:09,933 [INFO] PluginManager:200 - loadIPPluginJar : add freertos
2019-06-25 11:41:09,979 [INFO] PluginManager:200 - loadIPPluginJar : add genericplugin
2019-06-25 11:41:10,360 [INFO] PluginManager:200 - loadIPPluginJar : add gfxmmu
2019-06-25 11:41:10,872 [INFO] PluginManager:200 - loadIPPluginJar : add gfxsimulator
2019-06-25 11:41:11,205 [INFO] PluginManager:200 - loadIPPluginJar : add gic
2019-06-25 11:41:11,504 [INFO] PluginManager:200 - loadIPPluginJar : add gpio
2019-06-25 11:41:11,585 [INFO] PluginManager:200 - loadIPPluginJar : add hash
2019-06-25 11:41:11,737 [INFO] PluginManager:200 - loadIPPluginJar : add i2c
2019-06-25 11:41:11,836 [INFO] PluginManager:200 - loadIPPluginJar : add i2s
2019-06-25 11:41:12,371 [INFO] PluginManager:200 - loadIPPluginJar : add ipddr
2019-06-25 11:41:12,440 [INFO] PluginManager:200 - loadIPPluginJar : add ltdc
2019-06-25 11:41:12,744 [INFO] PluginManager:200 - loadIPPluginJar : add mdma
2019-06-25 11:41:12,980 [INFO] PluginManager:200 - loadIPPluginJar : add nvic
2019-06-25 11:41:13,064 [INFO] PluginManager:200 - loadIPPluginJar : add opamp
2019-06-25 11:41:13,190 [INFO] PluginManager:200 - loadIPPluginJar : add pdm2pcm
2019-06-25 11:41:13,453 [INFO] PluginManager:200 - loadIPPluginJar : add plateformsettings
2019-06-25 11:41:13,496 [INFO] PluginManager:200 - loadIPPluginJar : add quadspi
2019-06-25 11:41:14,328 [INFO] PluginManager:200 - loadIPPluginJar : add resmgrutility
2019-06-25 11:41:14,493 [INFO] PluginManager:200 - loadIPPluginJar : add sai
2019-06-25 11:41:14,621 [INFO] PluginManager:200 - loadIPPluginJar : add spi
2019-06-25 11:41:14,759 [INFO] PluginManager:200 - loadIPPluginJar : add stm32_wpan
2019-06-25 11:41:14,811 [INFO] PluginManager:200 - loadIPPluginJar : add tim
2019-06-25 11:41:15,116 [INFO] PluginManager:200 - loadIPPluginJar : add touchsensing
2019-06-25 11:41:15,167 [INFO] PluginManager:200 - loadIPPluginJar : add tracer_emb
2019-06-25 11:41:15,203 [INFO] PluginManager:200 - loadIPPluginJar : add ts
2019-06-25 11:41:15,263 [INFO] PluginManager:200 - loadIPPluginJar : add tsc
2019-06-25 11:41:15,312 [INFO] PluginManager:200 - loadIPPluginJar : add ucpd
2019-06-25 11:41:15,411 [INFO] PluginManager:200 - loadIPPluginJar : add usart
2019-06-25 11:41:18,452 [FATAL] Updater:277 - Updater called before beeing initialized
2019-06-25 11:41:19,757 [FATAL] Updater:277 - Updater called before beeing initialized
2019-06-25 11:41:19,762 [INFO] PinOutPanel:1361 - setPackage(No Configuration,No Configuration)
2019-06-25 11:41:19,763 [FATAL] Updater:277 - Updater called before beeing initialized
2019-06-25 11:41:19,921 [INFO] Updater:860 - Updater Version found : 5.2.1
2019-06-25 11:41:20,016 [INFO] ApplicationProperties:181 - Using Application install path: C:\ST\STM32CubeIDE_1.0.1\STM32CubeIDE\plugins\com.st.stm32cube.common.mx_1.0.0.201906050926
2019-06-25 11:41:20,248 [FATAL] Updater:277 - Updater called before beeing initialized
2019-06-25 11:41:20,249 [ERROR] IntegrityCheckThread:227 - Cannot obtain thirdParties list 21
2019-06-25 11:41:20,249 [ERROR] IntegrityCheckThread:96 - Unexpected exception IntegrityCheckThread Thread: Updater error
2019-06-25 11:41:20,250 [ERROR] LogOutputStream:66 - [STDERR_REDIRECT] java.lang.Exception: Updater error
2019-06-25 11:41:20,252 [ERROR] LogOutputStream:66 - [STDERR_REDIRECT] 	at com.st.microxplorer.plugins.thirdparty.engine.IntegrityCheckThread.getUpdaterThirdPartyList(IntegrityCheckThread.java:239)
2019-06-25 11:41:20,256 [ERROR] LogOutputStream:66 - [STDERR_REDIRECT] 	at com.st.microxplorer.plugins.thirdparty.engine.IntegrityCheckThread.run(IntegrityCheckThread.java:61)
2019-06-25 11:41:20,257 [INFO] ThirdPartyDb:263 - Close Third Party DataBase File (C:/Users/erhan/.stm32cubemx/plugins/thirdparty/db/thirdparties_db.xml)
2019-06-25 11:41:23,742 [INFO] MainUpdater:2032 - connection check result : 10
2019-06-25 11:41:23,765 [INFO] MainUpdater:223 - Updater Check For Update Now.
2019-06-25 11:41:23,765 [INFO] MicroXplorer:401 - Change Database Version : DB.5.0.21
2019-06-25 11:41:23,935 [INFO] CheckServerUpdateThread:121 - End of CheckServer Thread
2019-06-25 11:41:24,002 [INFO] MainUpdater:2032 - connection check result : 10
2019-06-25 11:41:24,003 [INFO] LogOutputStream:68 - [STDOUT_REDIRECT] Successfull proxy connection.
2019-06-25 11:41:24,831 [INFO] McuFinderGlobals:40 - Set McuFinder mode to 2 (CubeIDE integrated)
2019-06-25 11:41:24,887 [INFO] FinderPluginLoader:85 - Searching for filters in installed packs
2019-06-25 11:41:24,916 [INFO] DbMcusXml:106 - Load MCU database from C:\ST\STM32CubeIDE_1.0.1\STM32CubeIDE\plugins\com.st.stm32cube.common.mx_1.0.0.201906050926\\db\/mcu/families.xml
2019-06-25 11:41:27,166 [INFO] DbMcusJson:87 - JSON generation date=Tue May 21 21:47:07 EET 2019 (1558464427)
2019-06-25 11:41:31,240 [INFO] DbMcus:192 - Found 1486 MCUs (1445 are supported by CubeMX, 1445 are visible in CubeMX)
2019-06-25 11:41:31,253 [INFO] ApiDb:158 - Load user favorites file C:\Users\erhan/.stm32cubeide/favorites.mcus.txt: 0 item(s)
2019-06-25 11:41:31,254 [INFO] ApiDb:163 - User favorites MCUs=[]
2019-06-25 11:41:31,254 [INFO] DbMcus:203 - Set 0 / 0 favorites MCUs
2019-06-25 11:41:33,249 [INFO] DbMcusAds:130 - JSON generation date=Wed Feb 20 19:46:15 EET 2019 (1550681175)
2019-06-25 11:41:33,252 [INFO] LoadUrlFilesThread:147 - End of LoadServerUrlFiles without Thread
2019-06-25 11:41:33,426 [INFO] McuDetailPanel:180 - Set advertising image to C:/Users/erhan/STM32Cube/Repository/\PRSTM32MP10219-01-med.jpg
2019-06-25 11:41:36,031 [INFO] McuFilterPanel:282 - Update 0 favorites MCUs
2019-06-25 11:41:37,134 [INFO] DbBoardsPdsc:92 - Found 18 items
2019-06-25 11:41:37,184 [INFO] DbBoardsPdsc:92 - Found 9 items
2019-06-25 11:41:37,265 [INFO] DbBoardsPdsc:92 - Found 27 items
2019-06-25 11:41:37,299 [INFO] DbBoardsPdsc:92 - Found 1 items
2019-06-25 11:41:37,381 [INFO] DbBoardsPdsc:92 - Found 35 items
2019-06-25 11:41:37,483 [INFO] DbBoardsPdsc:92 - Found 37 items
2019-06-25 11:41:37,646 [INFO] DbBoardsJson:79 - JSON generation date=Wed Feb 20 16:21:00 EET 2019 (1550668860)
2019-06-25 11:41:37,656 [INFO] DbBoards:120 - Found 127 boards (126 are supported by CubeMX)
2019-06-25 11:41:38,346 [INFO] DbBoardsDocs:119 - JSON generation date=Tue May 21 21:47:07 EET 2019 (1558464427)
2019-06-25 11:41:38,394 [INFO] DbBoardsDocs:55 - Found 141 boards documents
2019-06-25 11:41:38,396 [WARN] DbBoards:130 - board NUCLEO-H743ZI2 has no document id list !
2019-06-25 11:41:38,397 [WARN] DbBoards:130 - board NUCLEO-H753ZI has no document id list !
2019-06-25 11:41:38,397 [WARN] DbBoards:130 - board NUCLEO-H745ZI-Q has no document id list !
2019-06-25 11:41:38,397 [WARN] DbBoards:130 - board NUCLEO-H755ZI-Q has no document id list !
2019-06-25 11:41:38,397 [WARN] DbBoards:130 - board NUCLEO-G431KB has no document id list !
2019-06-25 11:41:38,398 [WARN] DbBoards:130 - board NUCLEO-G031K8 has no document id list !
2019-06-25 11:41:38,399 [WARN] DbBoards:130 - board P-NUCLEO-WB55-Nucleo has no document id list !
2019-06-25 11:41:38,400 [WARN] DbBoards:130 - board P-NUCLEO-WB55-USBDongle has no document id list !
2019-06-25 11:41:38,400 [WARN] DbBoards:130 - board NUCLEO-G431RB has no document id list !
2019-06-25 11:41:38,400 [WARN] DbBoards:130 - board NUCLEO-G474RE has no document id list !
2019-06-25 11:41:38,400 [WARN] DbBoards:130 - board P-NUCLEO-WB55 has no document id list !
2019-06-25 11:41:38,400 [WARN] DbBoards:130 - board STM32F401C-DISCO has no document id list !
2019-06-25 11:41:38,401 [WARN] DbBoards:130 - board STM32F769I-DISC1 has no document id list !
2019-06-25 11:41:38,401 [WARN] DbBoards:130 - board STM32F7308-DISCO has no document id list !
2019-06-25 11:41:38,401 [WARN] DbBoards:130 - board STM32L-DISCOVERY has no document id list !
2019-06-25 11:41:38,402 [WARN] DbBoards:130 - board STM32G071B-DISCO has no document id list !
2019-06-25 11:41:38,402 [WARN] DbBoards:130 - board STM32G0316-DISCO has no document id list !
2019-06-25 11:41:38,402 [WARN] DbBoards:130 - board STM32H747I-DISCO has no document id list !
2019-06-25 11:41:38,402 [WARN] DbBoards:130 - board STM32H747I-DISC1 has no document id list !
2019-06-25 11:41:38,402 [WARN] DbBoards:130 - board STM32H745I-DISCO has no document id list !
2019-06-25 11:41:38,403 [WARN] DbBoards:130 - board STM32H750B-DK has no document id list !
2019-06-25 11:41:38,403 [WARN] DbBoards:130 - board STM32H743I-EVAL2 has no document id list !
2019-06-25 11:41:38,403 [WARN] DbBoards:130 - board STM32H753I-EVAL2 has no document id list !
2019-06-25 11:41:38,404 [WARN] DbBoards:130 - board STM32H747I-EVAL has no document id list !
2019-06-25 11:41:38,404 [WARN] DbBoards:130 - board STM32H757I-EVAL has no document id list !
2019-06-25 11:41:38,404 [WARN] DbBoards:130 - board STM32G474E-EVAL has no document id list !
2019-06-25 11:41:38,404 [WARN] DbBoards:130 - board STM32G474E-EVAL1 has no document id list !
2019-06-25 11:41:38,404 [WARN] DbBoards:130 - board STM32G484E-EVAL has no document id list !
2019-06-25 11:41:42,564 [INFO] ApiDb:158 - Load user favorites file C:\Users\erhan/.stm32cubeide/favorites.boards.txt: 0 item(s)
2019-06-25 11:41:42,564 [INFO] ApiDb:163 - User favorites Boards=[]
2019-06-25 11:41:42,564 [INFO] DbBoards:202 - Set 0 / 0 favorites Boards
2019-06-25 11:41:42,753 [INFO] LoadUrlFilesThread:147 - End of LoadServerUrlFiles without Thread
2019-06-25 11:41:42,754 [INFO] BoardDetailPanel:179 - Set advertising image to C:/Users/erhan/STM32Cube/Repository/\PRSTM32MP10219-01-med.jpg
2019-06-25 11:41:42,821 [INFO] BoardFilterPanel:212 - Update 0 favorites Boards
2019-06-25 11:41:46,356 [INFO] CrossSelectorPresenter:1239 - Cross Selector saved comparison directory: C:\Users\erhan\.stmcufinder\plugins\mcufinder\mcu\cs_comparisons_mx
2019-06-25 11:42:19,920 [INFO] LogOutputStream:68 - [STDOUT_REDIRECT] withoutVersionV1.15.0
2019-06-25 11:42:26,060 [INFO] LogOutputStream:68 - [STDOUT_REDIRECT] File copied successfully!!
2019-06-25 11:42:28,745 [INFO] MainUpdater:2032 - connection check result : 10
2019-06-25 11:42:28,746 [INFO] LogOutputStream:68 - [STDOUT_REDIRECT] Successfull proxy connection.
2019-06-25 11:42:28,901 [INFO] MicroXplorer:371 - Change Database Path : 
2019-06-25 11:42:28,901 [INFO] MicroXplorer:401 - Change Database Version : DB.5.0.21
2019-06-25 11:42:28,904 [INFO] PinOutPanel:1361 - setPackage(No Configuration,No Configuration)
2019-06-25 11:42:28,905 [INFO] UtilMem:74 - Begin LoadConfig() Used Memory: 207760008 Bytes (292552704)
2019-06-25 11:42:28,907 [INFO] OpenFileManager:269 - Change cursor
2019-06-25 11:42:52,555 [INFO] Rule:205 - rule SPDIFRX instance for mcu is applicable
2019-06-25 11:42:52,555 [INFO] Rule:205 - rule Rename Tracer Mode is applicable
2019-06-25 11:42:52,555 [INFO] Rule:205 - rule SPDIFRX instance value for IP SPDIFRX is applicable
2019-06-25 11:42:52,556 [INFO] Rule:205 - rule SPDIFRX instance for signal is applicable
2019-06-25 11:42:52,556 [INFO] Rule:205 - rule SPDIFRX instance for project manager is applicable
2019-06-25 11:42:52,556 [INFO] Rule:205 - rule SPDIFRX instance for project manager is applicable
2019-06-25 11:42:52,557 [INFO] Rule:205 - rule Rename DIE462/DIE415 pin PC14/OSC32_IN -> PC14-OSC32_IN (PC14) is applicable
2019-06-25 11:42:52,557 [INFO] Rule:205 - rule Rename DIE462/DIE415 pin PC15/OSC32_OUT -> PC15-OSC32_OUT (PC15) is applicable
2019-06-25 11:42:52,557 [INFO] Rule:205 - rule Rename DIE462/DIE415 pin PH0/OSC_IN -> PH0-OSC_IN (PH0) is applicable
2019-06-25 11:42:52,557 [INFO] Rule:205 - rule Rename DIE462/DIE415 pin PH1/OSC_OUT -> PH1-OSC_OUT (PH1) is applicable
2019-06-25 11:42:52,557 [INFO] Rule:205 - rule Rename DIE462 pin PA13 -> PA13 (JTMS/SWDIO) is applicable
2019-06-25 11:42:52,558 [INFO] Rule:205 - rule Rename DIE415 pin PA13 -> PA13 (JTMS/SWDIO) is applicable
2019-06-25 11:42:52,558 [INFO] Rule:205 - rule Rename DIE462 pin PA14 -> PA14 (JTCK/SWCLK) is applicable
2019-06-25 11:42:52,558 [INFO] Rule:205 - rule Rename DIE415 pin PA14 -> PA14 (JTCK/SWCLK) is applicable
2019-06-25 11:42:52,560 [INFO] Rule:205 - rule Rename DIE462/DIE415 pin PA15 -> PA15 (JTDI) is applicable
2019-06-25 11:42:52,560 [INFO] Rule:205 - rule Rename DIE462 pin PB3 -> PB3 (JTD0/TRACESWO) is applicable
2019-06-25 11:42:52,561 [INFO] Rule:205 - rule Rename DIE415 pin PB3 -> PB3 (JTD0-TRACESWO) is applicable
2019-06-25 11:42:52,561 [INFO] Rule:205 - rule Rename DIE462/DIE415 pin PB4 -> PB4 (NJTRST) is applicable
2019-06-25 11:42:52,561 [INFO] Rule:205 - rule Rename DIE462 pin PH3/BOOT0 -> PH3-BOOT0 (BOOT0) is applicable
2019-06-25 11:42:52,561 [INFO] Rule:205 - rule Rename CRYP DataEncryptionTypesList to Algorithm is applicable
2019-06-25 11:42:52,561 [INFO] Rule:205 - rule Rename AES DataEncryptionTypesList to Algorithm is applicable
2019-06-25 11:42:52,561 [INFO] Rule:205 - rule Rename TDESECB to CRYP_TDES_ECB is applicable
2019-06-25 11:42:52,562 [INFO] Rule:205 - rule Rename TDESCBC to CRYP_TDES_CBC is applicable
2019-06-25 11:42:52,562 [INFO] Rule:205 - rule Rename DESECB to CRYP_DES_ECB is applicable
2019-06-25 11:42:52,562 [INFO] Rule:205 - rule Rename DESCBC to CRYP_DES_CBC is applicable
2019-06-25 11:42:52,562 [INFO] Rule:205 - rule Rename AESECB to CRYP_AES_ECB is applicable
2019-06-25 11:42:52,562 [INFO] Rule:205 - rule Rename AESCBC to CRYP_AES_CBC is applicable
2019-06-25 11:42:52,562 [INFO] Rule:205 - rule Rename AESCTR to CRYP_AES_CTR is applicable
2019-06-25 11:42:52,563 [INFO] Rule:205 - rule Rename AESGCM to CRYP_AES_GCM is applicable
2019-06-25 11:42:52,563 [INFO] Rule:205 - rule Rename AESCCM to CRYP_AES_CCM is applicable
2019-06-25 11:42:52,563 [INFO] Rule:205 - rule Rename CAN TimeSeg1 to BS1 is applicable
2019-06-25 11:42:52,563 [INFO] Rule:205 - rule Rename CAN TimeSeg2 to BS2 is applicable
2019-06-25 11:42:52,563 [INFO] Rule:205 - rule Rename CAN SyncJumpWidth to SJW is applicable
2019-06-25 11:42:52,563 [INFO] Rule:205 - rule TimeTriggeredMode to TTCM is applicable
2019-06-25 11:42:52,564 [INFO] Rule:205 - rule Rename CAN AutoBusOff to ABOM is applicable
2019-06-25 11:42:52,564 [INFO] Rule:205 - rule Rename CAN AutoWakeUp to AWUM is applicable
2019-06-25 11:42:52,564 [INFO] Rule:205 - rule Rename CAN AutoRetransmission to NART is applicable
2019-06-25 11:42:52,564 [INFO] Rule:205 - rule Rename CAN ReceiveFifoLocked to RFLM is applicable
2019-06-25 11:42:52,564 [INFO] Rule:205 - rule Rename CAN TransmitFifoPriority to TXFP is applicable
2019-06-25 11:42:52,564 [INFO] Rule:205 - rule Rename HRTIMER HRTIM_OUTPUTFAULTLEVEL_HIGH in HRTIMER HRTIM_OUTPUTFAULTLEVEL_HIGHZ is applicable
2019-06-25 11:42:52,565 [INFO] Rule:205 - rule Rename TIMER TIM_CLEARINPUTSOURCE_OCREFCLR in  TIMER TIM_CLEARINPUTSOURCE_NONE for F7 family is applicable
2019-06-25 11:42:52,565 [INFO] Rule:205 - rule FDCAN_R1 - Rename FDCAN mode Master into Classic is applicable
2019-06-25 11:42:52,565 [INFO] Rule:205 - rule FDCAN_R2 - Rename FDCAN mode Slave into Classic is applicable
2019-06-25 11:42:52,565 [INFO] Rule:205 - rule FDCAN1_R3 - if PA10.Mode=FullDuplex, add Pin PA12 is applicable
2019-06-25 11:42:52,565 [INFO] Rule:205 - rule FDCAN1_R3 - if PA9.Mode=FullDuplex, add Pin PA11 is applicable
2019-06-25 11:42:52,565 [INFO] Rule:205 - rule FDCAN1_R3 - Alternatepin_1 - if PE1.Mode=FullDuplex, add Pin PB9 is applicable
2019-06-25 11:42:52,565 [INFO] Rule:205 - rule FDCAN1_R3 - Alternatepin_1 - if PE0.Mode=FullDuplex, add Pin PB8 is applicable
2019-06-25 11:42:52,566 [INFO] Rule:205 - rule FDCAN1_R3 - Alternatepin_2 - if PD5.Mode=FullDuplex, add Pin PD1 is applicable
2019-06-25 11:42:52,566 [INFO] Rule:205 - rule FDCAN1_R3 - Alternatepin_2 - if PD4.Mode=FullDuplex, add Pin PD0 is applicable
2019-06-25 11:42:52,566 [INFO] Rule:205 - rule FDCAN1_R4 - Rename Mode FullDuplex into Enable FDCAN_TXFD for pin PA10 is applicable
2019-06-25 11:42:52,566 [INFO] Rule:205 - rule FDCAN1_R4 - Rename Mode FullDuplex into Enable FDCAN_TXFD for pin PA9 is applicable
2019-06-25 11:42:52,566 [INFO] Rule:205 - rule FDCAN1_R4 - Alternatepin_1 - Rename Mode FullDuplex into Enable FDCAN_TXFD for pin PE1 is applicable
2019-06-25 11:42:52,566 [INFO] Rule:205 - rule FDCAN1_R4 - Alternatepin_1 - Rename Mode FullDuplex into Enable FDCAN_TXFD for pin PE0 is applicable
2019-06-25 11:42:52,567 [INFO] Rule:205 - rule FDCAN1_R4 - Alternatepin_2 - Rename Mode FullDuplex into Enable FDCAN_TXFD for pin PD5 is applicable
2019-06-25 11:42:52,567 [INFO] Rule:205 - rule FDCAN1_R4 - Alternatepin_2 - Rename Mode FullDuplex into Enable FDCAN_TXFD for pin PD4 is applicable
2019-06-25 11:42:52,567 [INFO] Rule:205 - rule FDCAN2_R3 - if PD10.Mode=FullDuplex, add Pin PB13 is applicable
2019-06-25 11:42:52,567 [INFO] Rule:205 - rule FDCAN2_R3 - if PD9.Mode=FullDuplex, add Pin PB12 is applicable
2019-06-25 11:42:52,567 [INFO] Rule:205 - rule FDCAN2_R3 - Alternatepin_1 - if PB7.Mode=FullDuplex, add Pin PB6 is applicable
2019-06-25 11:42:52,567 [INFO] Rule:205 - rule FDCAN2_R3 - Alternatepin_1 - if PD9.Mode=FullDuplex, add Pin PB12 is applicable
2019-06-25 11:42:52,568 [INFO] Rule:205 - rule FDCAN2_R4 - Rename Mode FullDuplex into Enable FDCAN_TXFD for pin PD10 is applicable
2019-06-25 11:42:52,568 [INFO] Rule:205 - rule FDCAN2_R4 - Rename Mode FullDuplex into Enable FDCAN_TXFD for pin PD9 is applicable
2019-06-25 11:42:52,568 [INFO] Rule:205 - rule FDCAN2_R4 - Alternatepin_1 - Rename Mode FullDuplex into Enable FDCAN_TXFD for pin PB7 is applicable
2019-06-25 11:42:52,568 [INFO] Rule:205 - rule FDCAN2_R4 - Alternatepin_1 - Rename Mode FullDuplex into Enable FDCAN_TXFD for pin PD6 is applicable
2019-06-25 11:42:52,568 [INFO] Rule:205 - rule USART TxPinLevelInvertParam Mode is applicable
2019-06-25 11:42:52,568 [INFO] Rule:205 - rule USART RxPinLevelInvertParam Mode is applicable
2019-06-25 11:42:52,569 [INFO] Rule:205 - rule USART DataInvertParam Mode is applicable
2019-06-25 11:42:52,570 [INFO] Rule:205 - rule USART SwapParam Mode is applicable
2019-06-25 11:42:52,570 [INFO] Rule:205 - rule USART OverrunDisableParam Mode is applicable
2019-06-25 11:42:52,570 [INFO] Rule:205 - rule USART DMADisableonRxErrorParam Mode is applicable
2019-06-25 11:42:52,570 [INFO] Rule:205 - rule USART MSBFirstParam Mode is applicable
2019-06-25 11:42:52,570 [INFO] Rule:205 - rule Update MwName for USB_DEVICE is applicable
2019-06-25 11:42:52,570 [INFO] Rule:205 - rule Change PWR_Regulator_Voltage_Scale Default Value for RCC  H7 family is applicable
2019-06-25 11:42:52,571 [INFO] Rule:205 - rule UART/USART IPParameter rename Prescaler parameter to ClockPrescaler is applicable
2019-06-25 11:42:52,571 [INFO] Rule:205 - rule UART/USART Prescaler rename Prescaler parameter to ClockPrescaler is applicable
2019-06-25 11:42:52,571 [INFO] Rule:205 - rule TIM1CLockSelection is applicable
2019-06-25 11:42:52,571 [INFO] Rule:205 - rule TIM15CLockSelection is applicable
2019-06-25 11:42:52,679 [INFO] DbConfProperties:222 - Apply Compatibility (28/76 Rules)
2019-06-25 11:42:53,052 [INFO] ImportTextPane:162 - (OptionalMessage_ERROR) Unable to find key (Mcu.ThirdPartyNb) in loaded IOC file
2019-06-25 11:42:53,544 [INFO] ImportTextPane:162 - (OptionalMessage_ERROR) IP (RCC) : Invalid parameter (48MHZClocksFreq_Value)
2019-06-25 11:42:53,545 [INFO] ImportTextPane:162 - (OptionalMessage_ERROR) IP (RCC) : Invalid parameter (ADC12outputFreq_Value)
2019-06-25 11:42:53,545 [INFO] ImportTextPane:162 - (OptionalMessage_ERROR) IP (RCC) : Invalid parameter (ADC34outputFreq_Value)
2019-06-25 11:42:53,546 [INFO] ImportTextPane:162 - (OptionalMessage_ERROR) IP (RCC) : Invalid parameter (FamilyName)
2019-06-25 11:42:53,547 [INFO] ImportTextPane:162 - (OptionalMessage_ERROR) IP (RCC) : Invalid parameter (I2SClocksFreq_Value)
2019-06-25 11:42:53,553 [INFO] ImportTextPane:162 - (OptionalMessage_ERROR) IP (RCC) : Invalid parameter (LCDTFToutputFreq_Value)
2019-06-25 11:42:53,553 [INFO] ImportTextPane:162 - (OptionalMessage_ERROR) IP (RCC) : Invalid parameter (MCOFreq_Value)
2019-06-25 11:42:53,555 [INFO] ImportTextPane:162 - (OptionalMessage_ERROR) IP (RCC) : Invalid parameter (PLLMCOFreq_Value)
2019-06-25 11:42:53,555 [INFO] ImportTextPane:162 - (OptionalMessage_ERROR) IP (RCC) : Invalid parameter (PLLMUL)
2019-06-25 11:42:53,556 [INFO] ImportTextPane:162 - (OptionalMessage_ERROR) IP (RCC) : Invalid parameter (PRESCALERUSB)
2019-06-25 11:42:53,557 [INFO] ImportTextPane:162 - (OptionalMessage_ERROR) IP (RCC) : Invalid parameter (RTCHSEDivFreq_Value)
2019-06-25 11:42:53,557 [INFO] ImportTextPane:162 - (OptionalMessage_ERROR) IP (RCC) : Parameter (SDMMC2Freq_Value) has invalid value (96000000)
2019-06-25 11:42:53,557 [INFO] ImportTextPane:162 - (OptionalMessage_ERROR) IP (RCC) : Parameter (SDMMCFreq_Value) has invalid value (96000000)
2019-06-25 11:42:53,558 [INFO] ImportTextPane:162 - (OptionalMessage_ERROR) IP (RCC) : Invalid parameter (SYSCLKSourceVirtual)
2019-06-25 11:42:53,558 [INFO] ImportTextPane:162 - (OptionalMessage_ERROR) IP (RCC) : Invalid parameter (TIM15Freq_Value)
2019-06-25 11:42:53,558 [INFO] ImportTextPane:162 - (OptionalMessage_ERROR) IP (RCC) : Invalid parameter (TIM16Freq_Value)
2019-06-25 11:42:53,558 [INFO] ImportTextPane:162 - (OptionalMessage_ERROR) IP (RCC) : Invalid parameter (TIM17Freq_Value)
2019-06-25 11:42:53,558 [INFO] ImportTextPane:162 - (OptionalMessage_ERROR) IP (RCC) : Invalid parameter (TIM1Freq_Value)
2019-06-25 11:42:53,558 [INFO] ImportTextPane:162 - (OptionalMessage_ERROR) IP (RCC) : Invalid parameter (TIM20Freq_Value)
2019-06-25 11:42:53,559 [INFO] ImportTextPane:162 - (OptionalMessage_ERROR) IP (RCC) : Invalid parameter (TIM2Freq_Value)
2019-06-25 11:42:53,559 [INFO] ImportTextPane:162 - (OptionalMessage_ERROR) IP (RCC) : Invalid parameter (TIM3Freq_Value)
2019-06-25 11:42:53,560 [INFO] ImportTextPane:162 - (OptionalMessage_ERROR) IP (RCC) : Invalid parameter (TIM8Freq_Value)
2019-06-25 11:42:53,660 [INFO] ImportTextPane:162 - (OptionalMessage_ERROR) IP (RCC) : Invalid parameter (VCOOutput2Freq_Value)
2019-06-25 11:42:53,660 [INFO] ImportTextPane:162 - (OptionalMessage_ERROR) IP (RCC) : Invalid parameter (VcooutputI2S)
2019-06-25 11:42:59,241 [INFO] UtilMem:74 - End LoadConfig() Used Memory: 210809232 Bytes (292552704)
2019-06-25 11:43:00,185 [INFO] ThirdPartyDb:293 - Open Third Party DataBase File (C:/Users/erhan/.stm32cubemx/plugins/thirdparty/db/thirdparties_db.xml) : 11 ms. number of Sw pack : 14
2019-06-25 11:43:01,503 [INFO] ThirdParty:1207 - CMSIS Pack Vendor :STMicroelectronics X-CUBE-BLE1 1.1.0
2019-06-25 11:43:01,504 [INFO] ThirdParty:1207 - CMSIS Pack Vendor :STMicroelectronics X-CUBE-MEMS1 5.1.0
2019-06-25 11:43:01,504 [INFO] ThirdParty:1207 - CMSIS Pack Vendor :STMicroelectronics X-CUBE-MEMS1 5.2.1
2019-06-25 11:43:01,504 [INFO] ThirdParty:1207 - CMSIS Pack Vendor :STMicroelectronics X-CUBE-BLE1 4.2.0
2019-06-25 11:43:01,504 [INFO] ThirdParty:1207 - CMSIS Pack Vendor :STMicroelectronics X-CUBE-AI 3.3.0
2019-06-25 11:43:01,504 [INFO] ThirdParty:1207 - CMSIS Pack Vendor :STMicroelectronics X-CUBE-BLE1 4.3.0
2019-06-25 11:43:01,504 [INFO] ThirdParty:1207 - CMSIS Pack Vendor :STMicroelectronics X-CUBE-MEMS1 6.0.1
2019-06-25 11:43:01,505 [INFO] ThirdParty:1207 - CMSIS Pack Vendor :STMicroelectronics X-CUBE-NFC4 1.3.0
2019-06-25 11:43:01,505 [INFO] ThirdParty:1207 - CMSIS Pack Vendor :STMicroelectronics X-CUBE-AI 3.4.0
2019-06-25 11:43:01,505 [INFO] ThirdParty:1207 - CMSIS Pack Vendor :STMicroelectronics X-CUBE-BLE1 4.4.0
2019-06-25 11:43:01,505 [INFO] ThirdParty:1207 - CMSIS Pack Vendor :STMicroelectronics X-CUBE-MEMS1 6.1.0
2019-06-25 11:43:01,505 [INFO] ThirdParty:1207 - CMSIS Pack Vendor :STMicroelectronics X-CUBE-NFC4 1.4.0
2019-06-25 11:43:01,505 [INFO] ThirdParty:1207 - CMSIS Pack Vendor :STMicroelectronics X-CUBE-GNSS1 3.0.0
2019-06-25 11:43:01,506 [INFO] ThirdParty:1207 - CMSIS Pack Vendor :STMicroelectronics X-CUBE-MEMS1 6.2.0
2019-06-25 11:43:03,040 [INFO] PinOutPanel:1361 - setPackage(No Configuration,No Configuration)
2019-06-25 11:43:03,043 [INFO] PinOutPanel:1361 - setPackage(STM32F767ZITx,LQFP144)
2019-06-25 11:43:05,715 [INFO] UtilMem:74 - Before build in PCC Used Memory: 248376328 Bytes (292552704)
2019-06-25 11:43:07,487 [INFO] SharedServices:71 - Folder for power plug-in: C:/Users/erhan/.stm32cubemx/plugins/power
2019-06-25 11:43:07,503 [INFO] UtilMem:74 - After build in PCC Used Memory: 220717600 Bytes (292552704)
2019-06-25 11:43:07,706 [INFO] LogOutputStream:68 - [STDOUT_REDIRECT] toolchainItems.length=====1
2019-06-25 11:43:07,959 [INFO] OpenFileManager:289 - Restore cursor
2019-06-25 11:43:12,751 [INFO] UtilMem:74 - End SaveConfig() Used Memory: 243351200 Bytes (292552704)
2019-06-25 11:43:12,983 [INFO] UtilMem:74 - End SaveConfig() Used Memory: 249115608 Bytes (292552704)
2019-06-25 11:43:16,567 [INFO] BlockDiagram:1879 - set Specific Code input for plugin: SYS
2019-06-25 11:43:16,567 [INFO] BlockDiagram:1879 - set Specific Code input for plugin: RCC
2019-06-25 11:43:16,568 [INFO] BlockDiagram:1879 - set Specific Code input for plugin: USB_OTG_FS
2019-06-25 11:43:16,568 [INFO] BlockDiagram:1879 - set Specific Code input for plugin: NVIC
2019-06-25 11:43:16,568 [INFO] BlockDiagram:1879 - set Specific Code input for plugin: USART
2019-06-25 11:43:16,568 [INFO] BlockDiagram:1879 - set Specific Code input for plugin: CORTEX_M7
2019-06-25 11:43:16,568 [INFO] BlockDiagram:1879 - set Specific Code input for plugin: ETH
2019-06-25 11:43:16,736 [INFO] CodeGenerator:572 - code generatio: config db path: C:\ST\STM32CubeIDE_1.0.1\STM32CubeIDE\plugins\com.st.stm32cube.common.mx_1.0.0.201906050926\\db\
2019-06-25 11:43:18,370 [INFO] CodeEngine:190 - oldGeneratedFile, C:\Users\erhan\github\mcu\stm32f7_hal\9BitUartCommunication\9BitUartCommunication_\MXTmpFiles\license.tmp_save
2019-06-25 11:43:20,187 [INFO] CodeEngine:208 - Generated code: C:\Users\erhan\github\mcu\stm32f7_hal\9BitUartCommunication\9BitUartCommunication_\MXTmpFiles\license.tmp
2019-06-25 11:43:21,553 [INFO] CodeEngine:190 - oldGeneratedFile, C:\Users\erhan\github\mcu\stm32f7_hal\9BitUartCommunication\9BitUartCommunication_\MXTmpFiles\gpio.tmp_save
2019-06-25 11:43:23,689 [INFO] CodeEngine:208 - Generated code: C:\Users\erhan\github\mcu\stm32f7_hal\9BitUartCommunication\9BitUartCommunication_\MXTmpFiles\gpio.tmp
2019-06-25 11:43:28,327 [INFO] LogOutputStream:68 - [STDOUT_REDIRECT] Command line
2019-06-25 11:43:28,329 [INFO] LogOutputStream:68 - [STDOUT_REDIRECT] Debug : prepare data for CORTEX_M7
2019-06-25 11:43:28,331 [INFO] LogOutputStream:68 - [STDOUT_REDIRECT] Command line test
2019-06-25 11:43:28,403 [INFO] CodeEngine:190 - oldGeneratedFile, C:\Users\erhan\github\mcu\stm32f7_hal\9BitUartCommunication\9BitUartCommunication_\MXTmpFiles\cortex.tmp_save
2019-06-25 11:43:29,380 [INFO] CodeEngine:208 - Generated code: C:\Users\erhan\github\mcu\stm32f7_hal\9BitUartCommunication\9BitUartCommunication_\MXTmpFiles\cortex.tmp
2019-06-25 11:43:29,388 [INFO] LogOutputStream:68 - [STDOUT_REDIRECT] Command line
2019-06-25 11:43:29,392 [INFO] LogOutputStream:68 - [STDOUT_REDIRECT] Debug : prepare data for ETH
2019-06-25 11:43:29,394 [INFO] LogOutputStream:68 - [STDOUT_REDIRECT] Command line test
2019-06-25 11:43:29,395 [INFO] LogOutputStream:68 - [STDOUT_REDIRECT] Command line
2019-06-25 11:43:29,397 [INFO] LogOutputStream:68 - [STDOUT_REDIRECT] Debug : prepare data for SYS
2019-06-25 11:43:29,398 [INFO] LogOutputStream:68 - [STDOUT_REDIRECT] Command line test
2019-06-25 11:43:29,400 [INFO] LogOutputStream:68 - [STDOUT_REDIRECT] Command line
2019-06-25 11:43:29,403 [INFO] LogOutputStream:68 - [STDOUT_REDIRECT] Debug : prepare data for USART
2019-06-25 11:43:29,404 [INFO] LogOutputStream:68 - [STDOUT_REDIRECT] Command line test
2019-06-25 11:43:29,406 [INFO] LogOutputStream:68 - [STDOUT_REDIRECT] Command line
2019-06-25 11:43:29,408 [INFO] LogOutputStream:68 - [STDOUT_REDIRECT] Debug : prepare data for USB_OTG
2019-06-25 11:43:29,409 [INFO] LogOutputStream:68 - [STDOUT_REDIRECT] Command line test
2019-06-25 11:43:29,413 [INFO] LogOutputStream:68 - [STDOUT_REDIRECT] Debug : prepare data for NVIC
2019-06-25 11:43:29,414 [INFO] LogOutputStream:68 - [STDOUT_REDIRECT] Command line test
2019-06-25 11:43:29,522 [INFO] CodeEngine:190 - oldGeneratedFile, C:\Users\erhan\github\mcu\stm32f7_hal\9BitUartCommunication\9BitUartCommunication_\Src\stm32f7xx_it.c_save
2019-06-25 11:43:29,886 [INFO] CodeEngine:208 - Generated code: C:\Users\erhan\github\mcu\stm32f7_hal\9BitUartCommunication\9BitUartCommunication_\Src\stm32f7xx_it.c
2019-06-25 11:43:29,949 [INFO] CodeEngine:190 - oldGeneratedFile, C:\Users\erhan\github\mcu\stm32f7_hal\9BitUartCommunication\9BitUartCommunication_\Inc\stm32f7xx_it.h_save
2019-06-25 11:43:30,085 [INFO] CodeEngine:208 - Generated code: C:\Users\erhan\github\mcu\stm32f7_hal\9BitUartCommunication\9BitUartCommunication_\Inc\stm32f7xx_it.h
2019-06-25 11:43:30,216 [INFO] CodeEngine:190 - oldGeneratedFile, C:\Users\erhan\github\mcu\stm32f7_hal\9BitUartCommunication\9BitUartCommunication_\Src\stm32f7xx_hal_msp.c_save
2019-06-25 11:43:30,682 [INFO] CodeEngine:208 - Generated code: C:\Users\erhan\github\mcu\stm32f7_hal\9BitUartCommunication\9BitUartCommunication_\Src\stm32f7xx_hal_msp.c
2019-06-25 11:43:30,739 [INFO] CodeEngine:190 - oldGeneratedFile, C:\Users\erhan\github\mcu\stm32f7_hal\9BitUartCommunication\9BitUartCommunication_\MXTmpFiles\system.tmp_save
2019-06-25 11:43:31,025 [INFO] CodeEngine:208 - Generated code: C:\Users\erhan\github\mcu\stm32f7_hal\9BitUartCommunication\9BitUartCommunication_\MXTmpFiles\system.tmp
2019-06-25 11:43:31,222 [INFO] CodeEngine:190 - oldGeneratedFile, C:\Users\erhan\github\mcu\stm32f7_hal\9BitUartCommunication\9BitUartCommunication_\Inc\stm32f7xx_hal_conf.h_save
2019-06-25 11:43:31,448 [INFO] CodeEngine:208 - Generated code: C:\Users\erhan\github\mcu\stm32f7_hal\9BitUartCommunication\9BitUartCommunication_\Inc\stm32f7xx_hal_conf.h
2019-06-25 11:43:31,592 [WARN] IPConfigManager:2556 - IP not found : USB_OTG
2019-06-25 11:43:31,592 [WARN] IPConfigManager:2556 - IP not found : gpio
2019-06-25 11:43:31,611 [WARN] CodeGenerator:2532 - IP not found : USB_OTG
2019-06-25 11:43:31,611 [WARN] CodeGenerator:2532 - IP not found : gpio
2019-06-25 11:43:31,700 [INFO] CodeEngine:190 - oldGeneratedFile, C:\Users\erhan\github\mcu\stm32f7_hal\9BitUartCommunication\9BitUartCommunication_\Inc\main.h_save
2019-06-25 11:43:32,424 [INFO] CodeEngine:208 - Generated code: C:\Users\erhan\github\mcu\stm32f7_hal\9BitUartCommunication\9BitUartCommunication_\Inc\main.h
2019-06-25 11:43:32,540 [INFO] CodeEngine:190 - oldGeneratedFile, C:\Users\erhan\github\mcu\stm32f7_hal\9BitUartCommunication\9BitUartCommunication_\Src\main.c_save
2019-06-25 11:43:33,287 [INFO] CodeEngine:208 - Generated code: C:\Users\erhan\github\mcu\stm32f7_hal\9BitUartCommunication\9BitUartCommunication_\Src\main.c
2019-06-25 11:43:38,181 [INFO] ProjectBuilder:1500 - Time for Copy HAL[1] : 3290mS.
2019-06-25 11:43:38,229 [INFO] ProjectBuilder:2068 - Project Generator version: 3.3.0
2019-06-25 11:43:40,261 [INFO] ConfigFileManager:883 - The Die is : DIE451
2019-06-25 11:43:40,274 [INFO] LogOutputStream:68 - [STDOUT_REDIRECT] configName ==Arm Cortex-M7
2019-06-25 11:43:41,060 [INFO] LogOutputStream:68 - [STDOUT_REDIRECT] memory ==name="RAM" access="xrw" start="0x20000000" size="512"
2019-06-25 11:43:41,062 [INFO] LogOutputStream:68 - [STDOUT_REDIRECT] memory ==name="FLASH" access="rx" start="0x8000000" size="2048"
2019-06-25 11:43:41,746 [INFO] LogOutputStream:68 - [STDOUT_REDIRECT] namefile= STM32CubeIDE
2019-06-25 11:43:41,749 [INFO] LogOutputStream:68 - [STDOUT_REDIRECT] method name===============generate
2019-06-25 11:44:10,724 [INFO] ProjectBuilder:2161 - Time for Generating toolchain IDE Files: 32495mS.
2019-06-25 11:44:10,725 [INFO] ProjectBuilder:1391 - Time for Copy CMSIS : 1mS.
2019-06-25 11:44:10,727 [INFO] ProjectBuilder:1391 - Time for Copy CMSIS : 0mS.
2019-06-25 11:44:55,034 [INFO] NvicIntPanel:85 - NVIC parent = javax.swing.JTabbedPane[,0,0,0x0,invalid,layout=com.st.microxplorer.stobjectsui.STTabbedPaneUI$TabbedPaneLayout,alignmentX=0.0,alignmentY=0.0,border=,flags=352,maximumSize=,minimumSize=,preferredSize=,haveRegistered=false,tabPlacement=TOP]
2019-06-25 11:45:41,152 [INFO] UtilMem:74 - End SaveConfig() Used Memory: 557047392 Bytes (754974720)
2019-06-25 11:45:43,095 [INFO] UtilMem:74 - End SaveConfig() Used Memory: 566482296 Bytes (754974720)
2019-06-25 11:45:43,373 [INFO] BlockDiagram:1879 - set Specific Code input for plugin: SYS
2019-06-25 11:45:43,373 [INFO] BlockDiagram:1879 - set Specific Code input for plugin: RCC
2019-06-25 11:45:43,373 [INFO] BlockDiagram:1879 - set Specific Code input for plugin: USB_OTG_FS
2019-06-25 11:45:43,374 [INFO] BlockDiagram:1879 - set Specific Code input for plugin: NVIC
2019-06-25 11:45:43,374 [INFO] BlockDiagram:1879 - set Specific Code input for plugin: USART
2019-06-25 11:45:43,374 [INFO] BlockDiagram:1879 - set Specific Code input for plugin: USART
2019-06-25 11:45:43,374 [INFO] BlockDiagram:1879 - set Specific Code input for plugin: CORTEX_M7
2019-06-25 11:45:43,374 [INFO] BlockDiagram:1879 - set Specific Code input for plugin: ETH
2019-06-25 11:45:43,376 [INFO] CodeGenerator:572 - code generatio: config db path: C:\ST\STM32CubeIDE_1.0.1\STM32CubeIDE\plugins\com.st.stm32cube.common.mx_1.0.0.201906050926\\db\
2019-06-25 11:45:43,897 [INFO] CodeEngine:190 - oldGeneratedFile, C:\Users\erhan\github\mcu\stm32f7_hal\9BitUartCommunication\9BitUartCommunication_\MXTmpFiles\license.tmp_save
2019-06-25 11:45:44,128 [INFO] CodeEngine:208 - Generated code: C:\Users\erhan\github\mcu\stm32f7_hal\9BitUartCommunication\9BitUartCommunication_\MXTmpFiles\license.tmp
2019-06-25 11:45:44,355 [INFO] CodeEngine:190 - oldGeneratedFile, C:\Users\erhan\github\mcu\stm32f7_hal\9BitUartCommunication\9BitUartCommunication_\MXTmpFiles\gpio.tmp_save
2019-06-25 11:45:44,690 [INFO] CodeEngine:208 - Generated code: C:\Users\erhan\github\mcu\stm32f7_hal\9BitUartCommunication\9BitUartCommunication_\MXTmpFiles\gpio.tmp
2019-06-25 11:45:46,188 [INFO] LogOutputStream:68 - [STDOUT_REDIRECT] Command line
2019-06-25 11:45:46,191 [INFO] LogOutputStream:68 - [STDOUT_REDIRECT] Debug : prepare data for CORTEX_M7
2019-06-25 11:45:46,192 [INFO] LogOutputStream:68 - [STDOUT_REDIRECT] Command line test
2019-06-25 11:45:46,225 [INFO] CodeEngine:190 - oldGeneratedFile, C:\Users\erhan\github\mcu\stm32f7_hal\9BitUartCommunication\9BitUartCommunication_\MXTmpFiles\cortex.tmp_save
2019-06-25 11:45:46,425 [INFO] CodeEngine:208 - Generated code: C:\Users\erhan\github\mcu\stm32f7_hal\9BitUartCommunication\9BitUartCommunication_\MXTmpFiles\cortex.tmp
2019-06-25 11:45:46,428 [INFO] LogOutputStream:68 - [STDOUT_REDIRECT] Command line
2019-06-25 11:45:46,429 [INFO] LogOutputStream:68 - [STDOUT_REDIRECT] Debug : prepare data for ETH
2019-06-25 11:45:46,430 [INFO] LogOutputStream:68 - [STDOUT_REDIRECT] Command line test
2019-06-25 11:45:46,432 [INFO] LogOutputStream:68 - [STDOUT_REDIRECT] Command line
2019-06-25 11:45:46,433 [INFO] LogOutputStream:68 - [STDOUT_REDIRECT] Debug : prepare data for SYS
2019-06-25 11:45:46,434 [INFO] LogOutputStream:68 - [STDOUT_REDIRECT] Command line test
2019-06-25 11:45:46,435 [INFO] LogOutputStream:68 - [STDOUT_REDIRECT] Command line
2019-06-25 11:45:46,437 [INFO] LogOutputStream:68 - [STDOUT_REDIRECT] Debug : prepare data for USART
2019-06-25 11:45:46,438 [INFO] LogOutputStream:68 - [STDOUT_REDIRECT] Command line test
2019-06-25 11:45:46,440 [INFO] LogOutputStream:68 - [STDOUT_REDIRECT] Command line
2019-06-25 11:45:46,443 [INFO] LogOutputStream:68 - [STDOUT_REDIRECT] Debug : prepare data for USB_OTG
2019-06-25 11:45:46,444 [INFO] LogOutputStream:68 - [STDOUT_REDIRECT] Command line test
2019-06-25 11:45:46,447 [INFO] LogOutputStream:68 - [STDOUT_REDIRECT] Debug : prepare data for NVIC
2019-06-25 11:45:46,448 [INFO] LogOutputStream:68 - [STDOUT_REDIRECT] Command line test
2019-06-25 11:45:46,498 [INFO] CodeEngine:190 - oldGeneratedFile, C:\Users\erhan\github\mcu\stm32f7_hal\9BitUartCommunication\9BitUartCommunication_\Src\stm32f7xx_it.c_save
2019-06-25 11:45:46,868 [INFO] CodeEngine:208 - Generated code: C:\Users\erhan\github\mcu\stm32f7_hal\9BitUartCommunication\9BitUartCommunication_\Src\stm32f7xx_it.c
2019-06-25 11:45:46,920 [INFO] CodeEngine:190 - oldGeneratedFile, C:\Users\erhan\github\mcu\stm32f7_hal\9BitUartCommunication\9BitUartCommunication_\Inc\stm32f7xx_it.h_save
2019-06-25 11:45:47,090 [INFO] CodeEngine:208 - Generated code: C:\Users\erhan\github\mcu\stm32f7_hal\9BitUartCommunication\9BitUartCommunication_\Inc\stm32f7xx_it.h
2019-06-25 11:45:47,135 [INFO] CodeEngine:190 - oldGeneratedFile, C:\Users\erhan\github\mcu\stm32f7_hal\9BitUartCommunication\9BitUartCommunication_\Src\stm32f7xx_hal_msp.c_save
2019-06-25 11:45:47,383 [INFO] CodeEngine:208 - Generated code: C:\Users\erhan\github\mcu\stm32f7_hal\9BitUartCommunication\9BitUartCommunication_\Src\stm32f7xx_hal_msp.c
2019-06-25 11:45:47,423 [INFO] CodeEngine:190 - oldGeneratedFile, C:\Users\erhan\github\mcu\stm32f7_hal\9BitUartCommunication\9BitUartCommunication_\MXTmpFiles\system.tmp_save
2019-06-25 11:45:47,515 [INFO] CodeEngine:208 - Generated code: C:\Users\erhan\github\mcu\stm32f7_hal\9BitUartCommunication\9BitUartCommunication_\MXTmpFiles\system.tmp
2019-06-25 11:45:47,557 [INFO] CodeEngine:190 - oldGeneratedFile, C:\Users\erhan\github\mcu\stm32f7_hal\9BitUartCommunication\9BitUartCommunication_\Inc\stm32f7xx_hal_conf.h_save
2019-06-25 11:45:47,713 [INFO] CodeEngine:208 - Generated code: C:\Users\erhan\github\mcu\stm32f7_hal\9BitUartCommunication\9BitUartCommunication_\Inc\stm32f7xx_hal_conf.h
2019-06-25 11:45:47,733 [WARN] IPConfigManager:2556 - IP not found : USB_OTG
2019-06-25 11:45:47,734 [WARN] IPConfigManager:2556 - IP not found : gpio
2019-06-25 11:45:47,735 [WARN] CodeGenerator:2532 - IP not found : USB_OTG
2019-06-25 11:45:47,735 [WARN] CodeGenerator:2532 - IP not found : gpio
2019-06-25 11:45:47,772 [INFO] CodeEngine:190 - oldGeneratedFile, C:\Users\erhan\github\mcu\stm32f7_hal\9BitUartCommunication\9BitUartCommunication_\Inc\main.h_save
2019-06-25 11:45:47,905 [INFO] CodeEngine:208 - Generated code: C:\Users\erhan\github\mcu\stm32f7_hal\9BitUartCommunication\9BitUartCommunication_\Inc\main.h
2019-06-25 11:45:47,950 [INFO] CodeEngine:190 - oldGeneratedFile, C:\Users\erhan\github\mcu\stm32f7_hal\9BitUartCommunication\9BitUartCommunication_\Src\main.c_save
2019-06-25 11:45:48,388 [INFO] CodeEngine:208 - Generated code: C:\Users\erhan\github\mcu\stm32f7_hal\9BitUartCommunication\9BitUartCommunication_\Src\main.c
2019-06-25 11:45:49,580 [INFO] ProjectBuilder:1500 - Time for Copy HAL[1] : 490mS.
2019-06-25 11:45:49,583 [INFO] ProjectBuilder:2068 - Project Generator version: 3.3.0
2019-06-25 11:45:51,051 [INFO] ConfigFileManager:883 - The Die is : DIE451
2019-06-25 11:45:51,058 [INFO] LogOutputStream:68 - [STDOUT_REDIRECT] configName ==Arm Cortex-M7
2019-06-25 11:45:51,517 [INFO] LogOutputStream:68 - [STDOUT_REDIRECT] memory ==name="RAM" access="xrw" start="0x20000000" size="512"
2019-06-25 11:45:51,519 [INFO] LogOutputStream:68 - [STDOUT_REDIRECT] memory ==name="FLASH" access="rx" start="0x8000000" size="2048"
2019-06-25 11:45:52,035 [INFO] LogOutputStream:68 - [STDOUT_REDIRECT] namefile= STM32CubeIDE
2019-06-25 11:45:52,037 [INFO] LogOutputStream:68 - [STDOUT_REDIRECT] method name===============update
2019-06-25 11:45:54,086 [INFO] ProjectBuilder:2161 - Time for Generating toolchain IDE Files: 4503mS.
2019-06-25 11:45:54,087 [INFO] ProjectBuilder:1391 - Time for Copy CMSIS : 1mS.
2019-06-25 11:45:54,090 [INFO] ProjectBuilder:1391 - Time for Copy CMSIS : 0mS.
2019-06-25 11:46:34,959 [INFO] MainUpdater:2032 - connection check result : 10
2019-06-25 11:46:34,961 [INFO] LogOutputStream:68 - [STDOUT_REDIRECT] Successfull proxy connection.
2019-06-25 11:46:35,012 [INFO] McuFinderGlobals:40 - Set McuFinder mode to 2 (CubeIDE integrated)
2019-06-25 11:46:35,013 [INFO] FinderPluginLoader:85 - Searching for filters in installed packs
2019-06-25 11:46:36,110 [INFO] LoadUrlFilesThread:147 - End of LoadServerUrlFiles without Thread
2019-06-25 11:46:36,111 [INFO] McuDetailPanel:180 - Set advertising image to C:/Users/erhan/STM32Cube/Repository/\PRSTM32MP10219-01-med.jpg
2019-06-25 11:46:36,694 [INFO] McuFilterPanel:282 - Update 0 favorites MCUs
2019-06-25 11:46:36,877 [INFO] LoadUrlFilesThread:147 - End of LoadServerUrlFiles without Thread
2019-06-25 11:46:36,877 [INFO] BoardDetailPanel:179 - Set advertising image to C:/Users/erhan/STM32Cube/Repository/\PRSTM32MP10219-01-med.jpg
2019-06-25 11:46:37,053 [INFO] BoardFilterPanel:212 - Update 0 favorites Boards
2019-06-25 11:46:37,073 [INFO] CrossSelectorPresenter:1239 - Cross Selector saved comparison directory: C:\Users\erhan\.stmcufinder\plugins\mcufinder\mcu\cs_comparisons_mx
2019-06-25 11:47:00,178 [INFO] LogOutputStream:68 - [STDOUT_REDIRECT] withoutVersionV1.7.0
2019-06-25 11:47:04,499 [INFO] LogOutputStream:68 - [STDOUT_REDIRECT] File copied successfully!!
2019-06-25 11:47:05,303 [INFO] MainUpdater:2032 - connection check result : 10
2019-06-25 11:47:05,306 [INFO] LogOutputStream:68 - [STDOUT_REDIRECT] Successfull proxy connection.
2019-06-25 11:47:05,461 [INFO] MicroXplorer:371 - Change Database Path : 
2019-06-25 11:47:05,461 [INFO] MicroXplorer:401 - Change Database Version : DB.5.0.21
2019-06-25 11:47:05,464 [INFO] PinOutPanel:1361 - setPackage(No Configuration,No Configuration)
2019-06-25 11:47:05,567 [INFO] UtilMem:74 - Begin LoadConfig() Used Memory: 379224208 Bytes (870318080)
2019-06-25 11:47:05,568 [INFO] OpenFileManager:269 - Change cursor
2019-06-25 11:47:05,599 [INFO] RulesReader:52 - Compatibility file has been processed (156 Rules)
2019-06-25 11:47:09,091 [INFO] Rule:205 - rule SPDIFRX instance for mcu is applicable
2019-06-25 11:47:09,091 [INFO] Rule:205 - rule Rename Tracer Mode is applicable
2019-06-25 11:47:09,091 [INFO] Rule:205 - rule SPDIFRX instance value for IP SPDIFRX is applicable
2019-06-25 11:47:09,092 [INFO] Rule:205 - rule SPDIFRX instance for signal is applicable
2019-06-25 11:47:09,092 [INFO] Rule:205 - rule SPDIFRX instance for project manager is applicable
2019-06-25 11:47:09,092 [INFO] Rule:205 - rule SPDIFRX instance for project manager is applicable
2019-06-25 11:47:09,092 [INFO] Rule:205 - rule UART/USART WORD LENGTH 7 is applicable
2019-06-25 11:47:09,093 [INFO] Rule:205 - rule UART/USART WORD LENGTH 8 is applicable
2019-06-25 11:47:09,093 [INFO] Rule:205 - rule UART/USART WORD LENGTH 9 is applicable
2019-06-25 11:47:09,093 [INFO] Rule:205 - rule ADC SamplingTime fix with FW L0  is applicable
2019-06-25 11:47:09,093 [INFO] Rule:205 - rule ADC SamplingTime fix with FW L0  is applicable
2019-06-25 11:47:09,093 [INFO] Rule:205 - rule ADC SamplingTime fix with FW L0 is applicable
2019-06-25 11:47:09,093 [INFO] Rule:205 - rule ADC SamplingTime fix with FW L0 is applicable
2019-06-25 11:47:09,094 [INFO] Rule:205 - rule ADC SamplingTime fix with FW L0  is applicable
2019-06-25 11:47:09,094 [INFO] Rule:205 - rule ADC SamplingTime fix with FW L0 is applicable
2019-06-25 11:47:09,094 [INFO] Rule:205 - rule Rename USB_OE Signal is applicable
2019-06-25 11:47:09,094 [INFO] Rule:205 - rule Rename Activate_OE Mode is applicable
2019-06-25 11:47:09,094 [INFO] Rule:205 - rule Rename DIE462/DIE415 pin PC14/OSC32_IN -> PC14-OSC32_IN (PC14) is applicable
2019-06-25 11:47:09,094 [INFO] Rule:205 - rule Rename DIE462/DIE415 pin PC15/OSC32_OUT -> PC15-OSC32_OUT (PC15) is applicable
2019-06-25 11:47:09,094 [INFO] Rule:205 - rule Rename DIE462/DIE415 pin PH0/OSC_IN -> PH0-OSC_IN (PH0) is applicable
2019-06-25 11:47:09,094 [INFO] Rule:205 - rule Rename DIE462/DIE415 pin PH1/OSC_OUT -> PH1-OSC_OUT (PH1) is applicable
2019-06-25 11:47:09,095 [INFO] Rule:205 - rule Rename DIE462 pin PA13 -> PA13 (JTMS/SWDIO) is applicable
2019-06-25 11:47:09,095 [INFO] Rule:205 - rule Rename DIE415 pin PA13 -> PA13 (JTMS/SWDIO) is applicable
2019-06-25 11:47:09,095 [INFO] Rule:205 - rule Rename DIE462 pin PA14 -> PA14 (JTCK/SWCLK) is applicable
2019-06-25 11:47:09,095 [INFO] Rule:205 - rule Rename DIE415 pin PA14 -> PA14 (JTCK/SWCLK) is applicable
2019-06-25 11:47:09,095 [INFO] Rule:205 - rule Rename DIE462/DIE415 pin PA15 -> PA15 (JTDI) is applicable
2019-06-25 11:47:09,095 [INFO] Rule:205 - rule Rename DIE462 pin PB3 -> PB3 (JTD0/TRACESWO) is applicable
2019-06-25 11:47:09,095 [INFO] Rule:205 - rule Rename DIE415 pin PB3 -> PB3 (JTD0-TRACESWO) is applicable
2019-06-25 11:47:09,096 [INFO] Rule:205 - rule Rename DIE462/DIE415 pin PB4 -> PB4 (NJTRST) is applicable
2019-06-25 11:47:09,096 [INFO] Rule:205 - rule Rename DIE462 pin PH3/BOOT0 -> PH3-BOOT0 (BOOT0) is applicable
2019-06-25 11:47:09,097 [INFO] Rule:205 - rule Rename CRYP DataEncryptionTypesList to Algorithm is applicable
2019-06-25 11:47:09,097 [INFO] Rule:205 - rule Rename AES DataEncryptionTypesList to Algorithm is applicable
2019-06-25 11:47:09,097 [INFO] Rule:205 - rule Rename TDESECB to CRYP_TDES_ECB is applicable
2019-06-25 11:47:09,097 [INFO] Rule:205 - rule Rename TDESCBC to CRYP_TDES_CBC is applicable
2019-06-25 11:47:09,098 [INFO] Rule:205 - rule Rename DESECB to CRYP_DES_ECB is applicable
2019-06-25 11:47:09,098 [INFO] Rule:205 - rule Rename DESCBC to CRYP_DES_CBC is applicable
2019-06-25 11:47:09,098 [INFO] Rule:205 - rule Rename AESECB to CRYP_AES_ECB is applicable
2019-06-25 11:47:09,098 [INFO] Rule:205 - rule Rename AESCBC to CRYP_AES_CBC is applicable
2019-06-25 11:47:09,098 [INFO] Rule:205 - rule Rename AESCTR to CRYP_AES_CTR is applicable
2019-06-25 11:47:09,098 [INFO] Rule:205 - rule Rename AESGCM to CRYP_AES_GCM is applicable
2019-06-25 11:47:09,098 [INFO] Rule:205 - rule Rename AESCCM to CRYP_AES_CCM is applicable
2019-06-25 11:47:09,099 [INFO] Rule:205 - rule Rename CAN TimeSeg1 to BS1 is applicable
2019-06-25 11:47:09,099 [INFO] Rule:205 - rule Rename CAN TimeSeg2 to BS2 is applicable
2019-06-25 11:47:09,099 [INFO] Rule:205 - rule Rename CAN SyncJumpWidth to SJW is applicable
2019-06-25 11:47:09,099 [INFO] Rule:205 - rule TimeTriggeredMode to TTCM is applicable
2019-06-25 11:47:09,099 [INFO] Rule:205 - rule Rename CAN AutoBusOff to ABOM is applicable
2019-06-25 11:47:09,099 [INFO] Rule:205 - rule Rename CAN AutoWakeUp to AWUM is applicable
2019-06-25 11:47:09,099 [INFO] Rule:205 - rule Rename CAN AutoRetransmission to NART is applicable
2019-06-25 11:47:09,100 [INFO] Rule:205 - rule Rename CAN ReceiveFifoLocked to RFLM is applicable
2019-06-25 11:47:09,100 [INFO] Rule:205 - rule Rename CAN TransmitFifoPriority to TXFP is applicable
2019-06-25 11:47:09,100 [INFO] Rule:205 - rule Rename HRTIMER HRTIM_OUTPUTFAULTLEVEL_HIGH in HRTIMER HRTIM_OUTPUTFAULTLEVEL_HIGHZ is applicable
2019-06-25 11:47:09,100 [INFO] Rule:205 - rule Rename TIMER TIM_CLEARINPUTSOURCE_OCREFCLR in  TIMER TIM_CLEARINPUTSOURCE_NONE for F7 family is applicable
2019-06-25 11:47:09,100 [INFO] Rule:205 - rule FDCAN_R1 - Rename FDCAN mode Master into Classic is applicable
2019-06-25 11:47:09,100 [INFO] Rule:205 - rule FDCAN_R2 - Rename FDCAN mode Slave into Classic is applicable
2019-06-25 11:47:09,100 [INFO] Rule:205 - rule FDCAN1_R3 - if PA10.Mode=FullDuplex, add Pin PA12 is applicable
2019-06-25 11:47:09,100 [INFO] Rule:205 - rule FDCAN1_R3 - if PA9.Mode=FullDuplex, add Pin PA11 is applicable
2019-06-25 11:47:09,101 [INFO] Rule:205 - rule FDCAN1_R3 - Alternatepin_1 - if PE1.Mode=FullDuplex, add Pin PB9 is applicable
2019-06-25 11:47:09,101 [INFO] Rule:205 - rule FDCAN1_R3 - Alternatepin_1 - if PE0.Mode=FullDuplex, add Pin PB8 is applicable
2019-06-25 11:47:09,101 [INFO] Rule:205 - rule FDCAN1_R3 - Alternatepin_2 - if PD5.Mode=FullDuplex, add Pin PD1 is applicable
2019-06-25 11:47:09,101 [INFO] Rule:205 - rule FDCAN1_R3 - Alternatepin_2 - if PD4.Mode=FullDuplex, add Pin PD0 is applicable
2019-06-25 11:47:09,101 [INFO] Rule:205 - rule FDCAN1_R4 - Rename Mode FullDuplex into Enable FDCAN_TXFD for pin PA10 is applicable
2019-06-25 11:47:09,101 [INFO] Rule:205 - rule FDCAN1_R4 - Rename Mode FullDuplex into Enable FDCAN_TXFD for pin PA9 is applicable
2019-06-25 11:47:09,101 [INFO] Rule:205 - rule FDCAN1_R4 - Alternatepin_1 - Rename Mode FullDuplex into Enable FDCAN_TXFD for pin PE1 is applicable
2019-06-25 11:47:09,101 [INFO] Rule:205 - rule FDCAN1_R4 - Alternatepin_1 - Rename Mode FullDuplex into Enable FDCAN_TXFD for pin PE0 is applicable
2019-06-25 11:47:09,102 [INFO] Rule:205 - rule FDCAN1_R4 - Alternatepin_2 - Rename Mode FullDuplex into Enable FDCAN_TXFD for pin PD5 is applicable
2019-06-25 11:47:09,102 [INFO] Rule:205 - rule FDCAN1_R4 - Alternatepin_2 - Rename Mode FullDuplex into Enable FDCAN_TXFD for pin PD4 is applicable
2019-06-25 11:47:09,102 [INFO] Rule:205 - rule FDCAN2_R3 - if PD10.Mode=FullDuplex, add Pin PB13 is applicable
2019-06-25 11:47:09,102 [INFO] Rule:205 - rule FDCAN2_R3 - if PD9.Mode=FullDuplex, add Pin PB12 is applicable
2019-06-25 11:47:09,102 [INFO] Rule:205 - rule FDCAN2_R3 - Alternatepin_1 - if PB7.Mode=FullDuplex, add Pin PB6 is applicable
2019-06-25 11:47:09,102 [INFO] Rule:205 - rule FDCAN2_R3 - Alternatepin_1 - if PD9.Mode=FullDuplex, add Pin PB12 is applicable
2019-06-25 11:47:09,102 [INFO] Rule:205 - rule FDCAN2_R4 - Rename Mode FullDuplex into Enable FDCAN_TXFD for pin PD10 is applicable
2019-06-25 11:47:09,103 [INFO] Rule:205 - rule FDCAN2_R4 - Rename Mode FullDuplex into Enable FDCAN_TXFD for pin PD9 is applicable
2019-06-25 11:47:09,103 [INFO] Rule:205 - rule FDCAN2_R4 - Alternatepin_1 - Rename Mode FullDuplex into Enable FDCAN_TXFD for pin PB7 is applicable
2019-06-25 11:47:09,103 [INFO] Rule:205 - rule FDCAN2_R4 - Alternatepin_1 - Rename Mode FullDuplex into Enable FDCAN_TXFD for pin PD6 is applicable
2019-06-25 11:47:09,103 [INFO] Rule:205 - rule USART TxPinLevelInvertParam Mode is applicable
2019-06-25 11:47:09,103 [INFO] Rule:205 - rule USART RxPinLevelInvertParam Mode is applicable
2019-06-25 11:47:09,103 [INFO] Rule:205 - rule USART DataInvertParam Mode is applicable
2019-06-25 11:47:09,103 [INFO] Rule:205 - rule USART SwapParam Mode is applicable
2019-06-25 11:47:09,103 [INFO] Rule:205 - rule USART OverrunDisableParam Mode is applicable
2019-06-25 11:47:09,104 [INFO] Rule:205 - rule USART DMADisableonRxErrorParam Mode is applicable
2019-06-25 11:47:09,104 [INFO] Rule:205 - rule USART MSBFirstParam Mode is applicable
2019-06-25 11:47:09,104 [INFO] Rule:205 - rule Update MwName for USB_DEVICE is applicable
2019-06-25 11:47:09,104 [INFO] Rule:205 - rule Change PWR_Regulator_Voltage_Scale Default Value for RCC  H7 family is applicable
2019-06-25 11:47:09,104 [INFO] Rule:205 - rule UART/USART IPParameter rename Prescaler parameter to ClockPrescaler is applicable
2019-06-25 11:47:09,104 [INFO] Rule:205 - rule UART/USART Prescaler rename Prescaler parameter to ClockPrescaler is applicable
2019-06-25 11:47:09,104 [INFO] Rule:205 - rule TIM1CLockSelection is applicable
2019-06-25 11:47:09,105 [INFO] Rule:205 - rule TIM15CLockSelection is applicable
2019-06-25 11:47:09,112 [INFO] DbConfProperties:222 - Apply Compatibility (21/87 Rules)
2019-06-25 11:47:09,160 [INFO] ImportTextPane:162 - (OptionalMessage_ERROR) Unable to find key (Mcu.ThirdPartyNb) in loaded IOC file
2019-06-25 11:47:09,233 [INFO] ImportTextPane:162 - (OptionalMessage_ERROR) IP (RCC) : Parameter (ADCFreqValue) has invalid value (32000000)
2019-06-25 11:47:09,233 [INFO] ImportTextPane:162 - (OptionalMessage_ERROR) IP (RCC) : Invalid parameter (FamilyName)
2019-06-25 11:47:09,234 [INFO] ImportTextPane:162 - (OptionalMessage_ERROR) IP (RCC) : Parameter (MCOFreq_Value) has invalid value (64000000)
2019-06-25 11:47:09,234 [INFO] ImportTextPane:162 - (OptionalMessage_ERROR) IP (RCC) : Parameter (USBFreq_Value) has invalid value (64000000)
2019-06-25 11:47:10,308 [INFO] UtilMem:74 - End LoadConfig() Used Memory: 563251336 Bytes (870318080)
2019-06-25 11:47:10,652 [INFO] ThirdParty:1207 - CMSIS Pack Vendor :STMicroelectronics X-CUBE-BLE1 1.1.0
2019-06-25 11:47:10,652 [INFO] ThirdParty:1207 - CMSIS Pack Vendor :STMicroelectronics X-CUBE-MEMS1 5.2.1
2019-06-25 11:47:10,652 [INFO] ThirdParty:1207 - CMSIS Pack Vendor :STMicroelectronics X-CUBE-BLE1 4.2.0
2019-06-25 11:47:10,653 [INFO] ThirdParty:1207 - CMSIS Pack Vendor :STMicroelectronics X-CUBE-BLE1 4.3.0
2019-06-25 11:47:10,653 [INFO] ThirdParty:1207 - CMSIS Pack Vendor :STMicroelectronics X-CUBE-MEMS1 6.0.1
2019-06-25 11:47:10,653 [INFO] ThirdParty:1207 - CMSIS Pack Vendor :STMicroelectronics X-CUBE-NFC4 1.3.0
2019-06-25 11:47:10,653 [INFO] ThirdParty:1207 - CMSIS Pack Vendor :STMicroelectronics X-CUBE-BLE1 4.4.0
2019-06-25 11:47:10,653 [INFO] ThirdParty:1207 - CMSIS Pack Vendor :STMicroelectronics X-CUBE-MEMS1 6.1.0
2019-06-25 11:47:10,653 [INFO] ThirdParty:1207 - CMSIS Pack Vendor :STMicroelectronics X-CUBE-NFC4 1.4.0
2019-06-25 11:47:10,653 [INFO] ThirdParty:1207 - CMSIS Pack Vendor :STMicroelectronics X-CUBE-GNSS1 3.0.0
2019-06-25 11:47:10,654 [INFO] ThirdParty:1207 - CMSIS Pack Vendor :STMicroelectronics X-CUBE-MEMS1 6.2.0
2019-06-25 11:47:11,059 [INFO] PinOutPanel:1361 - setPackage(No Configuration,No Configuration)
2019-06-25 11:47:11,060 [INFO] PinOutPanel:1361 - setPackage(STM32F103RBTx,LQFP64)
2019-06-25 11:47:11,571 [INFO] UtilMem:74 - Before build in PCC Used Memory: 607063024 Bytes (870318080)
2019-06-25 11:47:11,943 [INFO] SharedServices:71 - Folder for power plug-in: C:/Users/erhan/.stm32cubemx/plugins/power
2019-06-25 11:47:11,943 [INFO] UtilMem:74 - After build in PCC Used Memory: 613880808 Bytes (870318080)
2019-06-25 11:47:12,031 [INFO] OpenFileManager:289 - Restore cursor
2019-06-25 11:47:12,337 [INFO] UtilMem:74 - End SaveConfig() Used Memory: 633809912 Bytes (870318080)
2019-06-25 11:47:12,476 [INFO] UtilMem:74 - End SaveConfig() Used Memory: 637998056 Bytes (870318080)
2019-06-25 11:47:12,792 [INFO] BlockDiagram:1879 - set Specific Code input for plugin: SYS
2019-06-25 11:47:12,793 [INFO] BlockDiagram:1879 - set Specific Code input for plugin: RCC
2019-06-25 11:47:12,793 [INFO] BlockDiagram:1879 - set Specific Code input for plugin: NVIC
2019-06-25 11:47:12,793 [INFO] BlockDiagram:1879 - set Specific Code input for plugin: USART
2019-06-25 11:47:12,794 [INFO] CodeGenerator:572 - code generatio: config db path: C:\ST\STM32CubeIDE_1.0.1\STM32CubeIDE\plugins\com.st.stm32cube.common.mx_1.0.0.201906050926\\db\
2019-06-25 11:47:13,427 [INFO] CodeEngine:190 - oldGeneratedFile, C:\Users\erhan\github\mcu\stm32f7_hal\9BitUartCommunication\9BitUartCommunication\MXTmpFiles\license.tmp_save
2019-06-25 11:47:13,530 [INFO] CodeEngine:208 - Generated code: C:\Users\erhan\github\mcu\stm32f7_hal\9BitUartCommunication\9BitUartCommunication\MXTmpFiles\license.tmp
2019-06-25 11:47:13,770 [INFO] CodeEngine:190 - oldGeneratedFile, C:\Users\erhan\github\mcu\stm32f7_hal\9BitUartCommunication\9BitUartCommunication\MXTmpFiles\gpio.tmp_save
2019-06-25 11:47:13,925 [INFO] CodeEngine:208 - Generated code: C:\Users\erhan\github\mcu\stm32f7_hal\9BitUartCommunication\9BitUartCommunication\MXTmpFiles\gpio.tmp
2019-06-25 11:47:14,163 [INFO] LogOutputStream:68 - [STDOUT_REDIRECT] Command line
2019-06-25 11:47:14,165 [INFO] LogOutputStream:68 - [STDOUT_REDIRECT] Debug : prepare data for SYS
2019-06-25 11:47:14,166 [INFO] LogOutputStream:68 - [STDOUT_REDIRECT] Command line test
2019-06-25 11:47:14,167 [INFO] LogOutputStream:68 - [STDOUT_REDIRECT] Command line
2019-06-25 11:47:14,169 [INFO] LogOutputStream:68 - [STDOUT_REDIRECT] Debug : prepare data for USART
2019-06-25 11:47:14,170 [INFO] LogOutputStream:68 - [STDOUT_REDIRECT] Command line test
2019-06-25 11:47:14,173 [INFO] LogOutputStream:68 - [STDOUT_REDIRECT] Debug : prepare data for NVIC
2019-06-25 11:47:14,174 [INFO] LogOutputStream:68 - [STDOUT_REDIRECT] Command line test
2019-06-25 11:47:14,206 [INFO] CodeEngine:190 - oldGeneratedFile, C:\Users\erhan\github\mcu\stm32f7_hal\9BitUartCommunication\9BitUartCommunication\Src\stm32f1xx_it.c_save
2019-06-25 11:47:14,328 [INFO] CodeEngine:208 - Generated code: C:\Users\erhan\github\mcu\stm32f7_hal\9BitUartCommunication\9BitUartCommunication\Src\stm32f1xx_it.c
2019-06-25 11:47:14,353 [INFO] CodeEngine:190 - oldGeneratedFile, C:\Users\erhan\github\mcu\stm32f7_hal\9BitUartCommunication\9BitUartCommunication\Inc\stm32f1xx_it.h_save
2019-06-25 11:47:14,456 [INFO] CodeEngine:208 - Generated code: C:\Users\erhan\github\mcu\stm32f7_hal\9BitUartCommunication\9BitUartCommunication\Inc\stm32f1xx_it.h
2019-06-25 11:47:14,489 [INFO] CodeEngine:190 - oldGeneratedFile, C:\Users\erhan\github\mcu\stm32f7_hal\9BitUartCommunication\9BitUartCommunication\Src\stm32f1xx_hal_msp.c_save
2019-06-25 11:47:14,647 [INFO] CodeEngine:208 - Generated code: C:\Users\erhan\github\mcu\stm32f7_hal\9BitUartCommunication\9BitUartCommunication\Src\stm32f1xx_hal_msp.c
2019-06-25 11:47:14,673 [INFO] CodeEngine:190 - oldGeneratedFile, C:\Users\erhan\github\mcu\stm32f7_hal\9BitUartCommunication\9BitUartCommunication\MXTmpFiles\system.tmp_save
2019-06-25 11:47:14,768 [INFO] CodeEngine:208 - Generated code: C:\Users\erhan\github\mcu\stm32f7_hal\9BitUartCommunication\9BitUartCommunication\MXTmpFiles\system.tmp
2019-06-25 11:47:14,858 [INFO] CodeEngine:190 - oldGeneratedFile, C:\Users\erhan\github\mcu\stm32f7_hal\9BitUartCommunication\9BitUartCommunication\Inc\stm32f1xx_hal_conf.h_save
2019-06-25 11:47:14,990 [INFO] CodeEngine:208 - Generated code: C:\Users\erhan\github\mcu\stm32f7_hal\9BitUartCommunication\9BitUartCommunication\Inc\stm32f1xx_hal_conf.h
2019-06-25 11:47:15,026 [WARN] IPConfigManager:2556 - IP not found : gpio
2019-06-25 11:47:15,027 [WARN] CodeGenerator:2532 - IP not found : gpio
2019-06-25 11:47:15,057 [INFO] CodeEngine:190 - oldGeneratedFile, C:\Users\erhan\github\mcu\stm32f7_hal\9BitUartCommunication\9BitUartCommunication\Inc\main.h_save
2019-06-25 11:47:15,279 [INFO] CodeEngine:208 - Generated code: C:\Users\erhan\github\mcu\stm32f7_hal\9BitUartCommunication\9BitUartCommunication\Inc\main.h
2019-06-25 11:47:15,311 [INFO] CodeEngine:190 - oldGeneratedFile, C:\Users\erhan\github\mcu\stm32f7_hal\9BitUartCommunication\9BitUartCommunication\Src\main.c_save
2019-06-25 11:47:15,983 [INFO] CodeEngine:208 - Generated code: C:\Users\erhan\github\mcu\stm32f7_hal\9BitUartCommunication\9BitUartCommunication\Src\main.c
2019-06-25 11:47:19,719 [INFO] ProjectBuilder:1500 - Time for Copy HAL[1] : 2353mS.
2019-06-25 11:47:19,726 [INFO] ProjectBuilder:2068 - Project Generator version: 3.3.0
2019-06-25 11:47:20,927 [INFO] ConfigFileManager:883 - The Die is : DIE410
2019-06-25 11:47:20,946 [INFO] LogOutputStream:68 - [STDOUT_REDIRECT] configName ==Arm Cortex-M3
2019-06-25 11:47:21,509 [INFO] LogOutputStream:68 - [STDOUT_REDIRECT] memory ==name="RAM" access="xrw" start="0x20000000" size="20"
2019-06-25 11:47:21,512 [INFO] LogOutputStream:68 - [STDOUT_REDIRECT] memory ==name="FLASH" access="rx" start="0x8000000" size="128"
2019-06-25 11:47:21,847 [INFO] LogOutputStream:68 - [STDOUT_REDIRECT] namefile= STM32CubeIDE
2019-06-25 11:47:21,849 [INFO] LogOutputStream:68 - [STDOUT_REDIRECT] method name===============generate
2019-06-25 11:47:39,970 [INFO] ProjectBuilder:2161 - Time for Generating toolchain IDE Files: 20244mS.
2019-06-25 11:47:39,971 [INFO] ProjectBuilder:1391 - Time for Copy CMSIS : 1mS.
2019-06-25 11:47:39,973 [INFO] ProjectBuilder:1391 - Time for Copy CMSIS : 0mS.
2019-06-25 11:48:01,805 [INFO] UtilMem:74 - End SaveConfig() Used Memory: 372312752 Bytes (1007681536)
2019-06-25 11:48:03,797 [INFO] UtilMem:74 - End SaveConfig() Used Memory: 379130536 Bytes (1007681536)
2019-06-25 11:48:04,076 [INFO] BlockDiagram:1879 - set Specific Code input for plugin: SYS
2019-06-25 11:48:04,076 [INFO] BlockDiagram:1879 - set Specific Code input for plugin: RCC
2019-06-25 11:48:04,076 [INFO] BlockDiagram:1879 - set Specific Code input for plugin: NVIC
2019-06-25 11:48:04,076 [INFO] BlockDiagram:1879 - set Specific Code input for plugin: USART
2019-06-25 11:48:04,076 [INFO] BlockDiagram:1879 - set Specific Code input for plugin: USART
2019-06-25 11:48:04,077 [INFO] CodeGenerator:572 - code generatio: config db path: C:\ST\STM32CubeIDE_1.0.1\STM32CubeIDE\plugins\com.st.stm32cube.common.mx_1.0.0.201906050926\\db\
2019-06-25 11:48:04,578 [INFO] CodeEngine:190 - oldGeneratedFile, C:\Users\erhan\github\mcu\stm32f7_hal\9BitUartCommunication\9BitUartCommunication\MXTmpFiles\license.tmp_save
2019-06-25 11:48:04,683 [INFO] CodeEngine:208 - Generated code: C:\Users\erhan\github\mcu\stm32f7_hal\9BitUartCommunication\9BitUartCommunication\MXTmpFiles\license.tmp
2019-06-25 11:48:04,730 [INFO] CodeEngine:190 - oldGeneratedFile, C:\Users\erhan\github\mcu\stm32f7_hal\9BitUartCommunication\9BitUartCommunication\MXTmpFiles\gpio.tmp_save
2019-06-25 11:48:04,824 [INFO] CodeEngine:208 - Generated code: C:\Users\erhan\github\mcu\stm32f7_hal\9BitUartCommunication\9BitUartCommunication\MXTmpFiles\gpio.tmp
2019-06-25 11:48:04,898 [INFO] LogOutputStream:68 - [STDOUT_REDIRECT] Command line
2019-06-25 11:48:04,899 [INFO] LogOutputStream:68 - [STDOUT_REDIRECT] Debug : prepare data for SYS
2019-06-25 11:48:04,900 [INFO] LogOutputStream:68 - [STDOUT_REDIRECT] Command line test
2019-06-25 11:48:04,903 [INFO] LogOutputStream:68 - [STDOUT_REDIRECT] Command line
2019-06-25 11:48:04,905 [INFO] LogOutputStream:68 - [STDOUT_REDIRECT] Debug : prepare data for USART
2019-06-25 11:48:04,906 [INFO] LogOutputStream:68 - [STDOUT_REDIRECT] Command line test
2019-06-25 11:48:04,908 [INFO] LogOutputStream:68 - [STDOUT_REDIRECT] Debug : prepare data for NVIC
2019-06-25 11:48:04,909 [INFO] LogOutputStream:68 - [STDOUT_REDIRECT] Command line test
2019-06-25 11:48:05,011 [INFO] CodeEngine:190 - oldGeneratedFile, C:\Users\erhan\github\mcu\stm32f7_hal\9BitUartCommunication\9BitUartCommunication\Src\stm32f1xx_it.c_save
2019-06-25 11:48:05,181 [INFO] CodeEngine:208 - Generated code: C:\Users\erhan\github\mcu\stm32f7_hal\9BitUartCommunication\9BitUartCommunication\Src\stm32f1xx_it.c
2019-06-25 11:48:05,410 [INFO] CodeEngine:190 - oldGeneratedFile, C:\Users\erhan\github\mcu\stm32f7_hal\9BitUartCommunication\9BitUartCommunication\Inc\stm32f1xx_it.h_save
2019-06-25 11:48:05,545 [INFO] CodeEngine:208 - Generated code: C:\Users\erhan\github\mcu\stm32f7_hal\9BitUartCommunication\9BitUartCommunication\Inc\stm32f1xx_it.h
2019-06-25 11:48:05,599 [INFO] CodeEngine:190 - oldGeneratedFile, C:\Users\erhan\github\mcu\stm32f7_hal\9BitUartCommunication\9BitUartCommunication\Src\stm32f1xx_hal_msp.c_save
2019-06-25 11:48:05,895 [INFO] CodeEngine:208 - Generated code: C:\Users\erhan\github\mcu\stm32f7_hal\9BitUartCommunication\9BitUartCommunication\Src\stm32f1xx_hal_msp.c
2019-06-25 11:48:05,929 [INFO] CodeEngine:190 - oldGeneratedFile, C:\Users\erhan\github\mcu\stm32f7_hal\9BitUartCommunication\9BitUartCommunication\MXTmpFiles\system.tmp_save
2019-06-25 11:48:06,022 [INFO] CodeEngine:208 - Generated code: C:\Users\erhan\github\mcu\stm32f7_hal\9BitUartCommunication\9BitUartCommunication\MXTmpFiles\system.tmp
2019-06-25 11:48:06,062 [INFO] CodeEngine:190 - oldGeneratedFile, C:\Users\erhan\github\mcu\stm32f7_hal\9BitUartCommunication\9BitUartCommunication\Inc\stm32f1xx_hal_conf.h_save
2019-06-25 11:48:06,205 [INFO] CodeEngine:208 - Generated code: C:\Users\erhan\github\mcu\stm32f7_hal\9BitUartCommunication\9BitUartCommunication\Inc\stm32f1xx_hal_conf.h
2019-06-25 11:48:06,220 [WARN] IPConfigManager:2556 - IP not found : gpio
2019-06-25 11:48:06,223 [WARN] CodeGenerator:2532 - IP not found : gpio
2019-06-25 11:48:06,259 [INFO] CodeEngine:190 - oldGeneratedFile, C:\Users\erhan\github\mcu\stm32f7_hal\9BitUartCommunication\9BitUartCommunication\Inc\main.h_save
2019-06-25 11:48:06,371 [INFO] CodeEngine:208 - Generated code: C:\Users\erhan\github\mcu\stm32f7_hal\9BitUartCommunication\9BitUartCommunication\Inc\main.h
2019-06-25 11:48:06,540 [INFO] CodeEngine:190 - oldGeneratedFile, C:\Users\erhan\github\mcu\stm32f7_hal\9BitUartCommunication\9BitUartCommunication\Src\main.c_save
2019-06-25 11:48:06,783 [INFO] CodeEngine:208 - Generated code: C:\Users\erhan\github\mcu\stm32f7_hal\9BitUartCommunication\9BitUartCommunication\Src\main.c
2019-06-25 11:48:08,362 [INFO] ProjectBuilder:1500 - Time for Copy HAL[1] : 267mS.
2019-06-25 11:48:08,364 [INFO] ProjectBuilder:2068 - Project Generator version: 3.3.0
2019-06-25 11:48:09,294 [INFO] ConfigFileManager:883 - The Die is : DIE410
2019-06-25 11:48:09,301 [INFO] LogOutputStream:68 - [STDOUT_REDIRECT] configName ==Arm Cortex-M3
2019-06-25 11:48:09,571 [INFO] LogOutputStream:68 - [STDOUT_REDIRECT] memory ==name="RAM" access="xrw" start="0x20000000" size="20"
2019-06-25 11:48:09,613 [INFO] LogOutputStream:68 - [STDOUT_REDIRECT] memory ==name="FLASH" access="rx" start="0x8000000" size="128"
2019-06-25 11:48:10,328 [INFO] LogOutputStream:68 - [STDOUT_REDIRECT] namefile= STM32CubeIDE
2019-06-25 11:48:10,329 [INFO] LogOutputStream:68 - [STDOUT_REDIRECT] method name===============update
2019-06-25 11:48:11,138 [INFO] ProjectBuilder:2161 - Time for Generating toolchain IDE Files: 2774mS.
2019-06-25 11:48:11,144 [INFO] ProjectBuilder:1391 - Time for Copy CMSIS : 1mS.
2019-06-25 11:48:11,147 [INFO] ProjectBuilder:1391 - Time for Copy CMSIS : 0mS.
2019-06-25 11:55:00,916 [INFO] Activator:176 - 


2019-06-25 11:55:00,921 [INFO] Activator:177 - !SESSION log4j initialized
2019-06-25 12:31:40,201 [INFO] Activator:176 - 


2019-06-25 12:31:40,273 [INFO] Activator:177 - !SESSION log4j initialized
2019-06-25 12:52:12,219 [INFO] Activator:176 - 


2019-06-25 12:52:12,225 [INFO] Activator:177 - !SESSION log4j initialized
