15:08:17 **** Programming project stm32f103rbFreeRtosTemplate on chip ****
"C:\\Ac6\\SystemWorkbench\\plugins\\fr.ac6.mcu.externaltools.openocd.win32_1.21.0.201811131241\\tools\\openocd\\bin\\openocd.exe" -f stm32.flash.3921002186726115789.cfg -s "C:\\Users\\erhan\\github\\mcu\\stm32f1_freertos_sw\\freeRtosTemplateWithCubeMX\\stm32f103rbFreeRtosTemplate" -s "C:\\Ac6\\SystemWorkbench\\plugins\\fr.ac6.mcu.debug_2.3.1.201811131241\\resources\\openocd\\st_scripts" -c "program Debug/stm32f103rbFreeRtosTemplate.elf verify reset exit" 
Open On-Chip Debugger 0.10.0-dev-00015-gaaf1808 (2018-11-13-13:07)
Licensed under GNU GPL v2
For bug reports, read
	http://openocd.org/doc/doxygen/bugs.html
srst_only separate srst_nogate srst_open_drain connect_assert_srst
Info : The selected transport took over low-level target control. The results might differ compared to plain JTAG/SWD
adapter_nsrst_delay: 100
adapter speed: 950 kHz
Info : clock speed 950 kHz
Info : STLINK v2.1 JTAG v31 API v2 M21 VID 0x0483 PID 0x374B
Info : using stlink api v2
Info : Target voltage: 3.285129
Info : Stlink adapter speed set to 950 kHz
Info : STM32F103RBTx.cpu: hardware has 6 breakpoints, 4 watchpoints
Info : Stlink adapter speed set to 950 kHz
adapter speed: 950 kHz
target halted due to debug-request, current mode: Thread 
xPSR: 0x01000000 pc: 0x080014d4 msp: 0x20005000
Info : Stlink adapter speed set to 4000 kHz
adapter speed: 4000 kHz
** Programming Started **
auto erase enabled
Info : device id = 0x20036410
Info : flash size = 128kbytes
target halted due to breakpoint, current mode: Thread 
xPSR: 0x61000000 pc: 0x2000003a msp: 0x20005000
wrote 10240 bytes from file Debug/stm32f103rbFreeRtosTemplate.elf in 0.628847s (15.902 KiB/s)
** Programming Finished **
** Verify Started **
target halted due to breakpoint, current mode: Thread 
xPSR: 0x61000000 pc: 0x2000002e msp: 0x20005000
target halted due to breakpoint, current mode: Thread 
xPSR: 0x61000000 pc: 0x2000002e msp: 0x20005000
verified 9644 bytes in 0.164648s (57.201 KiB/s)
** Verified OK **
** Resetting Target **
Info : Stlink adapter speed set to 950 kHz
adapter speed: 950 kHz
shutdown command invoked

15:08:21 Build Finished (took 4s.463ms)

