2019-07-01 18:43:21,570 [INFO] Activator:176 - 


2019-07-01 18:43:21,604 [INFO] Activator:177 - !SESSION log4j initialized
2019-07-01 18:43:41,578 [INFO] ApplicationProperties:181 - Using Application install path: C:\ST\STM32CubeIDE_1.0.1\STM32CubeIDE\plugins\com.st.stm32cube.common.mx_1.0.0.201906050926
2019-07-01 18:43:41,638 [INFO] DbMcusXml:68 - Set database path to: C:\ST\STM32CubeIDE_1.0.1\STM32CubeIDE\plugins\com.st.stm32cube.common.mx_1.0.0.201906050926\\db\/mcu/
2019-07-01 18:43:41,645 [INFO] DbBoardsPdsc:54 - Set plugin database path to: C:\ST\STM32CubeIDE_1.0.1\STM32CubeIDE\plugins\com.st.stm32cube.common.mx_1.0.0.201906050926\\db\/plugins/boardmanager/
2019-07-01 18:43:41,647 [INFO] DbMcus:262 - Set plugin images path to: C:\ST\STM32CubeIDE_1.0.1\STM32CubeIDE\plugins\com.st.stm32cube.common.mx_1.0.0.201906050926\\db\/plugins/mcufinder/images/
2019-07-01 18:43:41,647 [INFO] DbBoards:225 - Set plugin images path to: C:\ST\STM32CubeIDE_1.0.1\STM32CubeIDE\plugins\com.st.stm32cube.common.mx_1.0.0.201906050926\\db\/plugins/mcufinder/images/
2019-07-01 18:43:41,661 [INFO] APIGFXSelector:72 - Set database path to: C:\ST\STM32CubeIDE_1.0.1\STM32CubeIDE\plugins\com.st.stm32cube.common.mx_1.0.0.201906050926\\db\/plugins/mcufinder/mcu/
2019-07-01 18:43:41,871 [INFO] DbMcusAds:72 - Set database path to: C:\Users\erhan\.stmcufinder\plugins\mcufinder//mcu/
2019-07-01 18:43:41,873 [INFO] DbMcusDocs:90 - Set database path to: C:\Users\erhan\.stmcufinder\plugins\mcufinder//mcu/
2019-07-01 18:43:41,876 [INFO] DbMcusJson:59 - Set database path to: C:\Users\erhan\.stmcufinder\plugins\mcufinder//mcu/
2019-07-01 18:43:41,877 [INFO] DbBoardsDocs:82 - Set database path to: C:\Users\erhan\.stmcufinder\plugins\mcufinder//mcu/
2019-07-01 18:43:41,880 [INFO] DbBoardsJson:51 - Set database path to: C:\Users\erhan\.stmcufinder\plugins\mcufinder//mcu/
2019-07-01 18:43:44,668 [INFO] CrossReferenceDbSqlite:197 - Set database path to: C:\Users\erhan\.stmcufinder\plugins\mcufinder//mcu/cs/
2019-07-01 18:43:45,082 [INFO] RulesReader:52 - Compatibility file has been processed (156 Rules)
2019-07-01 18:43:45,551 [INFO] MicroXplorer:521 - Detected Java Version = 1.8.0_202
2019-07-01 18:43:45,551 [INFO] DbMcusXml:68 - Set database path to: C:\ST\STM32CubeIDE_1.0.1\STM32CubeIDE\plugins\com.st.stm32cube.common.mx_1.0.0.201906050926\\db\/mcu/
2019-07-01 18:43:45,551 [INFO] DbBoardsPdsc:54 - Set plugin database path to: C:\ST\STM32CubeIDE_1.0.1\STM32CubeIDE\plugins\com.st.stm32cube.common.mx_1.0.0.201906050926\\db\/plugins/boardmanager/
2019-07-01 18:43:45,553 [INFO] DbMcus:262 - Set plugin images path to: C:\ST\STM32CubeIDE_1.0.1\STM32CubeIDE\plugins\com.st.stm32cube.common.mx_1.0.0.201906050926\\db\/plugins/mcufinder/images/
2019-07-01 18:43:45,553 [INFO] DbBoards:225 - Set plugin images path to: C:\ST\STM32CubeIDE_1.0.1\STM32CubeIDE\plugins\com.st.stm32cube.common.mx_1.0.0.201906050926\\db\/plugins/mcufinder/images/
2019-07-01 18:43:45,554 [INFO] APIGFXSelector:72 - Set database path to: C:\ST\STM32CubeIDE_1.0.1\STM32CubeIDE\plugins\com.st.stm32cube.common.mx_1.0.0.201906050926\\db\/plugins/mcufinder/mcu/
2019-07-01 18:43:45,554 [WARN] DbFile:31 - Overriding database path with different value: C:\Users\erhan\.stmcufinder\plugins\mcufinder/ => C:\Users\erhan\.stmcufinder\plugins\mcufinder
2019-07-01 18:43:45,555 [INFO] DbMcusAds:72 - Set database path to: C:\Users\erhan\.stmcufinder\plugins\mcufinder//mcu/
2019-07-01 18:43:45,555 [WARN] DbFile:31 - Overriding database path with different value: C:\Users\erhan\.stmcufinder\plugins\mcufinder/ => C:\Users\erhan\.stmcufinder\plugins\mcufinder
2019-07-01 18:43:45,555 [INFO] DbMcusDocs:90 - Set database path to: C:\Users\erhan\.stmcufinder\plugins\mcufinder//mcu/
2019-07-01 18:43:45,556 [WARN] DbFile:31 - Overriding database path with different value: C:\Users\erhan\.stmcufinder\plugins\mcufinder/ => C:\Users\erhan\.stmcufinder\plugins\mcufinder
2019-07-01 18:43:45,556 [INFO] DbMcusJson:59 - Set database path to: C:\Users\erhan\.stmcufinder\plugins\mcufinder//mcu/
2019-07-01 18:43:45,556 [WARN] DbFile:31 - Overriding database path with different value: C:\Users\erhan\.stmcufinder\plugins\mcufinder/ => C:\Users\erhan\.stmcufinder\plugins\mcufinder
2019-07-01 18:43:45,556 [INFO] DbBoardsDocs:82 - Set database path to: C:\Users\erhan\.stmcufinder\plugins\mcufinder//mcu/
2019-07-01 18:43:45,557 [WARN] DbFile:31 - Overriding database path with different value: C:\Users\erhan\.stmcufinder\plugins\mcufinder/ => C:\Users\erhan\.stmcufinder\plugins\mcufinder
2019-07-01 18:43:45,557 [INFO] DbBoardsJson:51 - Set database path to: C:\Users\erhan\.stmcufinder\plugins\mcufinder//mcu/
2019-07-01 18:43:45,557 [WARN] DbFile:31 - Overriding database path with different value: C:\Users\erhan\.stmcufinder\plugins\mcufinder/ => C:\Users\erhan\.stmcufinder\plugins\mcufinder
2019-07-01 18:43:45,558 [WARN] DbFile:31 - Overriding database path with different value: C:\Users\erhan\.stmcufinder\plugins\mcufinder/ => C:\Users\erhan\.stmcufinder\plugins\mcufinder
2019-07-01 18:43:45,558 [INFO] CrossReferenceDbSqlite:197 - Set database path to: C:\Users\erhan\.stmcufinder\plugins\mcufinder//mcu/cs/
2019-07-01 18:43:45,937 [INFO] MainPanel:211 - HeapMemory: 268435456
2019-07-01 18:43:46,258 [INFO] DbMcusXml:68 - Set database path to: C:\ST\STM32CubeIDE_1.0.1\STM32CubeIDE\plugins\com.st.stm32cube.common.mx_1.0.0.201906050926\\db\/mcu/
2019-07-01 18:43:46,258 [INFO] DbBoardsPdsc:54 - Set plugin database path to: C:\ST\STM32CubeIDE_1.0.1\STM32CubeIDE\plugins\com.st.stm32cube.common.mx_1.0.0.201906050926\\db\/plugins/boardmanager/
2019-07-01 18:43:46,259 [INFO] DbMcus:262 - Set plugin images path to: C:\ST\STM32CubeIDE_1.0.1\STM32CubeIDE\plugins\com.st.stm32cube.common.mx_1.0.0.201906050926\\db\/plugins/mcufinder/images/
2019-07-01 18:43:46,259 [INFO] DbBoards:225 - Set plugin images path to: C:\ST\STM32CubeIDE_1.0.1\STM32CubeIDE\plugins\com.st.stm32cube.common.mx_1.0.0.201906050926\\db\/plugins/mcufinder/images/
2019-07-01 18:43:46,259 [INFO] APIGFXSelector:72 - Set database path to: C:\ST\STM32CubeIDE_1.0.1\STM32CubeIDE\plugins\com.st.stm32cube.common.mx_1.0.0.201906050926\\db\/plugins/mcufinder/mcu/
2019-07-01 18:43:46,279 [WARN] DbFile:31 - Overriding database path with different value: C:\Users\erhan\.stmcufinder\plugins\mcufinder/ => C:\Users\erhan\.stmcufinder\plugins\mcufinder
2019-07-01 18:43:46,280 [INFO] DbMcusAds:72 - Set database path to: C:\Users\erhan\.stmcufinder\plugins\mcufinder//mcu/
2019-07-01 18:43:46,280 [WARN] DbFile:31 - Overriding database path with different value: C:\Users\erhan\.stmcufinder\plugins\mcufinder/ => C:\Users\erhan\.stmcufinder\plugins\mcufinder
2019-07-01 18:43:46,280 [INFO] DbMcusDocs:90 - Set database path to: C:\Users\erhan\.stmcufinder\plugins\mcufinder//mcu/
2019-07-01 18:43:46,280 [WARN] DbFile:31 - Overriding database path with different value: C:\Users\erhan\.stmcufinder\plugins\mcufinder/ => C:\Users\erhan\.stmcufinder\plugins\mcufinder
2019-07-01 18:43:46,281 [INFO] DbMcusJson:59 - Set database path to: C:\Users\erhan\.stmcufinder\plugins\mcufinder//mcu/
2019-07-01 18:43:46,281 [WARN] DbFile:31 - Overriding database path with different value: C:\Users\erhan\.stmcufinder\plugins\mcufinder/ => C:\Users\erhan\.stmcufinder\plugins\mcufinder
2019-07-01 18:43:46,281 [INFO] DbBoardsDocs:82 - Set database path to: C:\Users\erhan\.stmcufinder\plugins\mcufinder//mcu/
2019-07-01 18:43:46,281 [WARN] DbFile:31 - Overriding database path with different value: C:\Users\erhan\.stmcufinder\plugins\mcufinder/ => C:\Users\erhan\.stmcufinder\plugins\mcufinder
2019-07-01 18:43:46,282 [INFO] DbBoardsJson:51 - Set database path to: C:\Users\erhan\.stmcufinder\plugins\mcufinder//mcu/
2019-07-01 18:43:46,282 [WARN] DbFile:31 - Overriding database path with different value: C:\Users\erhan\.stmcufinder\plugins\mcufinder/ => C:\Users\erhan\.stmcufinder\plugins\mcufinder
2019-07-01 18:43:46,282 [WARN] DbFile:31 - Overriding database path with different value: C:\Users\erhan\.stmcufinder\plugins\mcufinder/ => C:\Users\erhan\.stmcufinder\plugins\mcufinder
2019-07-01 18:43:46,282 [INFO] CrossReferenceDbSqlite:197 - Set database path to: C:\Users\erhan\.stmcufinder\plugins\mcufinder//mcu/cs/
2019-07-01 18:43:46,446 [INFO] ApplicationProperties:181 - Using Application install path: C:\ST\STM32CubeIDE_1.0.1\STM32CubeIDE\plugins\com.st.stm32cube.common.mx_1.0.0.201906050926
2019-07-01 18:43:46,470 [INFO] PluginManage:178 - Search for loadable plugins [exclusion list=]
2019-07-01 18:43:46,493 [INFO] PluginManage:292 - Check plugin analytics
2019-07-01 18:43:46,577 [INFO] PluginManage:342 - Loaded plugin analytics (category:tool,tabindex:-1)
2019-07-01 18:43:46,578 [INFO] PluginManage:292 - Check plugin clock
2019-07-01 18:43:46,646 [INFO] PluginManage:342 - Loaded plugin clock (category:base,tabindex:2)
2019-07-01 18:43:46,646 [INFO] PluginManage:292 - Check plugin ddr
2019-07-01 18:43:46,704 [INFO] PluginManage:342 - Loaded plugin ddr (category:tool,tabindex:6)
2019-07-01 18:43:46,705 [INFO] PluginManage:292 - Check plugin filemanager
2019-07-01 18:43:47,585 [INFO] PluginManage:342 - Loaded plugin filemanager (category:base,tabindex:10)
2019-07-01 18:43:47,586 [INFO] PluginManage:292 - Check plugin ipmanager
2019-07-01 18:43:48,229 [INFO] PluginManage:342 - Loaded plugin ipmanager (category:base,tabindex:5)
2019-07-01 18:43:48,230 [INFO] PluginManage:292 - Check plugin pinoutandconfiguration
2019-07-01 18:43:49,081 [INFO] PluginManage:342 - Loaded plugin pinoutandconfiguration (category:base,tabindex:1)
2019-07-01 18:43:49,082 [INFO] PluginManage:292 - Check plugin pinoutconfig
2019-07-01 18:43:49,702 [INFO] PluginManage:342 - Loaded plugin pinoutconfig (category:base,tabindex:0)
2019-07-01 18:43:49,702 [INFO] PluginManage:292 - Check plugin power
2019-07-01 18:43:49,741 [INFO] PluginManage:342 - Loaded plugin power (category:power,tabindex:4)
2019-07-01 18:43:49,742 [INFO] PluginManage:292 - Check plugin projectmanager
2019-07-01 18:43:49,770 [INFO] PluginManage:342 - Loaded plugin projectmanager (category:projectmanager,tabindex:3)
2019-07-01 18:43:49,771 [INFO] PluginManage:292 - Check plugin thirdparty
2019-07-01 18:43:51,306 [INFO] ThirdPartyDb:293 - Open Third Party DataBase File (C:/Users/erhan/.stm32cubemx/plugins/thirdparty/db/thirdparties_db.xml) : 116 ms. number of Sw pack : 14
2019-07-01 18:43:51,342 [INFO] PluginManage:342 - Loaded plugin thirdparty (category:base,tabindex:-1)
2019-07-01 18:43:51,343 [INFO] PluginManage:292 - Check plugin tools
2019-07-01 18:43:51,474 [INFO] PluginManage:342 - Loaded plugin tools (category:base,tabindex:7)
2019-07-01 18:43:51,475 [INFO] PluginManage:292 - Check plugin updater
2019-07-01 18:43:51,519 [INFO] PluginManage:342 - Loaded plugin updater (category:base,tabindex:12)
2019-07-01 18:43:51,520 [INFO] PluginManage:265 - PluginManage : Loaded plugins [12]
2019-07-01 18:43:52,221 [INFO] PinOutPanel:1361 - setPackage(No Configuration,No Configuration)
2019-07-01 18:43:52,738 [INFO] PluginManager:200 - loadIPPluginJar : add adc
2019-07-01 18:43:52,808 [INFO] PluginManager:200 - loadIPPluginJar : add aes
2019-07-01 18:43:52,931 [INFO] PluginManager:200 - loadIPPluginJar : add can
2019-07-01 18:43:52,998 [INFO] PluginManager:200 - loadIPPluginJar : add comp
2019-07-01 18:43:53,100 [INFO] PluginManager:200 - loadIPPluginJar : add cryp
2019-07-01 18:43:53,153 [INFO] PluginManager:200 - loadIPPluginJar : add dfsdm
2019-07-01 18:43:53,362 [INFO] PluginManager:200 - loadIPPluginJar : add dma
2019-07-01 18:43:53,398 [INFO] PluginManager:200 - loadIPPluginJar : add fatfs
2019-07-01 18:43:53,545 [INFO] PluginManager:200 - loadIPPluginJar : add fmc
2019-07-01 18:43:54,312 [INFO] PluginManager:200 - loadIPPluginJar : add freertos
2019-07-01 18:43:54,397 [INFO] PluginManager:200 - loadIPPluginJar : add genericplugin
2019-07-01 18:43:54,673 [INFO] PluginManager:200 - loadIPPluginJar : add gfxmmu
2019-07-01 18:43:55,119 [INFO] PluginManager:200 - loadIPPluginJar : add gfxsimulator
2019-07-01 18:43:56,702 [INFO] PluginManager:200 - loadIPPluginJar : add gic
2019-07-01 18:43:57,100 [INFO] PluginManager:200 - loadIPPluginJar : add gpio
2019-07-01 18:43:57,176 [INFO] PluginManager:200 - loadIPPluginJar : add hash
2019-07-01 18:43:57,352 [INFO] PluginManager:200 - loadIPPluginJar : add i2c
2019-07-01 18:43:57,431 [INFO] PluginManager:200 - loadIPPluginJar : add i2s
2019-07-01 18:43:57,909 [INFO] PluginManager:200 - loadIPPluginJar : add ipddr
2019-07-01 18:43:57,994 [INFO] PluginManager:200 - loadIPPluginJar : add ltdc
2019-07-01 18:43:58,250 [INFO] PluginManager:200 - loadIPPluginJar : add mdma
2019-07-01 18:43:58,498 [INFO] PluginManager:200 - loadIPPluginJar : add nvic
2019-07-01 18:43:58,593 [INFO] PluginManager:200 - loadIPPluginJar : add opamp
2019-07-01 18:43:58,688 [INFO] PluginManager:200 - loadIPPluginJar : add pdm2pcm
2019-07-01 18:43:58,890 [INFO] PluginManager:200 - loadIPPluginJar : add plateformsettings
2019-07-01 18:43:59,022 [INFO] PluginManager:200 - loadIPPluginJar : add quadspi
2019-07-01 18:43:59,780 [INFO] PluginManager:200 - loadIPPluginJar : add resmgrutility
2019-07-01 18:43:59,979 [INFO] PluginManager:200 - loadIPPluginJar : add sai
2019-07-01 18:44:00,052 [INFO] PluginManager:200 - loadIPPluginJar : add spi
2019-07-01 18:44:00,139 [INFO] PluginManager:200 - loadIPPluginJar : add stm32_wpan
2019-07-01 18:44:00,173 [INFO] PluginManager:200 - loadIPPluginJar : add tim
2019-07-01 18:44:00,392 [INFO] PluginManager:200 - loadIPPluginJar : add touchsensing
2019-07-01 18:44:00,433 [INFO] PluginManager:200 - loadIPPluginJar : add tracer_emb
2019-07-01 18:44:00,484 [INFO] PluginManager:200 - loadIPPluginJar : add ts
2019-07-01 18:44:00,522 [INFO] PluginManager:200 - loadIPPluginJar : add tsc
2019-07-01 18:44:00,559 [INFO] PluginManager:200 - loadIPPluginJar : add ucpd
2019-07-01 18:44:00,668 [INFO] PluginManager:200 - loadIPPluginJar : add usart
2019-07-01 18:44:02,882 [FATAL] Updater:277 - Updater called before beeing initialized
2019-07-01 18:44:03,371 [FATAL] Updater:277 - Updater called before beeing initialized
2019-07-01 18:44:03,372 [ERROR] IntegrityCheckThread:227 - Cannot obtain thirdParties list 21
2019-07-01 18:44:03,372 [ERROR] IntegrityCheckThread:96 - Unexpected exception IntegrityCheckThread Thread: Updater error
2019-07-01 18:44:03,377 [ERROR] LogOutputStream:66 - [STDERR_REDIRECT] java.lang.Exception: Updater error
2019-07-01 18:44:03,380 [ERROR] LogOutputStream:66 - [STDERR_REDIRECT] 	at com.st.microxplorer.plugins.thirdparty.engine.IntegrityCheckThread.getUpdaterThirdPartyList(IntegrityCheckThread.java:239)
2019-07-01 18:44:03,384 [ERROR] LogOutputStream:66 - [STDERR_REDIRECT] 	at com.st.microxplorer.plugins.thirdparty.engine.IntegrityCheckThread.run(IntegrityCheckThread.java:61)
2019-07-01 18:44:03,385 [INFO] ThirdPartyDb:263 - Close Third Party DataBase File (C:/Users/erhan/.stm32cubemx/plugins/thirdparty/db/thirdparties_db.xml)
2019-07-01 18:44:03,621 [FATAL] Updater:277 - Updater called before beeing initialized
2019-07-01 18:44:03,642 [INFO] PinOutPanel:1361 - setPackage(No Configuration,No Configuration)
2019-07-01 18:44:03,643 [FATAL] Updater:277 - Updater called before beeing initialized
2019-07-01 18:44:03,927 [INFO] Updater:860 - Updater Version found : 5.2.1
2019-07-01 18:44:03,992 [INFO] ApplicationProperties:181 - Using Application install path: C:\ST\STM32CubeIDE_1.0.1\STM32CubeIDE\plugins\com.st.stm32cube.common.mx_1.0.0.201906050926
2019-07-01 18:44:15,173 [INFO] MainUpdater:2032 - connection check result : 10
2019-07-01 18:44:15,197 [INFO] MainUpdater:223 - Updater Check For Update Now.
2019-07-01 18:44:15,198 [INFO] MicroXplorer:401 - Change Database Version : DB.5.0.21
2019-07-01 18:44:15,398 [INFO] CheckServerUpdateThread:121 - End of CheckServer Thread
2019-07-01 18:44:15,399 [INFO] MainUpdater:2032 - connection check result : 10
2019-07-01 18:44:15,400 [INFO] LogOutputStream:68 - [STDOUT_REDIRECT] Successfull proxy connection.
2019-07-01 18:44:16,491 [INFO] McuFinderGlobals:40 - Set McuFinder mode to 2 (CubeIDE integrated)
2019-07-01 18:44:16,514 [INFO] FinderPluginLoader:85 - Searching for filters in installed packs
2019-07-01 18:44:16,538 [INFO] DbMcusXml:106 - Load MCU database from C:\ST\STM32CubeIDE_1.0.1\STM32CubeIDE\plugins\com.st.stm32cube.common.mx_1.0.0.201906050926\\db\/mcu/families.xml
2019-07-01 18:44:18,238 [INFO] DbMcusJson:87 - JSON generation date=Tue May 21 21:47:07 EET 2019 (1558464427)
2019-07-01 18:44:23,404 [INFO] DbMcus:192 - Found 1486 MCUs (1445 are supported by CubeMX, 1445 are visible in CubeMX)
2019-07-01 18:44:23,559 [INFO] ApiDb:158 - Load user favorites file C:\Users\erhan/.stm32cubeide/favorites.mcus.txt: 0 item(s)
2019-07-01 18:44:23,559 [INFO] ApiDb:163 - User favorites MCUs=[]
2019-07-01 18:44:23,559 [INFO] DbMcus:203 - Set 0 / 0 favorites MCUs
2019-07-01 18:44:27,159 [INFO] DbMcusAds:130 - JSON generation date=Wed Feb 20 19:46:15 EET 2019 (1550681175)
2019-07-01 18:44:27,164 [INFO] LoadUrlFilesThread:147 - End of LoadServerUrlFiles without Thread
2019-07-01 18:44:27,454 [INFO] McuDetailPanel:180 - Set advertising image to C:/Users/erhan/STM32Cube/Repository/\PRSTM32MP10219-01-med.jpg
2019-07-01 18:44:31,652 [INFO] ServerAccessManage:347 - Download File mcusDocs.json
2019-07-01 18:44:31,898 [INFO] LoadUrlFilesThread:129 - End of LoadUrlFiles Thread
2019-07-01 18:44:39,401 [INFO] ServerAccessManage:347 - Download File mcusFeaturesAndDescription.json
2019-07-01 18:44:50,560 [INFO] LoadUrlFilesThread:129 - End of LoadUrlFiles Thread
2019-07-01 18:44:50,793 [INFO] ServerAccessManage:347 - Download File mcusAds.json
2019-07-01 18:44:50,814 [INFO] LoadUrlFilesThread:129 - End of LoadUrlFiles Thread
2019-07-01 18:44:52,224 [INFO] ServerAccessManage:347 - Download File boardsDocs.json
2019-07-01 18:44:52,392 [INFO] LoadUrlFilesThread:129 - End of LoadUrlFiles Thread
2019-07-01 18:44:52,805 [INFO] ServerAccessManage:347 - Download File boards.json
2019-07-01 18:44:53,342 [INFO] LoadUrlFilesThread:129 - End of LoadUrlFiles Thread
2019-07-01 18:44:57,638 [INFO] ServerAccessManage:347 - Download File crdb.zip
2019-07-01 18:44:58,487 [INFO] FileExtend:190 - Unzip File : crdb.zip
2019-07-01 18:44:58,499 [INFO] FileExtend:205 - Standard Zip Deflate
2019-07-01 18:44:58,630 [INFO] LoadUrlFilesThread:129 - End of LoadUrlFiles Thread
2019-07-01 18:44:58,637 [INFO] DbMcusDocs:127 - JSON generation date=Fri Jun 21 13:28:09 EET 2019 (1561112889)
2019-07-01 18:44:58,715 [INFO] DbMcusDocs:59 - Found 66 MCUs documents
2019-07-01 18:44:58,717 [INFO] ApiDb:186 - Save user favorites file C:\Users\erhan/.stm32cubeide/favorites.mcus.txt: 0 item(s)
2019-07-01 18:44:58,717 [INFO] ApiDb:191 - User favorites MCUs=[]
2019-07-01 18:44:58,717 [INFO] DbMcusXml:106 - Load MCU database from C:\ST\STM32CubeIDE_1.0.1\STM32CubeIDE\plugins\com.st.stm32cube.common.mx_1.0.0.201906050926\\db\/mcu/families.xml
2019-07-01 18:45:00,619 [INFO] DbMcusJson:87 - JSON generation date=Fri Jun 21 13:28:09 EET 2019 (1561112889)
2019-07-01 18:45:02,502 [INFO] DbMcus:192 - Found 1486 MCUs (1445 are supported by CubeMX, 1445 are visible in CubeMX)
2019-07-01 18:45:02,503 [INFO] ApiDb:158 - Load user favorites file C:\Users\erhan/.stm32cubeide/favorites.mcus.txt: 0 item(s)
2019-07-01 18:45:02,503 [INFO] ApiDb:163 - User favorites MCUs=[]
2019-07-01 18:45:02,504 [INFO] DbMcus:203 - Set 0 / 0 favorites MCUs
2019-07-01 18:45:02,776 [INFO] McuFilterPanel:282 - Update 0 favorites MCUs
2019-07-01 18:45:03,486 [INFO] DbBoardsDocs:119 - JSON generation date=Fri Jun 21 13:28:09 EET 2019 (1561112889)
2019-07-01 18:45:03,643 [INFO] DbBoardsPdsc:92 - Found 18 items
2019-07-01 18:45:03,672 [INFO] DbBoardsPdsc:92 - Found 9 items
2019-07-01 18:45:03,711 [INFO] DbBoardsPdsc:92 - Found 27 items
2019-07-01 18:45:03,722 [INFO] DbBoardsPdsc:92 - Found 1 items
2019-07-01 18:45:03,745 [INFO] DbBoardsPdsc:92 - Found 35 items
2019-07-01 18:45:03,768 [INFO] DbBoardsPdsc:92 - Found 37 items
2019-07-01 18:45:03,806 [INFO] DbBoardsJson:79 - JSON generation date=Fri Jun 21 14:52:52 EET 2019 (1561117972)
2019-07-01 18:45:03,812 [INFO] DbBoards:120 - Found 127 boards (126 are supported by CubeMX)
2019-07-01 18:45:03,813 [WARN] DbBoards:145 - board NUCLEO-F303ZE / document id not found: 3602
2019-07-01 18:45:03,813 [WARN] DbBoards:145 - board NUCLEO-F303ZE / document id not found: 3989
2019-07-01 18:45:03,813 [WARN] DbBoards:145 - board NUCLEO-F303ZE / document id not found: 4166
2019-07-01 18:45:03,813 [WARN] DbBoards:149 - board NUCLEO-F303ZE has no document !
2019-07-01 18:45:03,813 [WARN] DbBoards:145 - board NUCLEO-F207ZG / document id not found: 3602
2019-07-01 18:45:03,814 [WARN] DbBoards:145 - board NUCLEO-F207ZG / document id not found: 3989
2019-07-01 18:45:03,814 [WARN] DbBoards:145 - board NUCLEO-F207ZG / document id not found: 4166
2019-07-01 18:45:03,814 [WARN] DbBoards:149 - board NUCLEO-F207ZG has no document !
2019-07-01 18:45:03,814 [WARN] DbBoards:145 - board NUCLEO-F429ZI / document id not found: 3602
2019-07-01 18:45:03,814 [WARN] DbBoards:145 - board NUCLEO-F429ZI / document id not found: 3989
2019-07-01 18:45:03,814 [WARN] DbBoards:145 - board NUCLEO-F429ZI / document id not found: 4166
2019-07-01 18:45:03,814 [WARN] DbBoards:149 - board NUCLEO-F429ZI has no document !
2019-07-01 18:45:03,814 [WARN] DbBoards:145 - board NUCLEO-F446ZE / document id not found: 3602
2019-07-01 18:45:03,815 [WARN] DbBoards:145 - board NUCLEO-F446ZE / document id not found: 3989
2019-07-01 18:45:03,815 [WARN] DbBoards:145 - board NUCLEO-F446ZE / document id not found: 4166
2019-07-01 18:45:03,815 [WARN] DbBoards:149 - board NUCLEO-F446ZE has no document !
2019-07-01 18:45:03,815 [WARN] DbBoards:145 - board NUCLEO-F746ZG / document id not found: 3602
2019-07-01 18:45:03,815 [WARN] DbBoards:145 - board NUCLEO-F746ZG / document id not found: 3989
2019-07-01 18:45:03,815 [WARN] DbBoards:145 - board NUCLEO-F746ZG / document id not found: 4166
2019-07-01 18:45:03,815 [WARN] DbBoards:149 - board NUCLEO-F746ZG has no document !
2019-07-01 18:45:03,816 [WARN] DbBoards:145 - board NUCLEO-F767ZI / document id not found: 3602
2019-07-01 18:45:03,816 [WARN] DbBoards:145 - board NUCLEO-F767ZI / document id not found: 3989
2019-07-01 18:45:03,816 [WARN] DbBoards:145 - board NUCLEO-F767ZI / document id not found: 4166
2019-07-01 18:45:03,816 [WARN] DbBoards:149 - board NUCLEO-F767ZI has no document !
2019-07-01 18:45:03,816 [WARN] DbBoards:145 - board NUCLEO-F412ZG / document id not found: 3602
2019-07-01 18:45:03,816 [WARN] DbBoards:145 - board NUCLEO-F412ZG / document id not found: 3989
2019-07-01 18:45:03,816 [WARN] DbBoards:145 - board NUCLEO-F412ZG / document id not found: 4166
2019-07-01 18:45:03,817 [WARN] DbBoards:149 - board NUCLEO-F412ZG has no document !
2019-07-01 18:45:03,817 [WARN] DbBoards:145 - board NUCLEO-F413ZH / document id not found: 3602
2019-07-01 18:45:03,817 [WARN] DbBoards:145 - board NUCLEO-F413ZH / document id not found: 3989
2019-07-01 18:45:03,817 [WARN] DbBoards:145 - board NUCLEO-F413ZH / document id not found: 4166
2019-07-01 18:45:03,817 [WARN] DbBoards:149 - board NUCLEO-F413ZH has no document !
2019-07-01 18:45:03,817 [WARN] DbBoards:145 - board NUCLEO-L496ZG / document id not found: 3602
2019-07-01 18:45:03,818 [WARN] DbBoards:145 - board NUCLEO-L496ZG / document id not found: 4165
2019-07-01 18:45:03,818 [WARN] DbBoards:145 - board NUCLEO-L496ZG / document id not found: 4166
2019-07-01 18:45:03,818 [WARN] DbBoards:149 - board NUCLEO-L496ZG has no document !
2019-07-01 18:45:03,818 [WARN] DbBoards:145 - board NUCLEO-L496ZG-P / document id not found: 3602
2019-07-01 18:45:03,818 [WARN] DbBoards:145 - board NUCLEO-L496ZG-P / document id not found: 4165
2019-07-01 18:45:03,818 [WARN] DbBoards:145 - board NUCLEO-L496ZG-P / document id not found: 4166
2019-07-01 18:45:03,818 [WARN] DbBoards:149 - board NUCLEO-L496ZG-P has no document !
2019-07-01 18:45:03,819 [WARN] DbBoards:145 - board NUCLEO-L4R5ZI / document id not found: 3602
2019-07-01 18:45:03,819 [WARN] DbBoards:145 - board NUCLEO-L4R5ZI / document id not found: 4165
2019-07-01 18:45:03,819 [WARN] DbBoards:145 - board NUCLEO-L4R5ZI / document id not found: 4166
2019-07-01 18:45:03,820 [WARN] DbBoards:149 - board NUCLEO-L4R5ZI has no document !
2019-07-01 18:45:03,820 [WARN] DbBoards:145 - board NUCLEO-L4R5ZI-P / document id not found: 3602
2019-07-01 18:45:03,820 [WARN] DbBoards:145 - board NUCLEO-L4R5ZI-P / document id not found: 4165
2019-07-01 18:45:03,820 [WARN] DbBoards:145 - board NUCLEO-L4R5ZI-P / document id not found: 4166
2019-07-01 18:45:03,820 [WARN] DbBoards:149 - board NUCLEO-L4R5ZI-P has no document !
2019-07-01 18:45:03,820 [WARN] DbBoards:145 - board NUCLEO-F722ZE / document id not found: 3602
2019-07-01 18:45:03,821 [WARN] DbBoards:145 - board NUCLEO-F722ZE / document id not found: 3989
2019-07-01 18:45:03,821 [WARN] DbBoards:145 - board NUCLEO-F722ZE / document id not found: 4166
2019-07-01 18:45:03,821 [WARN] DbBoards:149 - board NUCLEO-F722ZE has no document !
2019-07-01 18:45:03,821 [WARN] DbBoards:145 - board NUCLEO-H743ZI / document id not found: 3602
2019-07-01 18:45:03,821 [WARN] DbBoards:145 - board NUCLEO-H743ZI / document id not found: 3989
2019-07-01 18:45:03,821 [WARN] DbBoards:145 - board NUCLEO-H743ZI / document id not found: 4166
2019-07-01 18:45:03,822 [WARN] DbBoards:145 - board NUCLEO-H743ZI / document id not found: 4418
2019-07-01 18:45:03,822 [WARN] DbBoards:149 - board NUCLEO-H743ZI has no document !
2019-07-01 18:45:03,822 [WARN] DbBoards:130 - board NUCLEO-H743ZI2 has no document id list !
2019-07-01 18:45:03,822 [WARN] DbBoards:145 - board NUCLEO-H753ZI / document id not found: 4166
2019-07-01 18:45:03,822 [WARN] DbBoards:145 - board NUCLEO-H753ZI / document id not found: 4418
2019-07-01 18:45:03,822 [WARN] DbBoards:149 - board NUCLEO-H753ZI has no document !
2019-07-01 18:45:03,823 [WARN] DbBoards:145 - board NUCLEO-H745ZI-Q / document id not found: 4166
2019-07-01 18:45:03,823 [WARN] DbBoards:145 - board NUCLEO-H745ZI-Q / document id not found: 4419
2019-07-01 18:45:03,823 [WARN] DbBoards:149 - board NUCLEO-H745ZI-Q has no document !
2019-07-01 18:45:03,823 [WARN] DbBoards:145 - board NUCLEO-H755ZI-Q / document id not found: 4166
2019-07-01 18:45:03,823 [WARN] DbBoards:145 - board NUCLEO-H755ZI-Q / document id not found: 4419
2019-07-01 18:45:03,823 [WARN] DbBoards:149 - board NUCLEO-H755ZI-Q has no document !
2019-07-01 18:45:03,824 [WARN] DbBoards:145 - board NUCLEO-F042K6 / document id not found: 3602
2019-07-01 18:45:03,824 [WARN] DbBoards:145 - board NUCLEO-F042K6 / document id not found: 3902
2019-07-01 18:45:03,824 [WARN] DbBoards:145 - board NUCLEO-F042K6 / document id not found: 3972
2019-07-01 18:45:03,824 [WARN] DbBoards:149 - board NUCLEO-F042K6 has no document !
2019-07-01 18:45:03,824 [WARN] DbBoards:145 - board NUCLEO-F031K6 / document id not found: 3602
2019-07-01 18:45:03,824 [WARN] DbBoards:145 - board NUCLEO-F031K6 / document id not found: 3902
2019-07-01 18:45:03,825 [WARN] DbBoards:145 - board NUCLEO-F031K6 / document id not found: 3972
2019-07-01 18:45:03,825 [WARN] DbBoards:149 - board NUCLEO-F031K6 has no document !
2019-07-01 18:45:03,825 [WARN] DbBoards:145 - board NUCLEO-F303K8 / document id not found: 3602
2019-07-01 18:45:03,825 [WARN] DbBoards:145 - board NUCLEO-F303K8 / document id not found: 3902
2019-07-01 18:45:03,825 [WARN] DbBoards:145 - board NUCLEO-F303K8 / document id not found: 3972
2019-07-01 18:45:03,825 [WARN] DbBoards:149 - board NUCLEO-F303K8 has no document !
2019-07-01 18:45:03,826 [WARN] DbBoards:145 - board NUCLEO-L031K6 / document id not found: 3602
2019-07-01 18:45:03,826 [WARN] DbBoards:145 - board NUCLEO-L031K6 / document id not found: 3902
2019-07-01 18:45:03,826 [WARN] DbBoards:145 - board NUCLEO-L031K6 / document id not found: 3972
2019-07-01 18:45:03,826 [WARN] DbBoards:149 - board NUCLEO-L031K6 has no document !
2019-07-01 18:45:03,826 [WARN] DbBoards:145 - board NUCLEO-L011K4 / document id not found: 3602
2019-07-01 18:45:03,826 [WARN] DbBoards:145 - board NUCLEO-L011K4 / document id not found: 3902
2019-07-01 18:45:03,827 [WARN] DbBoards:145 - board NUCLEO-L011K4 / document id not found: 3972
2019-07-01 18:45:03,827 [WARN] DbBoards:149 - board NUCLEO-L011K4 has no document !
2019-07-01 18:45:03,827 [WARN] DbBoards:145 - board NUCLEO-L432KC / document id not found: 3602
2019-07-01 18:45:03,827 [WARN] DbBoards:145 - board NUCLEO-L432KC / document id not found: 3902
2019-07-01 18:45:03,827 [WARN] DbBoards:145 - board NUCLEO-L432KC / document id not found: 3972
2019-07-01 18:45:03,827 [WARN] DbBoards:149 - board NUCLEO-L432KC has no document !
2019-07-01 18:45:03,828 [WARN] DbBoards:145 - board NUCLEO-L412KB / document id not found: 3602
2019-07-01 18:45:03,828 [WARN] DbBoards:145 - board NUCLEO-L412KB / document id not found: 3902
2019-07-01 18:45:03,828 [WARN] DbBoards:145 - board NUCLEO-L412KB / document id not found: 3972
2019-07-01 18:45:03,828 [WARN] DbBoards:149 - board NUCLEO-L412KB has no document !
2019-07-01 18:45:03,828 [WARN] DbBoards:145 - board NUCLEO-G431KB / document id not found: 3902
2019-07-01 18:45:03,828 [WARN] DbBoards:149 - board NUCLEO-G431KB has no document !
2019-07-01 18:45:03,829 [WARN] DbBoards:130 - board NUCLEO-G031K8 has no document id list !
2019-07-01 18:45:03,829 [WARN] DbBoards:145 - board NUCLEO-F030R8 / document id not found: 3598
2019-07-01 18:45:03,829 [WARN] DbBoards:145 - board NUCLEO-F030R8 / document id not found: 3600
2019-07-01 18:45:03,829 [WARN] DbBoards:145 - board NUCLEO-F030R8 / document id not found: 3602
2019-07-01 18:45:03,829 [WARN] DbBoards:149 - board NUCLEO-F030R8 has no document !
2019-07-01 18:45:03,829 [WARN] DbBoards:145 - board NUCLEO-F070RB / document id not found: 3598
2019-07-01 18:45:03,829 [WARN] DbBoards:145 - board NUCLEO-F070RB / document id not found: 3600
2019-07-01 18:45:03,830 [WARN] DbBoards:145 - board NUCLEO-F070RB / document id not found: 3602
2019-07-01 18:45:03,830 [WARN] DbBoards:149 - board NUCLEO-F070RB has no document !
2019-07-01 18:45:03,830 [WARN] DbBoards:145 - board NUCLEO-F072RB / document id not found: 3598
2019-07-01 18:45:03,830 [WARN] DbBoards:145 - board NUCLEO-F072RB / document id not found: 3600
2019-07-01 18:45:03,830 [WARN] DbBoards:145 - board NUCLEO-F072RB / document id not found: 3602
2019-07-01 18:45:03,830 [WARN] DbBoards:149 - board NUCLEO-F072RB has no document !
2019-07-01 18:45:03,830 [WARN] DbBoards:145 - board NUCLEO-F091RC / document id not found: 3598
2019-07-01 18:45:03,831 [WARN] DbBoards:145 - board NUCLEO-F091RC / document id not found: 3600
2019-07-01 18:45:03,831 [WARN] DbBoards:145 - board NUCLEO-F091RC / document id not found: 3602
2019-07-01 18:45:03,831 [WARN] DbBoards:149 - board NUCLEO-F091RC has no document !
2019-07-01 18:45:03,831 [WARN] DbBoards:145 - board NUCLEO-F103RB / document id not found: 3598
2019-07-01 18:45:03,831 [WARN] DbBoards:145 - board NUCLEO-F103RB / document id not found: 3600
2019-07-01 18:45:03,831 [WARN] DbBoards:145 - board NUCLEO-F103RB / document id not found: 3602
2019-07-01 18:45:03,831 [WARN] DbBoards:149 - board NUCLEO-F103RB has no document !
2019-07-01 18:45:03,832 [WARN] DbBoards:145 - board NUCLEO-F302R8 / document id not found: 3598
2019-07-01 18:45:03,832 [WARN] DbBoards:145 - board NUCLEO-F302R8 / document id not found: 3600
2019-07-01 18:45:03,832 [WARN] DbBoards:145 - board NUCLEO-F302R8 / document id not found: 3602
2019-07-01 18:45:03,832 [WARN] DbBoards:149 - board NUCLEO-F302R8 has no document !
2019-07-01 18:45:03,832 [WARN] DbBoards:145 - board NUCLEO-F303RE / document id not found: 3598
2019-07-01 18:45:03,833 [WARN] DbBoards:145 - board NUCLEO-F303RE / document id not found: 3600
2019-07-01 18:45:03,833 [WARN] DbBoards:145 - board NUCLEO-F303RE / document id not found: 3602
2019-07-01 18:45:03,833 [WARN] DbBoards:149 - board NUCLEO-F303RE has no document !
2019-07-01 18:45:03,833 [WARN] DbBoards:145 - board NUCLEO-F334R8 / document id not found: 3598
2019-07-01 18:45:03,833 [WARN] DbBoards:145 - board NUCLEO-F334R8 / document id not found: 3600
2019-07-01 18:45:03,833 [WARN] DbBoards:145 - board NUCLEO-F334R8 / document id not found: 3602
2019-07-01 18:45:03,833 [WARN] DbBoards:149 - board NUCLEO-F334R8 has no document !
2019-07-01 18:45:03,834 [WARN] DbBoards:145 - board NUCLEO-F401RE / document id not found: 3598
2019-07-01 18:45:03,834 [WARN] DbBoards:145 - board NUCLEO-F401RE / document id not found: 3600
2019-07-01 18:45:03,834 [WARN] DbBoards:145 - board NUCLEO-F401RE / document id not found: 3602
2019-07-01 18:45:03,834 [WARN] DbBoards:149 - board NUCLEO-F401RE has no document !
2019-07-01 18:45:03,834 [WARN] DbBoards:145 - board NUCLEO-F411RE / document id not found: 3598
2019-07-01 18:45:03,834 [WARN] DbBoards:145 - board NUCLEO-F411RE / document id not found: 3600
2019-07-01 18:45:03,835 [WARN] DbBoards:145 - board NUCLEO-F411RE / document id not found: 3602
2019-07-01 18:45:03,835 [WARN] DbBoards:149 - board NUCLEO-F411RE has no document !
2019-07-01 18:45:03,835 [WARN] DbBoards:145 - board NUCLEO-L053R8 / document id not found: 3598
2019-07-01 18:45:03,835 [WARN] DbBoards:145 - board NUCLEO-L053R8 / document id not found: 3600
2019-07-01 18:45:03,835 [WARN] DbBoards:145 - board NUCLEO-L053R8 / document id not found: 3602
2019-07-01 18:45:03,835 [WARN] DbBoards:149 - board NUCLEO-L053R8 has no document !
2019-07-01 18:45:03,836 [WARN] DbBoards:145 - board NUCLEO-L152RE / document id not found: 3598
2019-07-01 18:45:03,836 [WARN] DbBoards:145 - board NUCLEO-L152RE / document id not found: 3600
2019-07-01 18:45:03,836 [WARN] DbBoards:145 - board NUCLEO-L152RE / document id not found: 3602
2019-07-01 18:45:03,836 [WARN] DbBoards:149 - board NUCLEO-L152RE has no document !
2019-07-01 18:45:03,836 [WARN] DbBoards:145 - board NUCLEO-F446RE / document id not found: 3598
2019-07-01 18:45:03,836 [WARN] DbBoards:145 - board NUCLEO-F446RE / document id not found: 3600
2019-07-01 18:45:03,836 [WARN] DbBoards:145 - board NUCLEO-F446RE / document id not found: 3602
2019-07-01 18:45:03,837 [WARN] DbBoards:149 - board NUCLEO-F446RE has no document !
2019-07-01 18:45:03,837 [WARN] DbBoards:145 - board NUCLEO-L476RG / document id not found: 3598
2019-07-01 18:45:03,837 [WARN] DbBoards:145 - board NUCLEO-L476RG / document id not found: 3600
2019-07-01 18:45:03,837 [WARN] DbBoards:145 - board NUCLEO-L476RG / document id not found: 3602
2019-07-01 18:45:03,837 [WARN] DbBoards:149 - board NUCLEO-L476RG has no document !
2019-07-01 18:45:03,837 [WARN] DbBoards:145 - board NUCLEO-F410RB / document id not found: 3598
2019-07-01 18:45:03,838 [WARN] DbBoards:145 - board NUCLEO-F410RB / document id not found: 3600
2019-07-01 18:45:03,838 [WARN] DbBoards:145 - board NUCLEO-F410RB / document id not found: 3602
2019-07-01 18:45:03,838 [WARN] DbBoards:149 - board NUCLEO-F410RB has no document !
2019-07-01 18:45:03,838 [WARN] DbBoards:145 - board NUCLEO-L073RZ / document id not found: 3598
2019-07-01 18:45:03,838 [WARN] DbBoards:145 - board NUCLEO-L073RZ / document id not found: 3600
2019-07-01 18:45:03,838 [WARN] DbBoards:145 - board NUCLEO-L073RZ / document id not found: 3602
2019-07-01 18:45:03,838 [WARN] DbBoards:149 - board NUCLEO-L073RZ has no document !
2019-07-01 18:45:03,839 [WARN] DbBoards:145 - board NUCLEO-L010RB / document id not found: 3598
2019-07-01 18:45:03,839 [WARN] DbBoards:145 - board NUCLEO-L010RB / document id not found: 3600
2019-07-01 18:45:03,839 [WARN] DbBoards:145 - board NUCLEO-L010RB / document id not found: 3602
2019-07-01 18:45:03,839 [WARN] DbBoards:149 - board NUCLEO-L010RB has no document !
2019-07-01 18:45:03,839 [WARN] DbBoards:145 - board NUCLEO-L452RE / document id not found: 3598
2019-07-01 18:45:03,839 [WARN] DbBoards:145 - board NUCLEO-L452RE / document id not found: 3600
2019-07-01 18:45:03,839 [WARN] DbBoards:145 - board NUCLEO-L452RE / document id not found: 3602
2019-07-01 18:45:03,840 [WARN] DbBoards:149 - board NUCLEO-L452RE has no document !
2019-07-01 18:45:03,840 [WARN] DbBoards:145 - board NUCLEO-L452RE-P / document id not found: 3600
2019-07-01 18:45:03,840 [WARN] DbBoards:145 - board NUCLEO-L452RE-P / document id not found: 3602
2019-07-01 18:45:03,840 [WARN] DbBoards:145 - board NUCLEO-L452RE-P / document id not found: 4216
2019-07-01 18:45:03,840 [WARN] DbBoards:149 - board NUCLEO-L452RE-P has no document !
2019-07-01 18:45:03,840 [WARN] DbBoards:145 - board NUCLEO-L433RC-P / document id not found: 3600
2019-07-01 18:45:03,840 [WARN] DbBoards:145 - board NUCLEO-L433RC-P / document id not found: 3602
2019-07-01 18:45:03,841 [WARN] DbBoards:145 - board NUCLEO-L433RC-P / document id not found: 4216
2019-07-01 18:45:03,841 [WARN] DbBoards:149 - board NUCLEO-L433RC-P has no document !
2019-07-01 18:45:03,841 [WARN] DbBoards:145 - board NUCLEO-L412RB-P / document id not found: 3600
2019-07-01 18:45:03,841 [WARN] DbBoards:145 - board NUCLEO-L412RB-P / document id not found: 3602
2019-07-01 18:45:03,841 [WARN] DbBoards:145 - board NUCLEO-L412RB-P / document id not found: 4216
2019-07-01 18:45:03,841 [WARN] DbBoards:149 - board NUCLEO-L412RB-P has no document !
2019-07-01 18:45:03,842 [WARN] DbBoards:145 - board NUCLEO-G071RB / document id not found: 3600
2019-07-01 18:45:03,842 [WARN] DbBoards:145 - board NUCLEO-G071RB / document id not found: 3602
2019-07-01 18:45:03,842 [WARN] DbBoards:145 - board NUCLEO-G071RB / document id not found: 4338
2019-07-01 18:45:03,842 [WARN] DbBoards:149 - board NUCLEO-G071RB has no document !
2019-07-01 18:45:03,842 [WARN] DbBoards:145 - board NUCLEO-G070RB / document id not found: 3600
2019-07-01 18:45:03,842 [WARN] DbBoards:145 - board NUCLEO-G070RB / document id not found: 3602
2019-07-01 18:45:03,842 [WARN] DbBoards:145 - board NUCLEO-G070RB / document id not found: 4338
2019-07-01 18:45:03,842 [WARN] DbBoards:149 - board NUCLEO-G070RB has no document !
2019-07-01 18:45:03,843 [WARN] DbBoards:130 - board P-NUCLEO-WB55-Nucleo has no document id list !
2019-07-01 18:45:03,843 [WARN] DbBoards:130 - board P-NUCLEO-WB55-USBDongle has no document id list !
2019-07-01 18:45:03,843 [WARN] DbBoards:145 - board NUCLEO-G431RB / document id not found: 3600
2019-07-01 18:45:03,843 [WARN] DbBoards:145 - board NUCLEO-G431RB / document id not found: 4430
2019-07-01 18:45:03,843 [WARN] DbBoards:149 - board NUCLEO-G431RB has no document !
2019-07-01 18:45:03,843 [WARN] DbBoards:145 - board NUCLEO-G474RE / document id not found: 3600
2019-07-01 18:45:03,844 [WARN] DbBoards:145 - board NUCLEO-G474RE / document id not found: 4430
2019-07-01 18:45:03,844 [WARN] DbBoards:149 - board NUCLEO-G474RE has no document !
2019-07-01 18:45:03,844 [WARN] DbBoards:130 - board P-NUCLEO-WB55 has no document id list !
2019-07-01 18:45:03,844 [WARN] DbBoards:145 - board STM32F0DISCOVERY / document id not found: 3294
2019-07-01 18:45:03,844 [WARN] DbBoards:145 - board STM32F0DISCOVERY / document id not found: 3402
2019-07-01 18:45:03,844 [WARN] DbBoards:145 - board STM32F0DISCOVERY / document id not found: 3405
2019-07-01 18:45:03,844 [WARN] DbBoards:145 - board STM32F0DISCOVERY / document id not found: 3407
2019-07-01 18:45:03,844 [WARN] DbBoards:145 - board STM32F0DISCOVERY / document id not found: 4079
2019-07-01 18:45:03,845 [WARN] DbBoards:149 - board STM32F0DISCOVERY has no document !
2019-07-01 18:45:03,845 [WARN] DbBoards:145 - board STM32F0308-DISCO / document id not found: 3522
2019-07-01 18:45:03,845 [WARN] DbBoards:145 - board STM32F0308-DISCO / document id not found: 3523
2019-07-01 18:45:03,845 [WARN] DbBoards:145 - board STM32F0308-DISCO / document id not found: 3550
2019-07-01 18:45:03,845 [WARN] DbBoards:145 - board STM32F0308-DISCO / document id not found: 4079
2019-07-01 18:45:03,845 [WARN] DbBoards:149 - board STM32F0308-DISCO has no document !
2019-07-01 18:45:03,845 [WARN] DbBoards:145 - board STM32F072B-DISCO / document id not found: 3562
2019-07-01 18:45:03,846 [WARN] DbBoards:145 - board STM32F072B-DISCO / document id not found: 3563
2019-07-01 18:45:03,846 [WARN] DbBoards:145 - board STM32F072B-DISCO / document id not found: 3584
2019-07-01 18:45:03,846 [WARN] DbBoards:145 - board STM32F072B-DISCO / document id not found: 4079
2019-07-01 18:45:03,846 [WARN] DbBoards:149 - board STM32F072B-DISCO has no document !
2019-07-01 18:45:03,846 [WARN] DbBoards:145 - board STM32F3DISCOVERY / document id not found: 3435
2019-07-01 18:45:03,846 [WARN] DbBoards:145 - board STM32F3DISCOVERY / document id not found: 3445
2019-07-01 18:45:03,846 [WARN] DbBoards:145 - board STM32F3DISCOVERY / document id not found: 3446
2019-07-01 18:45:03,847 [WARN] DbBoards:145 - board STM32F3DISCOVERY / document id not found: 3448
2019-07-01 18:45:03,847 [WARN] DbBoards:145 - board STM32F3DISCOVERY / document id not found: 4079
2019-07-01 18:45:03,847 [WARN] DbBoards:149 - board STM32F3DISCOVERY has no document !
2019-07-01 18:45:03,847 [WARN] DbBoards:145 - board STM32F3348-DISCO / document id not found: 3611
2019-07-01 18:45:03,847 [WARN] DbBoards:145 - board STM32F3348-DISCO / document id not found: 3621
2019-07-01 18:45:03,847 [WARN] DbBoards:145 - board STM32F3348-DISCO / document id not found: 3622
2019-07-01 18:45:03,847 [WARN] DbBoards:145 - board STM32F3348-DISCO / document id not found: 3627
2019-07-01 18:45:03,848 [WARN] DbBoards:145 - board STM32F3348-DISCO / document id not found: 3662
2019-07-01 18:45:03,848 [WARN] DbBoards:145 - board STM32F3348-DISCO / document id not found: 3682
2019-07-01 18:45:03,848 [WARN] DbBoards:145 - board STM32F3348-DISCO / document id not found: 4079
2019-07-01 18:45:03,848 [WARN] DbBoards:149 - board STM32F3348-DISCO has no document !
2019-07-01 18:45:03,848 [WARN] DbBoards:130 - board STM32F401C-DISCO has no document id list !
2019-07-01 18:45:03,848 [WARN] DbBoards:145 - board STM32F411E-DISCO / document id not found: 3725
2019-07-01 18:45:03,848 [WARN] DbBoards:145 - board STM32F411E-DISCO / document id not found: 3731
2019-07-01 18:45:03,849 [WARN] DbBoards:145 - board STM32F411E-DISCO / document id not found: 3799
2019-07-01 18:45:03,849 [WARN] DbBoards:145 - board STM32F411E-DISCO / document id not found: 4079
2019-07-01 18:45:03,850 [WARN] DbBoards:149 - board STM32F411E-DISCO has no document !
2019-07-01 18:45:03,850 [WARN] DbBoards:145 - board STM32F407G-DISC1 / document id not found: 3294
2019-07-01 18:45:03,850 [WARN] DbBoards:145 - board STM32F407G-DISC1 / document id not found: 3350
2019-07-01 18:45:03,850 [WARN] DbBoards:145 - board STM32F407G-DISC1 / document id not found: 3354
2019-07-01 18:45:03,850 [WARN] DbBoards:145 - board STM32F407G-DISC1 / document id not found: 3360
2019-07-01 18:45:03,851 [WARN] DbBoards:145 - board STM32F407G-DISC1 / document id not found: 3367
2019-07-01 18:45:03,851 [WARN] DbBoards:145 - board STM32F407G-DISC1 / document id not found: 3368
2019-07-01 18:45:03,851 [WARN] DbBoards:145 - board STM32F407G-DISC1 / document id not found: 4079
2019-07-01 18:45:03,851 [WARN] DbBoards:149 - board STM32F407G-DISC1 has no document !
2019-07-01 18:45:03,851 [WARN] DbBoards:145 - board STM32F429I-DISC1 / document id not found: 3360
2019-07-01 18:45:03,851 [WARN] DbBoards:145 - board STM32F429I-DISC1 / document id not found: 3533
2019-07-01 18:45:03,852 [WARN] DbBoards:145 - board STM32F429I-DISC1 / document id not found: 3540
2019-07-01 18:45:03,852 [WARN] DbBoards:145 - board STM32F429I-DISC1 / document id not found: 3556
2019-07-01 18:45:03,852 [WARN] DbBoards:145 - board STM32F429I-DISC1 / document id not found: 4079
2019-07-01 18:45:03,852 [WARN] DbBoards:149 - board STM32F429I-DISC1 has no document !
2019-07-01 18:45:03,852 [WARN] DbBoards:145 - board STM32F469I-DISCO / document id not found: 3907
2019-07-01 18:45:03,852 [WARN] DbBoards:145 - board STM32F469I-DISCO / document id not found: 3908
2019-07-01 18:45:03,853 [WARN] DbBoards:145 - board STM32F469I-DISCO / document id not found: 3976
2019-07-01 18:45:03,853 [WARN] DbBoards:145 - board STM32F469I-DISCO / document id not found: 4079
2019-07-01 18:45:03,853 [WARN] DbBoards:149 - board STM32F469I-DISCO has no document !
2019-07-01 18:45:03,853 [WARN] DbBoards:145 - board STM32F746G-DISCO / document id not found: 3807
2019-07-01 18:45:03,853 [WARN] DbBoards:145 - board STM32F746G-DISCO / document id not found: 3815
2019-07-01 18:45:03,853 [WARN] DbBoards:145 - board STM32F746G-DISCO / document id not found: 3983
2019-07-01 18:45:03,853 [WARN] DbBoards:145 - board STM32F746G-DISCO / document id not found: 4079
2019-07-01 18:45:03,854 [WARN] DbBoards:149 - board STM32F746G-DISCO has no document !
2019-07-01 18:45:03,854 [WARN] DbBoards:145 - board STM32F769I-DISCO / document id not found: 4053
2019-07-01 18:45:03,854 [WARN] DbBoards:145 - board STM32F769I-DISCO / document id not found: 4061
2019-07-01 18:45:03,854 [WARN] DbBoards:145 - board STM32F769I-DISCO / document id not found: 4079
2019-07-01 18:45:03,854 [WARN] DbBoards:149 - board STM32F769I-DISCO has no document !
2019-07-01 18:45:03,854 [WARN] DbBoards:130 - board STM32F769I-DISC1 has no document id list !
2019-07-01 18:45:03,854 [WARN] DbBoards:145 - board STM32F723E-DISCO / document id not found: 4079
2019-07-01 18:45:03,855 [WARN] DbBoards:145 - board STM32F723E-DISCO / document id not found: 4153
2019-07-01 18:45:03,855 [WARN] DbBoards:145 - board STM32F723E-DISCO / document id not found: 4154
2019-07-01 18:45:03,855 [WARN] DbBoards:149 - board STM32F723E-DISCO has no document !
2019-07-01 18:45:03,855 [WARN] DbBoards:130 - board STM32F7308-DISCO has no document id list !
2019-07-01 18:45:03,855 [WARN] DbBoards:145 - board STM32F7508-DK / document id not found: 4079
2019-07-01 18:45:03,855 [WARN] DbBoards:145 - board STM32F7508-DK / document id not found: 4349
2019-07-01 18:45:03,855 [WARN] DbBoards:145 - board STM32F7508-DK / document id not found: 4350
2019-07-01 18:45:03,855 [WARN] DbBoards:149 - board STM32F7508-DK has no document !
2019-07-01 18:45:03,855 [WARN] DbBoards:145 - board STM32L0538-DISCO / document id not found: 3681
2019-07-01 18:45:03,856 [WARN] DbBoards:145 - board STM32L0538-DISCO / document id not found: 3696
2019-07-01 18:45:03,856 [WARN] DbBoards:145 - board STM32L0538-DISCO / document id not found: 3697
2019-07-01 18:45:03,856 [WARN] DbBoards:145 - board STM32L0538-DISCO / document id not found: 4079
2019-07-01 18:45:03,856 [WARN] DbBoards:149 - board STM32L0538-DISCO has no document !
2019-07-01 18:45:03,856 [WARN] DbBoards:145 - board STM32L100C-DISCO / document id not found: 3520
2019-07-01 18:45:03,856 [WARN] DbBoards:145 - board STM32L100C-DISCO / document id not found: 3521
2019-07-01 18:45:03,856 [WARN] DbBoards:145 - board STM32L100C-DISCO / document id not found: 4079
2019-07-01 18:45:03,857 [WARN] DbBoards:149 - board STM32L100C-DISCO has no document !
2019-07-01 18:45:03,857 [WARN] DbBoards:130 - board STM32L-DISCOVERY has no document id list !
2019-07-01 18:45:03,857 [WARN] DbBoards:145 - board STM32L152C-DISCO / document id not found: 3307
2019-07-01 18:45:03,857 [WARN] DbBoards:145 - board STM32L152C-DISCO / document id not found: 3309
2019-07-01 18:45:03,857 [WARN] DbBoards:145 - board STM32L152C-DISCO / document id not found: 3333
2019-07-01 18:45:03,857 [WARN] DbBoards:145 - board STM32L152C-DISCO / document id not found: 4079
2019-07-01 18:45:03,857 [WARN] DbBoards:149 - board STM32L152C-DISCO has no document !
2019-07-01 18:45:03,857 [WARN] DbBoards:145 - board STM32L476G-DISCO / document id not found: 3827
2019-07-01 18:45:03,857 [WARN] DbBoards:145 - board STM32L476G-DISCO / document id not found: 3828
2019-07-01 18:45:03,858 [WARN] DbBoards:145 - board STM32L476G-DISCO / document id not found: 3847
2019-07-01 18:45:03,858 [WARN] DbBoards:145 - board STM32L476G-DISCO / document id not found: 4079
2019-07-01 18:45:03,858 [WARN] DbBoards:149 - board STM32L476G-DISCO has no document !
2019-07-01 18:45:03,858 [WARN] DbBoards:145 - board STM32F412G-DISCO / document id not found: 4079
2019-07-01 18:45:03,858 [WARN] DbBoards:145 - board STM32F412G-DISCO / document id not found: 4107
2019-07-01 18:45:03,858 [WARN] DbBoards:145 - board STM32F412G-DISCO / document id not found: 4108
2019-07-01 18:45:03,858 [WARN] DbBoards:149 - board STM32F412G-DISCO has no document !
2019-07-01 18:45:03,859 [WARN] DbBoards:145 - board STM32F413H-DISCO / document id not found: 4079
2019-07-01 18:45:03,859 [WARN] DbBoards:145 - board STM32F413H-DISCO / document id not found: 4147
2019-07-01 18:45:03,859 [WARN] DbBoards:145 - board STM32F413H-DISCO / document id not found: 4192
2019-07-01 18:45:03,859 [WARN] DbBoards:149 - board STM32F413H-DISCO has no document !
2019-07-01 18:45:03,859 [WARN] DbBoards:145 - board STM32VLDISCOVERY / document id not found: 3149
2019-07-01 18:45:03,859 [WARN] DbBoards:145 - board STM32VLDISCOVERY / document id not found: 3165
2019-07-01 18:45:03,859 [WARN] DbBoards:145 - board STM32VLDISCOVERY / document id not found: 3197
2019-07-01 18:45:03,859 [WARN] DbBoards:145 - board STM32VLDISCOVERY / document id not found: 3199
2019-07-01 18:45:03,859 [WARN] DbBoards:145 - board STM32VLDISCOVERY / document id not found: 3200
2019-07-01 18:45:03,860 [WARN] DbBoards:145 - board STM32VLDISCOVERY / document id not found: 4079
2019-07-01 18:45:03,860 [WARN] DbBoards:149 - board STM32VLDISCOVERY has no document !
2019-07-01 18:45:03,860 [WARN] DbBoards:145 - board STM32L496G-DISCO / document id not found: 4079
2019-07-01 18:45:03,860 [WARN] DbBoards:145 - board STM32L496G-DISCO / document id not found: 4155
2019-07-01 18:45:03,860 [WARN] DbBoards:145 - board STM32L496G-DISCO / document id not found: 4156
2019-07-01 18:45:03,860 [WARN] DbBoards:149 - board STM32L496G-DISCO has no document !
2019-07-01 18:45:03,860 [WARN] DbBoards:145 - board B-L475E-IOT01A1 / document id not found: 4079
2019-07-01 18:45:03,860 [WARN] DbBoards:145 - board B-L475E-IOT01A1 / document id not found: 4160
2019-07-01 18:45:03,861 [WARN] DbBoards:145 - board B-L475E-IOT01A1 / document id not found: 4200
2019-07-01 18:45:03,861 [WARN] DbBoards:149 - board B-L475E-IOT01A1 has no document !
2019-07-01 18:45:03,861 [WARN] DbBoards:145 - board STM32G071B-DISCO / document id not found: 4079
2019-07-01 18:45:03,861 [WARN] DbBoards:145 - board STM32G071B-DISCO / document id not found: 4389
2019-07-01 18:45:03,861 [WARN] DbBoards:145 - board STM32G071B-DISCO / document id not found: 4393
2019-07-01 18:45:03,861 [WARN] DbBoards:145 - board STM32G071B-DISCO / document id not found: 4441
2019-07-01 18:45:03,861 [WARN] DbBoards:149 - board STM32G071B-DISCO has no document !
2019-07-01 18:45:03,862 [WARN] DbBoards:130 - board STM32G0316-DISCO has no document id list !
2019-07-01 18:45:03,862 [WARN] DbBoards:145 - board STM32H747I-DISCO / document id not found: 4364
2019-07-01 18:45:03,862 [WARN] DbBoards:145 - board STM32H747I-DISCO / document id not found: 4365
2019-07-01 18:45:03,862 [WARN] DbBoards:149 - board STM32H747I-DISCO has no document !
2019-07-01 18:45:03,862 [WARN] DbBoards:130 - board STM32H747I-DISC1 has no document id list !
2019-07-01 18:45:03,862 [WARN] DbBoards:145 - board STM32H745I-DISCO / document id not found: 4395
2019-07-01 18:45:03,862 [WARN] DbBoards:145 - board STM32H745I-DISCO / document id not found: 4396
2019-07-01 18:45:03,863 [WARN] DbBoards:149 - board STM32H745I-DISCO has no document !
2019-07-01 18:45:03,863 [WARN] DbBoards:145 - board STM32H750B-DK / document id not found: 4395
2019-07-01 18:45:03,863 [WARN] DbBoards:145 - board STM32H750B-DK / document id not found: 4396
2019-07-01 18:45:03,863 [WARN] DbBoards:149 - board STM32H750B-DK has no document !
2019-07-01 18:45:03,863 [WARN] DbBoards:145 - board STM32L4R9I-DISCO / document id not found: 4079
2019-07-01 18:45:03,863 [WARN] DbBoards:145 - board STM32L4R9I-DISCO / document id not found: 4208
2019-07-01 18:45:03,864 [WARN] DbBoards:145 - board STM32L4R9I-DISCO / document id not found: 4244
2019-07-01 18:45:03,868 [WARN] DbBoards:149 - board STM32L4R9I-DISCO has no document !
2019-07-01 18:45:03,869 [WARN] DbBoards:145 - board B-L072Z-LRWAN1 / document id not found: 4079
2019-07-01 18:45:03,869 [WARN] DbBoards:145 - board B-L072Z-LRWAN1 / document id not found: 4157
2019-07-01 18:45:03,869 [WARN] DbBoards:145 - board B-L072Z-LRWAN1 / document id not found: 4158
2019-07-01 18:45:03,869 [WARN] DbBoards:145 - board B-L072Z-LRWAN1 / document id not found: 4159
2019-07-01 18:45:03,869 [WARN] DbBoards:149 - board B-L072Z-LRWAN1 has no document !
2019-07-01 18:45:03,869 [WARN] DbBoards:145 - board STM32MP157C-DK2 / document id not found: 4400
2019-07-01 18:45:03,869 [WARN] DbBoards:145 - board STM32MP157C-DK2 / document id not found: 4436
2019-07-01 18:45:03,870 [WARN] DbBoards:149 - board STM32MP157C-DK2 has no document !
2019-07-01 18:45:03,870 [WARN] DbBoards:145 - board STM32072B-EVAL / document id not found: 3578
2019-07-01 18:45:03,870 [WARN] DbBoards:145 - board STM32072B-EVAL / document id not found: 3579
2019-07-01 18:45:03,870 [WARN] DbBoards:149 - board STM32072B-EVAL has no document !
2019-07-01 18:45:03,870 [WARN] DbBoards:145 - board STM32091C-EVAL / document id not found: 3706
2019-07-01 18:45:03,870 [WARN] DbBoards:145 - board STM32091C-EVAL / document id not found: 3715
2019-07-01 18:45:03,870 [WARN] DbBoards:149 - board STM32091C-EVAL has no document !
2019-07-01 18:45:03,871 [WARN] DbBoards:145 - board STM3210C-EVAL / document id not found: 3049
2019-07-01 18:45:03,872 [WARN] DbBoards:145 - board STM3210C-EVAL / document id not found: 3182
2019-07-01 18:45:03,872 [WARN] DbBoards:149 - board STM3210C-EVAL has no document !
2019-07-01 18:45:03,872 [WARN] DbBoards:145 - board STM3210E-EVAL / document id not found: 2997
2019-07-01 18:45:03,873 [WARN] DbBoards:145 - board STM3210E-EVAL / document id not found: 3028
2019-07-01 18:45:03,873 [WARN] DbBoards:145 - board STM3210E-EVAL / document id not found: 3105
2019-07-01 18:45:03,873 [WARN] DbBoards:145 - board STM3210E-EVAL / document id not found: 3173
2019-07-01 18:45:03,873 [WARN] DbBoards:149 - board STM3210E-EVAL has no document !
2019-07-01 18:45:03,873 [WARN] DbBoards:145 - board STM32100E-EVAL / document id not found: 3268
2019-07-01 18:45:03,873 [WARN] DbBoards:145 - board STM32100E-EVAL / document id not found: 3274
2019-07-01 18:45:03,873 [WARN] DbBoards:149 - board STM32100E-EVAL has no document !
2019-07-01 18:45:03,874 [WARN] DbBoards:145 - board STM3220G-EVAL / document id not found: 3275
2019-07-01 18:45:03,874 [WARN] DbBoards:145 - board STM3220G-EVAL / document id not found: 3276
2019-07-01 18:45:03,874 [WARN] DbBoards:149 - board STM3220G-EVAL has no document !
2019-07-01 18:45:03,874 [WARN] DbBoards:145 - board STM3221G-EVAL / document id not found: 3286
2019-07-01 18:45:03,874 [WARN] DbBoards:145 - board STM3221G-EVAL / document id not found: 3298
2019-07-01 18:45:03,874 [WARN] DbBoards:149 - board STM3221G-EVAL has no document !
2019-07-01 18:45:03,874 [WARN] DbBoards:130 - board STM32303C-EVAL has no document id list !
2019-07-01 18:45:03,874 [WARN] DbBoards:145 - board STM32303E-EVAL / document id not found: 3703
2019-07-01 18:45:03,875 [WARN] DbBoards:145 - board STM32303E-EVAL / document id not found: 3705
2019-07-01 18:45:03,875 [WARN] DbBoards:149 - board STM32303E-EVAL has no document !
2019-07-01 18:45:03,875 [WARN] DbBoards:145 - board STM32373C-EVAL / document id not found: 3437
2019-07-01 18:45:03,876 [WARN] DbBoards:145 - board STM32373C-EVAL / document id not found: 3447
2019-07-01 18:45:03,876 [WARN] DbBoards:149 - board STM32373C-EVAL has no document !
2019-07-01 18:45:03,876 [WARN] DbBoards:145 - board STM3240G-EVAL / document id not found: 3344
2019-07-01 18:45:03,876 [WARN] DbBoards:145 - board STM3240G-EVAL / document id not found: 3351
2019-07-01 18:45:03,876 [WARN] DbBoards:149 - board STM3240G-EVAL has no document !
2019-07-01 18:45:03,876 [WARN] DbBoards:145 - board STM3241G-EVAL / document id not found: 3343
2019-07-01 18:45:03,876 [WARN] DbBoards:145 - board STM3241G-EVAL / document id not found: 3352
2019-07-01 18:45:03,876 [WARN] DbBoards:149 - board STM3241G-EVAL has no document !
2019-07-01 18:45:03,877 [WARN] DbBoards:145 - board STM32429I-EVAL1 / document id not found: 3530
2019-07-01 18:45:03,877 [WARN] DbBoards:145 - board STM32429I-EVAL1 / document id not found: 3541
2019-07-01 18:45:03,877 [WARN] DbBoards:149 - board STM32429I-EVAL1 has no document !
2019-07-01 18:45:03,877 [WARN] DbBoards:145 - board STM32439I-EVAL2 / document id not found: 3531
2019-07-01 18:45:03,877 [WARN] DbBoards:145 - board STM32439I-EVAL2 / document id not found: 3542
2019-07-01 18:45:03,877 [WARN] DbBoards:149 - board STM32439I-EVAL2 has no document !
2019-07-01 18:45:03,877 [WARN] DbBoards:130 - board STM32L152D-EVAL has no document id list !
2019-07-01 18:45:03,877 [WARN] DbBoards:145 - board STM32446E-EVAL / document id not found: 3767
2019-07-01 18:45:03,878 [WARN] DbBoards:145 - board STM32446E-EVAL / document id not found: 3772
2019-07-01 18:45:03,878 [WARN] DbBoards:149 - board STM32446E-EVAL has no document !
2019-07-01 18:45:03,878 [WARN] DbBoards:145 - board STM32746G-EVAL2 / document id not found: 3777
2019-07-01 18:45:03,878 [WARN] DbBoards:145 - board STM32746G-EVAL2 / document id not found: 3810
2019-07-01 18:45:03,878 [WARN] DbBoards:149 - board STM32746G-EVAL2 has no document !
2019-07-01 18:45:03,878 [WARN] DbBoards:145 - board STM32756G-EVAL2 / document id not found: 3776
2019-07-01 18:45:03,878 [WARN] DbBoards:145 - board STM32756G-EVAL2 / document id not found: 3811
2019-07-01 18:45:03,878 [WARN] DbBoards:149 - board STM32756G-EVAL2 has no document !
2019-07-01 18:45:03,879 [WARN] DbBoards:145 - board STM32F769I-EVAL / document id not found: 4054
2019-07-01 18:45:03,879 [WARN] DbBoards:145 - board STM32F769I-EVAL / document id not found: 4070
2019-07-01 18:45:03,879 [WARN] DbBoards:149 - board STM32F769I-EVAL has no document !
2019-07-01 18:45:03,879 [WARN] DbBoards:145 - board STM32F779I-EVAL / document id not found: 4055
2019-07-01 18:45:03,879 [WARN] DbBoards:145 - board STM32F779I-EVAL / document id not found: 4062
2019-07-01 18:45:03,879 [WARN] DbBoards:149 - board STM32F779I-EVAL has no document !
2019-07-01 18:45:03,879 [WARN] DbBoards:145 - board STM32L476G-EVAL / document id not found: 3750
2019-07-01 18:45:03,879 [WARN] DbBoards:145 - board STM32L476G-EVAL / document id not found: 3826
2019-07-01 18:45:03,879 [WARN] DbBoards:149 - board STM32L476G-EVAL has no document !
2019-07-01 18:45:03,880 [WARN] DbBoards:145 - board STM32469I-EVAL / document id not found: 3906
2019-07-01 18:45:03,880 [WARN] DbBoards:145 - board STM32469I-EVAL / document id not found: 3909
2019-07-01 18:45:03,880 [WARN] DbBoards:149 - board STM32469I-EVAL has no document !
2019-07-01 18:45:03,880 [WARN] DbBoards:145 - board STM32479I-EVAL / document id not found: 3905
2019-07-01 18:45:03,880 [WARN] DbBoards:145 - board STM32479I-EVAL / document id not found: 3910
2019-07-01 18:45:03,880 [WARN] DbBoards:149 - board STM32479I-EVAL has no document !
2019-07-01 18:45:03,880 [WARN] DbBoards:145 - board STM32L073Z-EVAL / document id not found: 3771
2019-07-01 18:45:03,880 [WARN] DbBoards:145 - board STM32L073Z-EVAL / document id not found: 3999
2019-07-01 18:45:03,881 [WARN] DbBoards:149 - board STM32L073Z-EVAL has no document !
2019-07-01 18:45:03,881 [WARN] DbBoards:145 - board STM32H743I-EVAL / document id not found: 4206
2019-07-01 18:45:03,881 [WARN] DbBoards:145 - board STM32H743I-EVAL / document id not found: 4210
2019-07-01 18:45:03,881 [WARN] DbBoards:149 - board STM32H743I-EVAL has no document !
2019-07-01 18:45:03,881 [WARN] DbBoards:130 - board STM32H743I-EVAL2 has no document id list !
2019-07-01 18:45:03,881 [WARN] DbBoards:145 - board STM32H753I-EVAL / document id not found: 4206
2019-07-01 18:45:03,885 [WARN] DbBoards:145 - board STM32H753I-EVAL / document id not found: 4210
2019-07-01 18:45:03,885 [WARN] DbBoards:149 - board STM32H753I-EVAL has no document !
2019-07-01 18:45:03,885 [WARN] DbBoards:130 - board STM32H753I-EVAL2 has no document id list !
2019-07-01 18:45:03,885 [WARN] DbBoards:145 - board STM32G081B-EVAL / document id not found: 4343
2019-07-01 18:45:03,886 [WARN] DbBoards:145 - board STM32G081B-EVAL / document id not found: 4363
2019-07-01 18:45:03,886 [WARN] DbBoards:149 - board STM32G081B-EVAL has no document !
2019-07-01 18:45:03,886 [WARN] DbBoards:130 - board STM32H747I-EVAL has no document id list !
2019-07-01 18:45:03,886 [WARN] DbBoards:130 - board STM32H757I-EVAL has no document id list !
2019-07-01 18:45:03,886 [WARN] DbBoards:145 - board STM32L4R9I-EVAL / document id not found: 4223
2019-07-01 18:45:03,886 [WARN] DbBoards:145 - board STM32L4R9I-EVAL / document id not found: 4239
2019-07-01 18:45:03,886 [WARN] DbBoards:149 - board STM32L4R9I-EVAL has no document !
2019-07-01 18:45:03,886 [WARN] DbBoards:145 - board STM32MP157C-EV1 / document id not found: 4399
2019-07-01 18:45:03,887 [WARN] DbBoards:145 - board STM32MP157C-EV1 / document id not found: 4437
2019-07-01 18:45:03,887 [WARN] DbBoards:149 - board STM32MP157C-EV1 has no document !
2019-07-01 18:45:03,887 [WARN] DbBoards:145 - board STM32MP157A-EV1 / document id not found: 4399
2019-07-01 18:45:03,887 [WARN] DbBoards:145 - board STM32MP157A-EV1 / document id not found: 4437
2019-07-01 18:45:03,887 [WARN] DbBoards:149 - board STM32MP157A-EV1 has no document !
2019-07-01 18:45:03,887 [WARN] DbBoards:145 - board STM32G474E-EVAL / document id not found: 4397
2019-07-01 18:45:03,887 [WARN] DbBoards:145 - board STM32G474E-EVAL / document id not found: 4432
2019-07-01 18:45:03,888 [WARN] DbBoards:149 - board STM32G474E-EVAL has no document !
2019-07-01 18:45:03,888 [WARN] DbBoards:130 - board STM32G474E-EVAL1 has no document id list !
2019-07-01 18:45:03,888 [WARN] DbBoards:145 - board STM32G484E-EVAL / document id not found: 4397
2019-07-01 18:45:03,888 [WARN] DbBoards:145 - board STM32G484E-EVAL / document id not found: 4432
2019-07-01 18:45:03,888 [WARN] DbBoards:149 - board STM32G484E-EVAL has no document !
2019-07-01 18:45:06,773 [INFO] ApiDb:158 - Load user favorites file C:\Users\erhan/.stm32cubeide/favorites.boards.txt: 0 item(s)
2019-07-01 18:45:06,774 [INFO] ApiDb:163 - User favorites Boards=[]
2019-07-01 18:45:06,774 [INFO] DbBoards:202 - Set 0 / 0 favorites Boards
2019-07-01 18:45:06,782 [INFO] DbBoardsDocs:55 - Found 151 boards documents
2019-07-01 18:45:06,783 [INFO] ApiDb:186 - Save user favorites file C:\Users\erhan/.stm32cubeide/favorites.boards.txt: 0 item(s)
2019-07-01 18:45:06,783 [INFO] ApiDb:191 - User favorites Boards=[]
2019-07-01 18:45:06,807 [INFO] DbBoardsPdsc:92 - Found 18 items
2019-07-01 18:45:06,815 [INFO] DbBoardsPdsc:92 - Found 9 items
2019-07-01 18:45:06,831 [INFO] DbBoardsPdsc:92 - Found 27 items
2019-07-01 18:45:06,854 [INFO] DbBoardsPdsc:92 - Found 1 items
2019-07-01 18:45:06,861 [INFO] DbBoardsPdsc:92 - Found 35 items
2019-07-01 18:45:06,869 [INFO] DbBoardsPdsc:92 - Found 37 items
2019-07-01 18:45:06,906 [INFO] DbBoardsJson:79 - JSON generation date=Fri Jun 21 14:52:52 EET 2019 (1561117972)
2019-07-01 18:45:06,916 [INFO] DbBoards:120 - Found 127 boards (126 are supported by CubeMX)
2019-07-01 18:45:06,917 [WARN] DbBoards:130 - board NUCLEO-H743ZI2 has no document id list !
2019-07-01 18:45:06,917 [WARN] DbBoards:130 - board NUCLEO-G031K8 has no document id list !
2019-07-01 18:45:06,918 [WARN] DbBoards:130 - board P-NUCLEO-WB55-Nucleo has no document id list !
2019-07-01 18:45:06,918 [WARN] DbBoards:130 - board P-NUCLEO-WB55-USBDongle has no document id list !
2019-07-01 18:45:06,918 [WARN] DbBoards:130 - board P-NUCLEO-WB55 has no document id list !
2019-07-01 18:45:06,918 [WARN] DbBoards:130 - board STM32F401C-DISCO has no document id list !
2019-07-01 18:45:06,918 [WARN] DbBoards:130 - board STM32F769I-DISC1 has no document id list !
2019-07-01 18:45:06,919 [WARN] DbBoards:130 - board STM32F7308-DISCO has no document id list !
2019-07-01 18:45:06,919 [WARN] DbBoards:130 - board STM32L-DISCOVERY has no document id list !
2019-07-01 18:45:06,919 [WARN] DbBoards:130 - board STM32G0316-DISCO has no document id list !
2019-07-01 18:45:06,919 [WARN] DbBoards:130 - board STM32H747I-DISC1 has no document id list !
2019-07-01 18:45:06,919 [WARN] DbBoards:130 - board STM32303C-EVAL has no document id list !
2019-07-01 18:45:06,920 [WARN] DbBoards:130 - board STM32L152D-EVAL has no document id list !
2019-07-01 18:45:06,920 [WARN] DbBoards:130 - board STM32H743I-EVAL2 has no document id list !
2019-07-01 18:45:06,920 [WARN] DbBoards:130 - board STM32H753I-EVAL2 has no document id list !
2019-07-01 18:45:06,920 [WARN] DbBoards:130 - board STM32H747I-EVAL has no document id list !
2019-07-01 18:45:06,920 [WARN] DbBoards:130 - board STM32H757I-EVAL has no document id list !
2019-07-01 18:45:06,920 [WARN] DbBoards:130 - board STM32G474E-EVAL1 has no document id list !
2019-07-01 18:45:07,913 [INFO] ApiDb:158 - Load user favorites file C:\Users\erhan/.stm32cubeide/favorites.boards.txt: 0 item(s)
2019-07-01 18:45:07,914 [INFO] ApiDb:163 - User favorites Boards=[]
2019-07-01 18:45:07,914 [INFO] DbBoards:202 - Set 0 / 0 favorites Boards
2019-07-01 18:45:08,273 [INFO] LoadUrlFilesThread:147 - End of LoadServerUrlFiles without Thread
2019-07-01 18:45:08,305 [INFO] McuFilterPanel:282 - Update 0 favorites MCUs
2019-07-01 18:45:08,657 [INFO] LoadUrlFilesThread:147 - End of LoadServerUrlFiles without Thread
2019-07-01 18:45:08,658 [INFO] BoardDetailPanel:179 - Set advertising image to C:/Users/erhan/STM32Cube/Repository/\PRSTM32MP10219-01-med.jpg
2019-07-01 18:45:08,734 [INFO] BoardFilterPanel:212 - Update 0 favorites Boards
2019-07-01 18:45:12,066 [INFO] CrossSelectorPresenter:1239 - Cross Selector saved comparison directory: C:\Users\erhan\.stmcufinder\plugins\mcufinder\mcu\cs_comparisons_mx
2019-07-01 18:45:40,732 [INFO] LogOutputStream:68 - [STDOUT_REDIRECT] withoutVersionV1.15.0
2019-07-01 18:45:50,505 [INFO] LogOutputStream:68 - [STDOUT_REDIRECT] File copied successfully!!
2019-07-01 18:45:55,921 [INFO] MainUpdater:2032 - connection check result : 10
2019-07-01 18:45:55,922 [INFO] LogOutputStream:68 - [STDOUT_REDIRECT] Successfull proxy connection.
2019-07-01 18:45:56,112 [INFO] MicroXplorer:371 - Change Database Path : 
2019-07-01 18:45:56,113 [INFO] MicroXplorer:401 - Change Database Version : DB.5.0.21
2019-07-01 18:45:56,117 [INFO] PinOutPanel:1361 - setPackage(No Configuration,No Configuration)
2019-07-01 18:45:56,118 [INFO] UtilMem:74 - Begin LoadConfig() Used Memory: 277787392 Bytes (609222656)
2019-07-01 18:45:56,119 [INFO] OpenFileManager:269 - Change cursor
2019-07-01 18:46:14,441 [INFO] Rule:205 - rule SPDIFRX instance for mcu is applicable
2019-07-01 18:46:14,442 [INFO] Rule:205 - rule Rename Tracer Mode is applicable
2019-07-01 18:46:14,442 [INFO] Rule:205 - rule SPDIFRX instance value for IP SPDIFRX is applicable
2019-07-01 18:46:14,442 [INFO] Rule:205 - rule SPDIFRX instance for signal is applicable
2019-07-01 18:46:14,442 [INFO] Rule:205 - rule SPDIFRX instance for project manager is applicable
2019-07-01 18:46:14,442 [INFO] Rule:205 - rule SPDIFRX instance for project manager is applicable
2019-07-01 18:46:14,524 [INFO] Rule:205 - rule Rename DIE462/DIE415 pin PC14/OSC32_IN -> PC14-OSC32_IN (PC14) is applicable
2019-07-01 18:46:14,524 [INFO] Rule:205 - rule Rename DIE462/DIE415 pin PC15/OSC32_OUT -> PC15-OSC32_OUT (PC15) is applicable
2019-07-01 18:46:14,525 [INFO] Rule:205 - rule Rename DIE462/DIE415 pin PH0/OSC_IN -> PH0-OSC_IN (PH0) is applicable
2019-07-01 18:46:14,525 [INFO] Rule:205 - rule Rename DIE462/DIE415 pin PH1/OSC_OUT -> PH1-OSC_OUT (PH1) is applicable
2019-07-01 18:46:14,525 [INFO] Rule:205 - rule Rename DIE462 pin PA13 -> PA13 (JTMS/SWDIO) is applicable
2019-07-01 18:46:14,525 [INFO] Rule:205 - rule Rename DIE415 pin PA13 -> PA13 (JTMS/SWDIO) is applicable
2019-07-01 18:46:14,525 [INFO] Rule:205 - rule Rename DIE462 pin PA14 -> PA14 (JTCK/SWCLK) is applicable
2019-07-01 18:46:14,525 [INFO] Rule:205 - rule Rename DIE415 pin PA14 -> PA14 (JTCK/SWCLK) is applicable
2019-07-01 18:46:14,525 [INFO] Rule:205 - rule Rename DIE462/DIE415 pin PA15 -> PA15 (JTDI) is applicable
2019-07-01 18:46:14,526 [INFO] Rule:205 - rule Rename DIE462 pin PB3 -> PB3 (JTD0/TRACESWO) is applicable
2019-07-01 18:46:14,526 [INFO] Rule:205 - rule Rename DIE415 pin PB3 -> PB3 (JTD0-TRACESWO) is applicable
2019-07-01 18:46:14,526 [INFO] Rule:205 - rule Rename DIE462/DIE415 pin PB4 -> PB4 (NJTRST) is applicable
2019-07-01 18:46:14,526 [INFO] Rule:205 - rule Rename DIE462 pin PH3/BOOT0 -> PH3-BOOT0 (BOOT0) is applicable
2019-07-01 18:46:14,526 [INFO] Rule:205 - rule Rename CRYP DataEncryptionTypesList to Algorithm is applicable
2019-07-01 18:46:14,526 [INFO] Rule:205 - rule Rename AES DataEncryptionTypesList to Algorithm is applicable
2019-07-01 18:46:14,526 [INFO] Rule:205 - rule Rename TDESECB to CRYP_TDES_ECB is applicable
2019-07-01 18:46:14,526 [INFO] Rule:205 - rule Rename TDESCBC to CRYP_TDES_CBC is applicable
2019-07-01 18:46:14,527 [INFO] Rule:205 - rule Rename DESECB to CRYP_DES_ECB is applicable
2019-07-01 18:46:14,527 [INFO] Rule:205 - rule Rename DESCBC to CRYP_DES_CBC is applicable
2019-07-01 18:46:14,527 [INFO] Rule:205 - rule Rename AESECB to CRYP_AES_ECB is applicable
2019-07-01 18:46:14,527 [INFO] Rule:205 - rule Rename AESCBC to CRYP_AES_CBC is applicable
2019-07-01 18:46:14,527 [INFO] Rule:205 - rule Rename AESCTR to CRYP_AES_CTR is applicable
2019-07-01 18:46:14,527 [INFO] Rule:205 - rule Rename AESGCM to CRYP_AES_GCM is applicable
2019-07-01 18:46:14,527 [INFO] Rule:205 - rule Rename AESCCM to CRYP_AES_CCM is applicable
2019-07-01 18:46:14,528 [INFO] Rule:205 - rule Rename CAN TimeSeg1 to BS1 is applicable
2019-07-01 18:46:14,528 [INFO] Rule:205 - rule Rename CAN TimeSeg2 to BS2 is applicable
2019-07-01 18:46:14,528 [INFO] Rule:205 - rule Rename CAN SyncJumpWidth to SJW is applicable
2019-07-01 18:46:14,528 [INFO] Rule:205 - rule TimeTriggeredMode to TTCM is applicable
2019-07-01 18:46:14,528 [INFO] Rule:205 - rule Rename CAN AutoBusOff to ABOM is applicable
2019-07-01 18:46:14,528 [INFO] Rule:205 - rule Rename CAN AutoWakeUp to AWUM is applicable
2019-07-01 18:46:14,528 [INFO] Rule:205 - rule Rename CAN AutoRetransmission to NART is applicable
2019-07-01 18:46:14,528 [INFO] Rule:205 - rule Rename CAN ReceiveFifoLocked to RFLM is applicable
2019-07-01 18:46:14,529 [INFO] Rule:205 - rule Rename CAN TransmitFifoPriority to TXFP is applicable
2019-07-01 18:46:14,529 [INFO] Rule:205 - rule Rename HRTIMER HRTIM_OUTPUTFAULTLEVEL_HIGH in HRTIMER HRTIM_OUTPUTFAULTLEVEL_HIGHZ is applicable
2019-07-01 18:46:14,529 [INFO] Rule:205 - rule Rename TIMER TIM_CLEARINPUTSOURCE_OCREFCLR in  TIMER TIM_CLEARINPUTSOURCE_NONE for F7 family is applicable
2019-07-01 18:46:14,529 [INFO] Rule:205 - rule FDCAN_R1 - Rename FDCAN mode Master into Classic is applicable
2019-07-01 18:46:14,529 [INFO] Rule:205 - rule FDCAN_R2 - Rename FDCAN mode Slave into Classic is applicable
2019-07-01 18:46:14,529 [INFO] Rule:205 - rule FDCAN1_R3 - if PA10.Mode=FullDuplex, add Pin PA12 is applicable
2019-07-01 18:46:14,530 [INFO] Rule:205 - rule FDCAN1_R3 - if PA9.Mode=FullDuplex, add Pin PA11 is applicable
2019-07-01 18:46:14,530 [INFO] Rule:205 - rule FDCAN1_R3 - Alternatepin_1 - if PE1.Mode=FullDuplex, add Pin PB9 is applicable
2019-07-01 18:46:14,530 [INFO] Rule:205 - rule FDCAN1_R3 - Alternatepin_1 - if PE0.Mode=FullDuplex, add Pin PB8 is applicable
2019-07-01 18:46:14,530 [INFO] Rule:205 - rule FDCAN1_R3 - Alternatepin_2 - if PD5.Mode=FullDuplex, add Pin PD1 is applicable
2019-07-01 18:46:14,530 [INFO] Rule:205 - rule FDCAN1_R3 - Alternatepin_2 - if PD4.Mode=FullDuplex, add Pin PD0 is applicable
2019-07-01 18:46:14,530 [INFO] Rule:205 - rule FDCAN1_R4 - Rename Mode FullDuplex into Enable FDCAN_TXFD for pin PA10 is applicable
2019-07-01 18:46:14,530 [INFO] Rule:205 - rule FDCAN1_R4 - Rename Mode FullDuplex into Enable FDCAN_TXFD for pin PA9 is applicable
2019-07-01 18:46:14,531 [INFO] Rule:205 - rule FDCAN1_R4 - Alternatepin_1 - Rename Mode FullDuplex into Enable FDCAN_TXFD for pin PE1 is applicable
2019-07-01 18:46:14,531 [INFO] Rule:205 - rule FDCAN1_R4 - Alternatepin_1 - Rename Mode FullDuplex into Enable FDCAN_TXFD for pin PE0 is applicable
2019-07-01 18:46:14,531 [INFO] Rule:205 - rule FDCAN1_R4 - Alternatepin_2 - Rename Mode FullDuplex into Enable FDCAN_TXFD for pin PD5 is applicable
2019-07-01 18:46:14,531 [INFO] Rule:205 - rule FDCAN1_R4 - Alternatepin_2 - Rename Mode FullDuplex into Enable FDCAN_TXFD for pin PD4 is applicable
2019-07-01 18:46:14,531 [INFO] Rule:205 - rule FDCAN2_R3 - if PD10.Mode=FullDuplex, add Pin PB13 is applicable
2019-07-01 18:46:14,531 [INFO] Rule:205 - rule FDCAN2_R3 - if PD9.Mode=FullDuplex, add Pin PB12 is applicable
2019-07-01 18:46:14,531 [INFO] Rule:205 - rule FDCAN2_R3 - Alternatepin_1 - if PB7.Mode=FullDuplex, add Pin PB6 is applicable
2019-07-01 18:46:14,531 [INFO] Rule:205 - rule FDCAN2_R3 - Alternatepin_1 - if PD9.Mode=FullDuplex, add Pin PB12 is applicable
2019-07-01 18:46:14,532 [INFO] Rule:205 - rule FDCAN2_R4 - Rename Mode FullDuplex into Enable FDCAN_TXFD for pin PD10 is applicable
2019-07-01 18:46:14,532 [INFO] Rule:205 - rule FDCAN2_R4 - Rename Mode FullDuplex into Enable FDCAN_TXFD for pin PD9 is applicable
2019-07-01 18:46:14,533 [INFO] Rule:205 - rule FDCAN2_R4 - Alternatepin_1 - Rename Mode FullDuplex into Enable FDCAN_TXFD for pin PB7 is applicable
2019-07-01 18:46:14,533 [INFO] Rule:205 - rule FDCAN2_R4 - Alternatepin_1 - Rename Mode FullDuplex into Enable FDCAN_TXFD for pin PD6 is applicable
2019-07-01 18:46:14,533 [INFO] Rule:205 - rule USART TxPinLevelInvertParam Mode is applicable
2019-07-01 18:46:14,533 [INFO] Rule:205 - rule USART RxPinLevelInvertParam Mode is applicable
2019-07-01 18:46:14,533 [INFO] Rule:205 - rule USART DataInvertParam Mode is applicable
2019-07-01 18:46:14,534 [INFO] Rule:205 - rule USART SwapParam Mode is applicable
2019-07-01 18:46:14,534 [INFO] Rule:205 - rule USART OverrunDisableParam Mode is applicable
2019-07-01 18:46:14,534 [INFO] Rule:205 - rule USART DMADisableonRxErrorParam Mode is applicable
2019-07-01 18:46:14,534 [INFO] Rule:205 - rule USART MSBFirstParam Mode is applicable
2019-07-01 18:46:14,534 [INFO] Rule:205 - rule Update MwName for USB_DEVICE is applicable
2019-07-01 18:46:14,534 [INFO] Rule:205 - rule Change PWR_Regulator_Voltage_Scale Default Value for RCC  H7 family is applicable
2019-07-01 18:46:14,536 [INFO] Rule:205 - rule UART/USART IPParameter rename Prescaler parameter to ClockPrescaler is applicable
2019-07-01 18:46:14,536 [INFO] Rule:205 - rule UART/USART Prescaler rename Prescaler parameter to ClockPrescaler is applicable
2019-07-01 18:46:14,536 [INFO] Rule:205 - rule TIM1CLockSelection is applicable
2019-07-01 18:46:14,537 [INFO] Rule:205 - rule TIM15CLockSelection is applicable
2019-07-01 18:46:14,581 [INFO] DbConfProperties:222 - Apply Compatibility (28/76 Rules)
2019-07-01 18:46:14,682 [INFO] ImportTextPane:162 - (OptionalMessage_ERROR) Unable to find key (Mcu.ThirdPartyNb) in loaded IOC file
2019-07-01 18:46:15,048 [INFO] ImportTextPane:162 - (OptionalMessage_ERROR) IP (RCC) : Invalid parameter (48MHZClocksFreq_Value)
2019-07-01 18:46:15,049 [INFO] ImportTextPane:162 - (OptionalMessage_ERROR) IP (RCC) : Invalid parameter (ADC12outputFreq_Value)
2019-07-01 18:46:15,049 [INFO] ImportTextPane:162 - (OptionalMessage_ERROR) IP (RCC) : Invalid parameter (ADC34outputFreq_Value)
2019-07-01 18:46:15,050 [INFO] ImportTextPane:162 - (OptionalMessage_ERROR) IP (RCC) : Invalid parameter (FamilyName)
2019-07-01 18:46:15,050 [INFO] ImportTextPane:162 - (OptionalMessage_ERROR) IP (RCC) : Invalid parameter (I2SClocksFreq_Value)
2019-07-01 18:46:15,050 [INFO] ImportTextPane:162 - (OptionalMessage_ERROR) IP (RCC) : Invalid parameter (LCDTFToutputFreq_Value)
2019-07-01 18:46:15,051 [INFO] ImportTextPane:162 - (OptionalMessage_ERROR) IP (RCC) : Invalid parameter (MCOFreq_Value)
2019-07-01 18:46:15,053 [INFO] ImportTextPane:162 - (OptionalMessage_ERROR) IP (RCC) : Invalid parameter (PLLMCOFreq_Value)
2019-07-01 18:46:15,053 [INFO] ImportTextPane:162 - (OptionalMessage_ERROR) IP (RCC) : Invalid parameter (PLLMUL)
2019-07-01 18:46:15,054 [INFO] ImportTextPane:162 - (OptionalMessage_ERROR) IP (RCC) : Invalid parameter (PRESCALERUSB)
2019-07-01 18:46:15,054 [INFO] ImportTextPane:162 - (OptionalMessage_ERROR) IP (RCC) : Invalid parameter (RTCHSEDivFreq_Value)
2019-07-01 18:46:15,055 [INFO] ImportTextPane:162 - (OptionalMessage_ERROR) IP (RCC) : Parameter (SDMMC2Freq_Value) has invalid value (96000000)
2019-07-01 18:46:15,055 [INFO] ImportTextPane:162 - (OptionalMessage_ERROR) IP (RCC) : Parameter (SDMMCFreq_Value) has invalid value (96000000)
2019-07-01 18:46:15,055 [INFO] ImportTextPane:162 - (OptionalMessage_ERROR) IP (RCC) : Invalid parameter (SYSCLKSourceVirtual)
2019-07-01 18:46:15,055 [INFO] ImportTextPane:162 - (OptionalMessage_ERROR) IP (RCC) : Invalid parameter (TIM15Freq_Value)
2019-07-01 18:46:15,055 [INFO] ImportTextPane:162 - (OptionalMessage_ERROR) IP (RCC) : Invalid parameter (TIM16Freq_Value)
2019-07-01 18:46:15,056 [INFO] ImportTextPane:162 - (OptionalMessage_ERROR) IP (RCC) : Invalid parameter (TIM17Freq_Value)
2019-07-01 18:46:15,056 [INFO] ImportTextPane:162 - (OptionalMessage_ERROR) IP (RCC) : Invalid parameter (TIM1Freq_Value)
2019-07-01 18:46:15,056 [INFO] ImportTextPane:162 - (OptionalMessage_ERROR) IP (RCC) : Invalid parameter (TIM20Freq_Value)
2019-07-01 18:46:15,056 [INFO] ImportTextPane:162 - (OptionalMessage_ERROR) IP (RCC) : Invalid parameter (TIM2Freq_Value)
2019-07-01 18:46:15,056 [INFO] ImportTextPane:162 - (OptionalMessage_ERROR) IP (RCC) : Invalid parameter (TIM3Freq_Value)
2019-07-01 18:46:15,056 [INFO] ImportTextPane:162 - (OptionalMessage_ERROR) IP (RCC) : Invalid parameter (TIM8Freq_Value)
2019-07-01 18:46:15,059 [INFO] ImportTextPane:162 - (OptionalMessage_ERROR) IP (RCC) : Invalid parameter (VCOOutput2Freq_Value)
2019-07-01 18:46:15,059 [INFO] ImportTextPane:162 - (OptionalMessage_ERROR) IP (RCC) : Invalid parameter (VcooutputI2S)
2019-07-01 18:46:19,607 [INFO] UtilMem:74 - End LoadConfig() Used Memory: 421242368 Bytes (609222656)
2019-07-01 18:46:19,848 [INFO] ThirdPartyDb:293 - Open Third Party DataBase File (C:/Users/erhan/.stm32cubemx/plugins/thirdparty/db/thirdparties_db.xml) : 10 ms. number of Sw pack : 14
2019-07-01 18:46:20,927 [INFO] ThirdParty:1207 - CMSIS Pack Vendor :STMicroelectronics X-CUBE-BLE1 1.1.0
2019-07-01 18:46:20,927 [INFO] ThirdParty:1207 - CMSIS Pack Vendor :STMicroelectronics X-CUBE-MEMS1 5.1.0
2019-07-01 18:46:20,927 [INFO] ThirdParty:1207 - CMSIS Pack Vendor :STMicroelectronics X-CUBE-MEMS1 5.2.1
2019-07-01 18:46:20,927 [INFO] ThirdParty:1207 - CMSIS Pack Vendor :STMicroelectronics X-CUBE-BLE1 4.2.0
2019-07-01 18:46:20,932 [INFO] ThirdParty:1207 - CMSIS Pack Vendor :STMicroelectronics X-CUBE-AI 3.3.0
2019-07-01 18:46:20,932 [INFO] ThirdParty:1207 - CMSIS Pack Vendor :STMicroelectronics X-CUBE-BLE1 4.3.0
2019-07-01 18:46:20,932 [INFO] ThirdParty:1207 - CMSIS Pack Vendor :STMicroelectronics X-CUBE-MEMS1 6.0.1
2019-07-01 18:46:20,932 [INFO] ThirdParty:1207 - CMSIS Pack Vendor :STMicroelectronics X-CUBE-NFC4 1.3.0
2019-07-01 18:46:20,932 [INFO] ThirdParty:1207 - CMSIS Pack Vendor :STMicroelectronics X-CUBE-AI 3.4.0
2019-07-01 18:46:20,932 [INFO] ThirdParty:1207 - CMSIS Pack Vendor :STMicroelectronics X-CUBE-BLE1 4.4.0
2019-07-01 18:46:20,933 [INFO] ThirdParty:1207 - CMSIS Pack Vendor :STMicroelectronics X-CUBE-MEMS1 6.1.0
2019-07-01 18:46:20,933 [INFO] ThirdParty:1207 - CMSIS Pack Vendor :STMicroelectronics X-CUBE-NFC4 1.4.0
2019-07-01 18:46:20,933 [INFO] ThirdParty:1207 - CMSIS Pack Vendor :STMicroelectronics X-CUBE-GNSS1 3.0.0
2019-07-01 18:46:20,933 [INFO] ThirdParty:1207 - CMSIS Pack Vendor :STMicroelectronics X-CUBE-MEMS1 6.2.0
2019-07-01 18:46:22,289 [INFO] PinOutPanel:1361 - setPackage(No Configuration,No Configuration)
2019-07-01 18:46:22,291 [INFO] PinOutPanel:1361 - setPackage(STM32F767ZITx,LQFP144)
2019-07-01 18:46:25,250 [INFO] UtilMem:74 - Before build in PCC Used Memory: 384501520 Bytes (609222656)
2019-07-01 18:46:26,458 [INFO] SharedServices:71 - Folder for power plug-in: C:/Users/erhan/.stm32cubemx/plugins/power
2019-07-01 18:46:26,488 [INFO] UtilMem:74 - After build in PCC Used Memory: 397608728 Bytes (609222656)
2019-07-01 18:46:26,646 [INFO] LogOutputStream:68 - [STDOUT_REDIRECT] toolchainItems.length=====1
2019-07-01 18:46:26,958 [INFO] OpenFileManager:289 - Restore cursor
2019-07-01 18:46:31,185 [INFO] UtilMem:74 - End SaveConfig() Used Memory: 500757264 Bytes (609222656)
2019-07-01 18:46:31,289 [INFO] UtilMem:74 - End SaveConfig() Used Memory: 505473816 Bytes (609222656)
2019-07-01 18:46:33,517 [INFO] BlockDiagram:1879 - set Specific Code input for plugin: SYS
2019-07-01 18:46:33,518 [INFO] BlockDiagram:1879 - set Specific Code input for plugin: RCC
2019-07-01 18:46:33,518 [INFO] BlockDiagram:1879 - set Specific Code input for plugin: USB_OTG_FS
2019-07-01 18:46:33,518 [INFO] BlockDiagram:1879 - set Specific Code input for plugin: NVIC
2019-07-01 18:46:33,518 [INFO] BlockDiagram:1879 - set Specific Code input for plugin: USART
2019-07-01 18:46:33,518 [INFO] BlockDiagram:1879 - set Specific Code input for plugin: CORTEX_M7
2019-07-01 18:46:33,518 [INFO] BlockDiagram:1879 - set Specific Code input for plugin: ETH
2019-07-01 18:46:33,523 [INFO] CodeGenerator:572 - code generatio: config db path: C:\ST\STM32CubeIDE_1.0.1\STM32CubeIDE\plugins\com.st.stm32cube.common.mx_1.0.0.201906050926\\db\
2019-07-01 18:46:35,065 [INFO] CodeEngine:190 - oldGeneratedFile, C:\Users\erhan\github\mcu\stm32f7_hal\SPIWriteData\SPIWriteData_\MXTmpFiles\license.tmp_save
2019-07-01 18:46:36,443 [INFO] CodeEngine:208 - Generated code: C:\Users\erhan\github\mcu\stm32f7_hal\SPIWriteData\SPIWriteData_\MXTmpFiles\license.tmp
2019-07-01 18:46:37,376 [INFO] CodeEngine:190 - oldGeneratedFile, C:\Users\erhan\github\mcu\stm32f7_hal\SPIWriteData\SPIWriteData_\MXTmpFiles\gpio.tmp_save
2019-07-01 18:46:38,318 [INFO] CodeEngine:208 - Generated code: C:\Users\erhan\github\mcu\stm32f7_hal\SPIWriteData\SPIWriteData_\MXTmpFiles\gpio.tmp
2019-07-01 18:46:42,363 [INFO] LogOutputStream:68 - [STDOUT_REDIRECT] Command line
2019-07-01 18:46:42,365 [INFO] LogOutputStream:68 - [STDOUT_REDIRECT] Debug : prepare data for CORTEX_M7
2019-07-01 18:46:42,366 [INFO] LogOutputStream:68 - [STDOUT_REDIRECT] Command line test
2019-07-01 18:46:42,423 [INFO] CodeEngine:190 - oldGeneratedFile, C:\Users\erhan\github\mcu\stm32f7_hal\SPIWriteData\SPIWriteData_\MXTmpFiles\cortex.tmp_save
2019-07-01 18:46:43,690 [INFO] CodeEngine:208 - Generated code: C:\Users\erhan\github\mcu\stm32f7_hal\SPIWriteData\SPIWriteData_\MXTmpFiles\cortex.tmp
2019-07-01 18:46:43,692 [INFO] LogOutputStream:68 - [STDOUT_REDIRECT] Command line
2019-07-01 18:46:43,693 [INFO] LogOutputStream:68 - [STDOUT_REDIRECT] Debug : prepare data for ETH
2019-07-01 18:46:43,694 [INFO] LogOutputStream:68 - [STDOUT_REDIRECT] Command line test
2019-07-01 18:46:43,696 [INFO] LogOutputStream:68 - [STDOUT_REDIRECT] Command line
2019-07-01 18:46:43,697 [INFO] LogOutputStream:68 - [STDOUT_REDIRECT] Debug : prepare data for SYS
2019-07-01 18:46:43,698 [INFO] LogOutputStream:68 - [STDOUT_REDIRECT] Command line test
2019-07-01 18:46:43,700 [INFO] LogOutputStream:68 - [STDOUT_REDIRECT] Command line
2019-07-01 18:46:43,703 [INFO] LogOutputStream:68 - [STDOUT_REDIRECT] Debug : prepare data for USART
2019-07-01 18:46:43,704 [INFO] LogOutputStream:68 - [STDOUT_REDIRECT] Command line test
2019-07-01 18:46:43,706 [INFO] LogOutputStream:68 - [STDOUT_REDIRECT] Command line
2019-07-01 18:46:43,708 [INFO] LogOutputStream:68 - [STDOUT_REDIRECT] Debug : prepare data for USB_OTG
2019-07-01 18:46:43,709 [INFO] LogOutputStream:68 - [STDOUT_REDIRECT] Command line test
2019-07-01 18:46:43,711 [INFO] LogOutputStream:68 - [STDOUT_REDIRECT] Debug : prepare data for NVIC
2019-07-01 18:46:43,713 [INFO] LogOutputStream:68 - [STDOUT_REDIRECT] Command line test
2019-07-01 18:46:43,960 [INFO] CodeEngine:190 - oldGeneratedFile, C:\Users\erhan\github\mcu\stm32f7_hal\SPIWriteData\SPIWriteData_\Src\stm32f7xx_it.c_save
2019-07-01 18:46:44,593 [INFO] CodeEngine:208 - Generated code: C:\Users\erhan\github\mcu\stm32f7_hal\SPIWriteData\SPIWriteData_\Src\stm32f7xx_it.c
2019-07-01 18:46:44,659 [INFO] CodeEngine:190 - oldGeneratedFile, C:\Users\erhan\github\mcu\stm32f7_hal\SPIWriteData\SPIWriteData_\Inc\stm32f7xx_it.h_save
2019-07-01 18:46:45,105 [INFO] CodeEngine:208 - Generated code: C:\Users\erhan\github\mcu\stm32f7_hal\SPIWriteData\SPIWriteData_\Inc\stm32f7xx_it.h
2019-07-01 18:46:45,204 [INFO] CodeEngine:190 - oldGeneratedFile, C:\Users\erhan\github\mcu\stm32f7_hal\SPIWriteData\SPIWriteData_\Src\stm32f7xx_hal_msp.c_save
2019-07-01 18:46:45,737 [INFO] CodeEngine:208 - Generated code: C:\Users\erhan\github\mcu\stm32f7_hal\SPIWriteData\SPIWriteData_\Src\stm32f7xx_hal_msp.c
2019-07-01 18:46:45,905 [INFO] CodeEngine:190 - oldGeneratedFile, C:\Users\erhan\github\mcu\stm32f7_hal\SPIWriteData\SPIWriteData_\MXTmpFiles\system.tmp_save
2019-07-01 18:46:46,415 [INFO] CodeEngine:208 - Generated code: C:\Users\erhan\github\mcu\stm32f7_hal\SPIWriteData\SPIWriteData_\MXTmpFiles\system.tmp
2019-07-01 18:46:46,555 [INFO] CodeEngine:190 - oldGeneratedFile, C:\Users\erhan\github\mcu\stm32f7_hal\SPIWriteData\SPIWriteData_\Inc\stm32f7xx_hal_conf.h_save
2019-07-01 18:46:46,799 [INFO] CodeEngine:208 - Generated code: C:\Users\erhan\github\mcu\stm32f7_hal\SPIWriteData\SPIWriteData_\Inc\stm32f7xx_hal_conf.h
2019-07-01 18:46:46,896 [WARN] IPConfigManager:2556 - IP not found : USB_OTG
2019-07-01 18:46:46,896 [WARN] IPConfigManager:2556 - IP not found : gpio
2019-07-01 18:46:46,897 [WARN] CodeGenerator:2532 - IP not found : USB_OTG
2019-07-01 18:46:46,898 [WARN] CodeGenerator:2532 - IP not found : gpio
2019-07-01 18:46:47,029 [INFO] CodeEngine:190 - oldGeneratedFile, C:\Users\erhan\github\mcu\stm32f7_hal\SPIWriteData\SPIWriteData_\Inc\main.h_save
2019-07-01 18:46:47,898 [INFO] CodeEngine:208 - Generated code: C:\Users\erhan\github\mcu\stm32f7_hal\SPIWriteData\SPIWriteData_\Inc\main.h
2019-07-01 18:46:48,056 [INFO] CodeEngine:190 - oldGeneratedFile, C:\Users\erhan\github\mcu\stm32f7_hal\SPIWriteData\SPIWriteData_\Src\main.c_save
2019-07-01 18:46:48,502 [INFO] CodeEngine:208 - Generated code: C:\Users\erhan\github\mcu\stm32f7_hal\SPIWriteData\SPIWriteData_\Src\main.c
2019-07-01 18:46:56,304 [INFO] ProjectBuilder:1500 - Time for Copy HAL[1] : 6876mS.
2019-07-01 18:46:56,315 [INFO] ProjectBuilder:2068 - Project Generator version: 3.3.0
2019-07-01 18:46:57,753 [INFO] ConfigFileManager:883 - The Die is : DIE451
2019-07-01 18:46:57,761 [INFO] LogOutputStream:68 - [STDOUT_REDIRECT] configName ==Arm Cortex-M7
2019-07-01 18:46:58,252 [INFO] LogOutputStream:68 - [STDOUT_REDIRECT] memory ==name="RAM" access="xrw" start="0x20000000" size="512"
2019-07-01 18:46:58,255 [INFO] LogOutputStream:68 - [STDOUT_REDIRECT] memory ==name="FLASH" access="rx" start="0x8000000" size="2048"
2019-07-01 18:46:58,627 [INFO] LogOutputStream:68 - [STDOUT_REDIRECT] namefile= STM32CubeIDE
2019-07-01 18:46:58,629 [INFO] LogOutputStream:68 - [STDOUT_REDIRECT] method name===============generate
2019-07-01 18:47:20,646 [INFO] ProjectBuilder:2161 - Time for Generating toolchain IDE Files: 24332mS.
2019-07-01 18:47:20,647 [INFO] ProjectBuilder:1391 - Time for Copy CMSIS : 1mS.
2019-07-01 18:47:20,649 [INFO] ProjectBuilder:1391 - Time for Copy CMSIS : 0mS.
2019-07-01 18:48:09,356 [INFO] NvicIntPanel:85 - NVIC parent = javax.swing.JTabbedPane[,0,43,351x337,layout=com.st.microxplorer.stobjectsui.STTabbedPaneUI$TabbedPaneLayout,alignmentX=0.0,alignmentY=0.0,border=,flags=352,maximumSize=,minimumSize=,preferredSize=,haveRegistered=false,tabPlacement=TOP]
2019-07-01 18:48:27,218 [INFO] UtilMem:74 - End SaveConfig() Used Memory: 423116112 Bytes (609222656)
2019-07-01 18:48:29,159 [INFO] UtilMem:74 - End SaveConfig() Used Memory: 431501720 Bytes (609222656)
2019-07-01 18:48:29,979 [INFO] BlockDiagram:1879 - set Specific Code input for plugin: SPI
2019-07-01 18:48:29,979 [INFO] BlockDiagram:1879 - set Specific Code input for plugin: SYS
2019-07-01 18:48:29,979 [INFO] BlockDiagram:1879 - set Specific Code input for plugin: RCC
2019-07-01 18:48:29,979 [INFO] BlockDiagram:1879 - set Specific Code input for plugin: USB_OTG_FS
2019-07-01 18:48:29,979 [INFO] BlockDiagram:1879 - set Specific Code input for plugin: NVIC
2019-07-01 18:48:29,980 [INFO] BlockDiagram:1879 - set Specific Code input for plugin: USART
2019-07-01 18:48:29,980 [INFO] BlockDiagram:1879 - set Specific Code input for plugin: CORTEX_M7
2019-07-01 18:48:29,980 [INFO] BlockDiagram:1879 - set Specific Code input for plugin: ETH
2019-07-01 18:48:29,981 [INFO] CodeGenerator:572 - code generatio: config db path: C:\ST\STM32CubeIDE_1.0.1\STM32CubeIDE\plugins\com.st.stm32cube.common.mx_1.0.0.201906050926\\db\
2019-07-01 18:48:30,823 [INFO] CodeEngine:190 - oldGeneratedFile, C:\Users\erhan\github\mcu\stm32f7_hal\SPIWriteData\SPIWriteData_\MXTmpFiles\license.tmp_save
2019-07-01 18:48:31,103 [INFO] CodeEngine:208 - Generated code: C:\Users\erhan\github\mcu\stm32f7_hal\SPIWriteData\SPIWriteData_\MXTmpFiles\license.tmp
2019-07-01 18:48:31,528 [INFO] CodeEngine:190 - oldGeneratedFile, C:\Users\erhan\github\mcu\stm32f7_hal\SPIWriteData\SPIWriteData_\MXTmpFiles\gpio.tmp_save
2019-07-01 18:48:32,102 [INFO] CodeEngine:208 - Generated code: C:\Users\erhan\github\mcu\stm32f7_hal\SPIWriteData\SPIWriteData_\MXTmpFiles\gpio.tmp
2019-07-01 18:48:33,714 [INFO] LogOutputStream:68 - [STDOUT_REDIRECT] Command line
2019-07-01 18:48:33,716 [INFO] LogOutputStream:68 - [STDOUT_REDIRECT] Debug : prepare data for CORTEX_M7
2019-07-01 18:48:33,717 [INFO] LogOutputStream:68 - [STDOUT_REDIRECT] Command line test
2019-07-01 18:48:33,862 [INFO] CodeEngine:190 - oldGeneratedFile, C:\Users\erhan\github\mcu\stm32f7_hal\SPIWriteData\SPIWriteData_\MXTmpFiles\cortex.tmp_save
2019-07-01 18:48:34,039 [INFO] CodeEngine:208 - Generated code: C:\Users\erhan\github\mcu\stm32f7_hal\SPIWriteData\SPIWriteData_\MXTmpFiles\cortex.tmp
2019-07-01 18:48:34,041 [INFO] LogOutputStream:68 - [STDOUT_REDIRECT] Command line
2019-07-01 18:48:34,043 [INFO] LogOutputStream:68 - [STDOUT_REDIRECT] Debug : prepare data for ETH
2019-07-01 18:48:34,044 [INFO] LogOutputStream:68 - [STDOUT_REDIRECT] Command line test
2019-07-01 18:48:34,045 [INFO] LogOutputStream:68 - [STDOUT_REDIRECT] Command line
2019-07-01 18:48:34,047 [INFO] LogOutputStream:68 - [STDOUT_REDIRECT] Debug : prepare data for SPI
2019-07-01 18:48:34,048 [INFO] LogOutputStream:68 - [STDOUT_REDIRECT] Command line test
2019-07-01 18:48:34,050 [INFO] LogOutputStream:68 - [STDOUT_REDIRECT] Command line
2019-07-01 18:48:34,052 [INFO] LogOutputStream:68 - [STDOUT_REDIRECT] Debug : prepare data for SYS
2019-07-01 18:48:34,052 [INFO] LogOutputStream:68 - [STDOUT_REDIRECT] Command line test
2019-07-01 18:48:34,054 [INFO] LogOutputStream:68 - [STDOUT_REDIRECT] Command line
2019-07-01 18:48:34,056 [INFO] LogOutputStream:68 - [STDOUT_REDIRECT] Debug : prepare data for USART
2019-07-01 18:48:34,056 [INFO] LogOutputStream:68 - [STDOUT_REDIRECT] Command line test
2019-07-01 18:48:34,083 [INFO] LogOutputStream:68 - [STDOUT_REDIRECT] Command line
2019-07-01 18:48:34,085 [INFO] LogOutputStream:68 - [STDOUT_REDIRECT] Debug : prepare data for USB_OTG
2019-07-01 18:48:34,086 [INFO] LogOutputStream:68 - [STDOUT_REDIRECT] Command line test
2019-07-01 18:48:34,089 [INFO] LogOutputStream:68 - [STDOUT_REDIRECT] Debug : prepare data for NVIC
2019-07-01 18:48:34,090 [INFO] LogOutputStream:68 - [STDOUT_REDIRECT] Command line test
2019-07-01 18:48:34,206 [INFO] CodeEngine:190 - oldGeneratedFile, C:\Users\erhan\github\mcu\stm32f7_hal\SPIWriteData\SPIWriteData_\Src\stm32f7xx_it.c_save
2019-07-01 18:48:34,503 [INFO] CodeEngine:208 - Generated code: C:\Users\erhan\github\mcu\stm32f7_hal\SPIWriteData\SPIWriteData_\Src\stm32f7xx_it.c
2019-07-01 18:48:34,560 [INFO] CodeEngine:190 - oldGeneratedFile, C:\Users\erhan\github\mcu\stm32f7_hal\SPIWriteData\SPIWriteData_\Inc\stm32f7xx_it.h_save
2019-07-01 18:48:34,742 [INFO] CodeEngine:208 - Generated code: C:\Users\erhan\github\mcu\stm32f7_hal\SPIWriteData\SPIWriteData_\Inc\stm32f7xx_it.h
2019-07-01 18:48:34,809 [INFO] CodeEngine:190 - oldGeneratedFile, C:\Users\erhan\github\mcu\stm32f7_hal\SPIWriteData\SPIWriteData_\Src\stm32f7xx_hal_msp.c_save
2019-07-01 18:48:35,108 [INFO] CodeEngine:208 - Generated code: C:\Users\erhan\github\mcu\stm32f7_hal\SPIWriteData\SPIWriteData_\Src\stm32f7xx_hal_msp.c
2019-07-01 18:48:35,158 [INFO] CodeEngine:190 - oldGeneratedFile, C:\Users\erhan\github\mcu\stm32f7_hal\SPIWriteData\SPIWriteData_\MXTmpFiles\system.tmp_save
2019-07-01 18:48:35,263 [INFO] CodeEngine:208 - Generated code: C:\Users\erhan\github\mcu\stm32f7_hal\SPIWriteData\SPIWriteData_\MXTmpFiles\system.tmp
2019-07-01 18:48:35,341 [INFO] CodeEngine:190 - oldGeneratedFile, C:\Users\erhan\github\mcu\stm32f7_hal\SPIWriteData\SPIWriteData_\Inc\stm32f7xx_hal_conf.h_save
2019-07-01 18:48:35,588 [INFO] CodeEngine:208 - Generated code: C:\Users\erhan\github\mcu\stm32f7_hal\SPIWriteData\SPIWriteData_\Inc\stm32f7xx_hal_conf.h
2019-07-01 18:48:35,617 [WARN] IPConfigManager:2556 - IP not found : USB_OTG
2019-07-01 18:48:35,617 [WARN] IPConfigManager:2556 - IP not found : gpio
2019-07-01 18:48:35,618 [WARN] CodeGenerator:2532 - IP not found : USB_OTG
2019-07-01 18:48:35,619 [WARN] CodeGenerator:2532 - IP not found : gpio
2019-07-01 18:48:35,741 [INFO] CodeEngine:190 - oldGeneratedFile, C:\Users\erhan\github\mcu\stm32f7_hal\SPIWriteData\SPIWriteData_\Inc\main.h_save
2019-07-01 18:48:35,883 [INFO] CodeEngine:208 - Generated code: C:\Users\erhan\github\mcu\stm32f7_hal\SPIWriteData\SPIWriteData_\Inc\main.h
2019-07-01 18:48:35,955 [INFO] CodeEngine:190 - oldGeneratedFile, C:\Users\erhan\github\mcu\stm32f7_hal\SPIWriteData\SPIWriteData_\Src\main.c_save
2019-07-01 18:48:36,483 [INFO] CodeEngine:208 - Generated code: C:\Users\erhan\github\mcu\stm32f7_hal\SPIWriteData\SPIWriteData_\Src\main.c
2019-07-01 18:48:39,752 [INFO] ProjectBuilder:1500 - Time for Copy HAL[1] : 2411mS.
2019-07-01 18:48:39,754 [INFO] ProjectBuilder:2068 - Project Generator version: 3.3.0
2019-07-01 18:48:40,990 [INFO] ConfigFileManager:883 - The Die is : DIE451
2019-07-01 18:48:40,998 [INFO] LogOutputStream:68 - [STDOUT_REDIRECT] configName ==Arm Cortex-M7
2019-07-01 18:48:41,301 [INFO] LogOutputStream:68 - [STDOUT_REDIRECT] memory ==name="RAM" access="xrw" start="0x20000000" size="512"
2019-07-01 18:48:41,303 [INFO] LogOutputStream:68 - [STDOUT_REDIRECT] memory ==name="FLASH" access="rx" start="0x8000000" size="2048"
2019-07-01 18:48:41,864 [INFO] LogOutputStream:68 - [STDOUT_REDIRECT] namefile= STM32CubeIDE
2019-07-01 18:48:41,866 [INFO] LogOutputStream:68 - [STDOUT_REDIRECT] method name===============update
2019-07-01 18:48:45,607 [INFO] ProjectBuilder:2161 - Time for Generating toolchain IDE Files: 5853mS.
2019-07-01 18:48:45,615 [INFO] ProjectBuilder:1391 - Time for Copy CMSIS : 6mS.
2019-07-01 18:48:45,618 [INFO] ProjectBuilder:1391 - Time for Copy CMSIS : 0mS.
2019-07-01 19:25:57,874 [INFO] Activator:176 - 


2019-07-01 19:25:57,879 [INFO] Activator:177 - !SESSION log4j initialized
2019-07-01 20:02:11,862 [INFO] Activator:176 - 


2019-07-01 20:02:11,878 [INFO] Activator:177 - !SESSION log4j initialized
